# JRE version: Java(TM) SE Runtime Environment (8.0_181-b13) (build 1.8.0_181-b13)
# Java VM: Java HotSpot(TM) Client VM (25.181-b13 mixed mode, sharing windows-x86 )
Heap:
 def new generation   total 8320K, used 2439K [0x03c00000, 0x04500000, 0x09150000)
  eden space 7424K,  22% used [0x03c00000, 0x03da4878, 0x04340000)
  from space 896K,  84% used [0x04420000, 0x044dd568, 0x04500000)
  to   space 896K,   0% used [0x04340000, 0x04340000, 0x04420000)
 tenured generation   total 18328K, used 10995K [0x09150000, 0x0a336000, 0x13c00000)
   the space 18328K,  59% used [0x09150000, 0x09c0cea0, 0x09c0d000, 0x0a336000)
 Metaspace       used 4003K, capacity 4208K, committed 4288K, reserved 4480K
GC Heap History (10 events):
Event: 8.329 GC heap before
{Heap before GC invocations=7 (full 0):
 def new generation   total 4928K, used 4928K [0x03c00000, 0x04150000, 0x09150000)
  eden space 4416K, 100% used [0x03c00000, 0x04050000, 0x04050000)
  from space 512K, 100% used [0x040d0000, 0x04150000, 0x04150000)
  to   space 512K,   0% used [0x04050000, 0x04050000, 0x040d0000)
 tenured generation   total 10944K, used 8452K [0x09150000, 0x09c00000, 0x13c00000)
   the space 10944K,  77% used [0x09150000, 0x099913f8, 0x09991400, 0x09c00000)
 Metaspace       used 2700K, capacity 3314K, committed 3392K, reserved 4480K
Event: 8.338 GC heap after
Heap after GC invocations=8 (full 0):
 def new generation   total 4928K, used 512K [0x03c00000, 0x04150000, 0x09150000)
  eden space 4416K,   0% used [0x03c00000, 0x03c00000, 0x04050000)
  from space 512K, 100% used [0x04050000, 0x040d0000, 0x040d0000)
  to   space 512K,   0% used [0x040d0000, 0x040d0000, 0x04150000)
 tenured generation   total 10944K, used 9567K [0x09150000, 0x09c00000, 0x13c00000)
   the space 10944K,  87% used [0x09150000, 0x09aa7f28, 0x09aa8000, 0x09c00000)
 Metaspace       used 2700K, capacity 3314K, committed 3392K, reserved 4480K
}
Event: 8.507 GC heap before
{Heap before GC invocations=8 (full 0):
 def new generation   total 4928K, used 4928K [0x03c00000, 0x04150000, 0x09150000)
  eden space 4416K, 100% used [0x03c00000, 0x04050000, 0x04050000)
  from space 512K, 100% used [0x04050000, 0x040d0000, 0x040d0000)
  to   space 512K,   0% used [0x040d0000, 0x040d0000, 0x04150000)
 tenured generation   total 10944K, used 9567K [0x09150000, 0x09c00000, 0x13c00000)
   the space 10944K,  87% used [0x09150000, 0x09aa7f28, 0x09aa8000, 0x09c00000)
 Metaspace       used 3352K, capacity 3770K, committed 3776K, reserved 4480K
Event: 8.514 GC heap after
Heap after GC invocations=9 (full 0):
 def new generation   total 4928K, used 512K [0x03c00000, 0x04150000, 0x09150000)
  eden space 4416K,   0% used [0x03c00000, 0x03c00000, 0x04050000)
  from space 512K, 100% used [0x040d0000, 0x04150000, 0x04150000)
  to   space 512K,   0% used [0x04050000, 0x04050000, 0x040d0000)
 tenured generation   total 10944K, used 10368K [0x09150000, 0x09c00000, 0x13c00000)
   the space 10944K,  94% used [0x09150000, 0x09b70118, 0x09b70200, 0x09c00000)
 Metaspace       used 3352K, capacity 3770K, committed 3776K, reserved 4480K
}
Event: 92.385 GC heap before
{Heap before GC invocations=9 (full 0):
 def new generation   total 4928K, used 4928K [0x03c00000, 0x04150000, 0x09150000)
  eden space 4416K, 100% used [0x03c00000, 0x04050000, 0x04050000)
  from space 512K, 100% used [0x040d0000, 0x04150000, 0x04150000)
  to   space 512K,   0% used [0x04050000, 0x04050000, 0x040d0000)
 tenured generation   total 10944K, used 10368K [0x09150000, 0x09c00000, 0x13c00000)
   the space 10944K,  94% used [0x09150000, 0x09b70118, 0x09b70200, 0x09c00000)
 Metaspace       used 3975K, capacity 4216K, committed 4288K, reserved 4480K
Event: 92.394 GC heap after
Heap after GC invocations=10 (full 0):
 def new generation   total 4928K, used 512K [0x03c00000, 0x04150000, 0x09150000)
  eden space 4416K,   0% used [0x03c00000, 0x03c00000, 0x04050000)
  from space 512K, 100% used [0x04050000, 0x040d0000, 0x040d0000)
  to   space 512K,   0% used [0x040d0000, 0x040d0000, 0x04150000)
 tenured generation   total 10944K, used 10845K [0x09150000, 0x09c00000, 0x13c00000)
   the space 10944K,  99% used [0x09150000, 0x09be7750, 0x09be7800, 0x09c00000)
 Metaspace       used 3975K, capacity 4216K, committed 4288K, reserved 4480K
}
Event: 92.465 GC heap before
{Heap before GC invocations=10 (full 0):
 def new generation   total 4928K, used 4928K [0x03c00000, 0x04150000, 0x09150000)
  eden space 4416K, 100% used [0x03c00000, 0x04050000, 0x04050000)
  from space 512K, 100% used [0x04050000, 0x040d0000, 0x040d0000)
  to   space 512K,   0% used [0x040d0000, 0x040d0000, 0x04150000)
 tenured generation   total 10944K, used 10845K [0x09150000, 0x09c00000, 0x13c00000)
   the space 10944K,  99% used [0x09150000, 0x09be7750, 0x09be7800, 0x09c00000)
 Metaspace       used 3975K, capacity 4216K, committed 4288K, reserved 4480K
Event: 92.507 GC heap after
Heap after GC invocations=11 (full 1):
 def new generation   total 8320K, used 0K [0x03c00000, 0x04500000, 0x09150000)
  eden space 7424K,   0% used [0x03c00000, 0x03c00000, 0x04340000)
  from space 896K,   0% used [0x04340000, 0x04340000, 0x04420000)
  to   space 896K,   0% used [0x04420000, 0x04420000, 0x04500000)
 tenured generation   total 18328K, used 10995K [0x09150000, 0x0a336000, 0x13c00000)
   the space 18328K,  59% used [0x09150000, 0x09c0cea0, 0x09c0d000, 0x0a336000)
 Metaspace       used 3951K, capacity 4176K, committed 4288K, reserved 4480K
}
Event: 99.143 GC heap before
{Heap before GC invocations=11 (full 1):
 def new generation   total 8320K, used 7424K [0x03c00000, 0x04500000, 0x09150000)
  eden space 7424K, 100% used [0x03c00000, 0x04340000, 0x04340000)
  from space 896K,   0% used [0x04340000, 0x04340000, 0x04420000)
  to   space 896K,   0% used [0x04420000, 0x04420000, 0x04500000)
 tenured generation   total 18328K, used 10995K [0x09150000, 0x0a336000, 0x13c00000)
   the space 18328K,  59% used [0x09150000, 0x09c0cea0, 0x09c0d000, 0x0a336000)
 Metaspace       used 3978K, capacity 4208K, committed 4288K, reserved 4480K
Event: 99.159 GC heap after
Heap after GC invocations=12 (full 1):
 def new generation   total 8320K, used 757K [0x03c00000, 0x04500000, 0x09150000)
  eden space 7424K,   0% used [0x03c00000, 0x03c00000, 0x04340000)
  from space 896K,  84% used [0x04420000, 0x044dd568, 0x04500000)
  to   space 896K,   0% used [0x04340000, 0x04340000, 0x04420000)
 tenured generation   total 18328K, used 10995K [0x09150000, 0x0a336000, 0x13c00000)
   the space 18328K,  59% used [0x09150000, 0x09c0cea0, 0x09c0d000, 0x0a336000)
 Metaspace       used 3978K, capacity 4208K, committed 4288K, reserved 4480K
}

