# JRE version: Java(TM) SE Runtime Environment (8.0_181-b13) (build 1.8.0_181-b13)
# Java VM: Java HotSpot(TM) Client VM (25.181-b13 mixed mode, sharing windows-x86 )
Heap:
 def new generation   total 8192K, used 2312K [0x03e00000, 0x046e0000, 0x09350000)
  eden space 7296K,  31% used [0x03e00000, 0x040421a8, 0x04520000)
  from space 896K,   0% used [0x04520000, 0x04520000, 0x04600000)
  to   space 896K,   0% used [0x04600000, 0x04600000, 0x046e0000)
 tenured generation   total 18088K, used 10852K [0x09350000, 0x0a4fa000, 0x13e00000)
   the space 18088K,  59% used [0x09350000, 0x09de92e0, 0x09de9400, 0x0a4fa000)
 Metaspace       used 3922K, capacity 4163K, committed 4288K, reserved 4480K
GC Heap History (10 events):
Event: 6.275 GC heap before
{Heap before GC invocations=5 (full 0):
 def new generation   total 4928K, used 4542K [0x03e00000, 0x04350000, 0x09350000)
  eden space 4416K, 100% used [0x03e00000, 0x04250000, 0x04250000)
  from space 512K,  24% used [0x042d0000, 0x042efa18, 0x04350000)
  to   space 512K,   0% used [0x04250000, 0x04250000, 0x042d0000)
 tenured generation   total 10944K, used 6890K [0x09350000, 0x09e00000, 0x13e00000)
   the space 10944K,  62% used [0x09350000, 0x09a0aab0, 0x09a0ac00, 0x09e00000)
 Metaspace       used 2257K, capacity 3066K, committed 3136K, reserved 4480K
Event: 6.284 GC heap after
Heap after GC invocations=6 (full 0):
 def new generation   total 4928K, used 512K [0x03e00000, 0x04350000, 0x09350000)
  eden space 4416K,   0% used [0x03e00000, 0x03e00000, 0x04250000)
  from space 512K, 100% used [0x04250000, 0x042d0000, 0x042d0000)
  to   space 512K,   0% used [0x042d0000, 0x042d0000, 0x04350000)
 tenured generation   total 10944K, used 7560K [0x09350000, 0x09e00000, 0x13e00000)
   the space 10944K,  69% used [0x09350000, 0x09ab2080, 0x09ab2200, 0x09e00000)
 Metaspace       used 2257K, capacity 3066K, committed 3136K, reserved 4480K
}
Event: 6.375 GC heap before
{Heap before GC invocations=6 (full 0):
 def new generation   total 4928K, used 4928K [0x03e00000, 0x04350000, 0x09350000)
  eden space 4416K, 100% used [0x03e00000, 0x04250000, 0x04250000)
  from space 512K, 100% used [0x04250000, 0x042d0000, 0x042d0000)
  to   space 512K,   0% used [0x042d0000, 0x042d0000, 0x04350000)
 tenured generation   total 10944K, used 7560K [0x09350000, 0x09e00000, 0x13e00000)
   the space 10944K,  69% used [0x09350000, 0x09ab2080, 0x09ab2200, 0x09e00000)
 Metaspace       used 2350K, capacity 3115K, committed 3136K, reserved 4480K
Event: 6.382 GC heap after
Heap after GC invocations=7 (full 0):
 def new generation   total 4928K, used 512K [0x03e00000, 0x04350000, 0x09350000)
  eden space 4416K,   0% used [0x03e00000, 0x03e00000, 0x04250000)
  from space 512K, 100% used [0x042d0000, 0x04350000, 0x04350000)
  to   space 512K,   0% used [0x04250000, 0x04250000, 0x042d0000)
 tenured generation   total 10944K, used 8205K [0x09350000, 0x09e00000, 0x13e00000)
   the space 10944K,  74% used [0x09350000, 0x09b535b0, 0x09b53600, 0x09e00000)
 Metaspace       used 2350K, capacity 3115K, committed 3136K, reserved 4480K
}
Event: 6.516 GC heap before
{Heap before GC invocations=7 (full 0):
 def new generation   total 4928K, used 4928K [0x03e00000, 0x04350000, 0x09350000)
  eden space 4416K, 100% used [0x03e00000, 0x04250000, 0x04250000)
  from space 512K, 100% used [0x042d0000, 0x04350000, 0x04350000)
  to   space 512K,   0% used [0x04250000, 0x04250000, 0x042d0000)
 tenured generation   total 10944K, used 8205K [0x09350000, 0x09e00000, 0x13e00000)
   the space 10944K,  74% used [0x09350000, 0x09b535b0, 0x09b53600, 0x09e00000)
 Metaspace       used 2678K, capacity 3307K, committed 3392K, reserved 4480K
Event: 6.525 GC heap after
Heap after GC invocations=8 (full 0):
 def new generation   total 4928K, used 512K [0x03e00000, 0x04350000, 0x09350000)
  eden space 4416K,   0% used [0x03e00000, 0x03e00000, 0x04250000)
  from space 512K, 100% used [0x04250000, 0x042d0000, 0x042d0000)
  to   space 512K,   0% used [0x042d0000, 0x042d0000, 0x04350000)
 tenured generation   total 10944K, used 9326K [0x09350000, 0x09e00000, 0x13e00000)
   the space 10944K,  85% used [0x09350000, 0x09c6b9f8, 0x09c6ba00, 0x09e00000)
 Metaspace       used 2678K, capacity 3307K, committed 3392K, reserved 4480K
}
Event: 6.700 GC heap before
{Heap before GC invocations=8 (full 0):
 def new generation   total 4928K, used 4928K [0x03e00000, 0x04350000, 0x09350000)
  eden space 4416K, 100% used [0x03e00000, 0x04250000, 0x04250000)
  from space 512K, 100% used [0x04250000, 0x042d0000, 0x042d0000)
  to   space 512K,   0% used [0x042d0000, 0x042d0000, 0x04350000)
 tenured generation   total 10944K, used 9326K [0x09350000, 0x09e00000, 0x13e00000)
   the space 10944K,  85% used [0x09350000, 0x09c6b9f8, 0x09c6ba00, 0x09e00000)
 Metaspace       used 3332K, capacity 3795K, committed 3904K, reserved 4480K
Event: 6.706 GC heap after
Heap after GC invocations=9 (full 0):
 def new generation   total 4928K, used 512K [0x03e00000, 0x04350000, 0x09350000)
  eden space 4416K,   0% used [0x03e00000, 0x03e00000, 0x04250000)
  from space 512K, 100% used [0x042d0000, 0x04350000, 0x04350000)
  to   space 512K,   0% used [0x04250000, 0x04250000, 0x042d0000)
 tenured generation   total 10944K, used 10097K [0x09350000, 0x09e00000, 0x13e00000)
   the space 10944K,  92% used [0x09350000, 0x09d2c508, 0x09d2c600, 0x09e00000)
 Metaspace       used 3332K, capacity 3795K, committed 3904K, reserved 4480K
}
Event: 22.343 GC heap before
{Heap before GC invocations=9 (full 0):
 def new generation   total 4928K, used 4860K [0x03e00000, 0x04350000, 0x09350000)
  eden space 4416K,  98% used [0x03e00000, 0x0423f278, 0x04250000)
  from space 512K, 100% used [0x042d0000, 0x04350000, 0x04350000)
  to   space 512K,   0% used [0x04250000, 0x04250000, 0x042d0000)
 tenured generation   total 10944K, used 10097K [0x09350000, 0x09e00000, 0x13e00000)
   the space 10944K,  92% used [0x09350000, 0x09d2c508, 0x09d2c600, 0x09e00000)
 Metaspace       used 3885K, capacity 4135K, committed 4160K, reserved 4480K
Event: 22.429 GC heap after
Heap after GC invocations=10 (full 1):
 def new generation   total 8192K, used 296K [0x03e00000, 0x046e0000, 0x09350000)
  eden space 7296K,   4% used [0x03e00000, 0x03e4a2a8, 0x04520000)
  from space 896K,   0% used [0x04520000, 0x04520000, 0x04600000)
  to   space 896K,   0% used [0x04600000, 0x04600000, 0x046e0000)
 tenured generation   total 18088K, used 10852K [0x09350000, 0x0a4fa000, 0x13e00000)
   the space 18088K,  59% used [0x09350000, 0x09de92e0, 0x09de9400, 0x0a4fa000)
 Metaspace       used 3861K, capacity 4097K, committed 4160K, reserved 4480K
}

