# JRE version: Java(TM) SE Runtime Environment (8.0_181-b13) (build 1.8.0_181-b13)
# Java VM: Java HotSpot(TM) Client VM (25.181-b13 mixed mode, sharing windows-x86 )
Heap:
 def new generation   total 8320K, used 2451K [0x03e00000, 0x04700000, 0x09350000)
  eden space 7424K,  21% used [0x03e00000, 0x03f93530, 0x04540000)
  from space 896K,  93% used [0x04620000, 0x046f1968, 0x04700000)
  to   space 896K,   0% used [0x04540000, 0x04540000, 0x04620000)
 tenured generation   total 18320K, used 10989K [0x09350000, 0x0a534000, 0x13e00000)
   the space 18320K,  59% used [0x09350000, 0x09e0b710, 0x09e0b800, 0x0a534000)
 Metaspace       used 4007K, capacity 4208K, committed 4288K, reserved 4480K
GC Heap History (10 events):
Event: 5.801 GC heap before
{Heap before GC invocations=7 (full 0):
 def new generation   total 4928K, used 4928K [0x03e00000, 0x04350000, 0x09350000)
  eden space 4416K, 100% used [0x03e00000, 0x04250000, 0x04250000)
  from space 512K, 100% used [0x042d0000, 0x04350000, 0x04350000)
  to   space 512K,   0% used [0x04250000, 0x04250000, 0x042d0000)
 tenured generation   total 10944K, used 8458K [0x09350000, 0x09e00000, 0x13e00000)
   the space 10944K,  77% used [0x09350000, 0x09b92888, 0x09b92a00, 0x09e00000)
 Metaspace       used 2700K, capacity 3314K, committed 3392K, reserved 4480K
Event: 5.810 GC heap after
Heap after GC invocations=8 (full 0):
 def new generation   total 4928K, used 512K [0x03e00000, 0x04350000, 0x09350000)
  eden space 4416K,   0% used [0x03e00000, 0x03e00000, 0x04250000)
  from space 512K, 100% used [0x04250000, 0x042d0000, 0x042d0000)
  to   space 512K,   0% used [0x042d0000, 0x042d0000, 0x04350000)
 tenured generation   total 10944K, used 9571K [0x09350000, 0x09e00000, 0x13e00000)
   the space 10944K,  87% used [0x09350000, 0x09ca8fb8, 0x09ca9000, 0x09e00000)
 Metaspace       used 2700K, capacity 3314K, committed 3392K, reserved 4480K
}
Event: 5.983 GC heap before
{Heap before GC invocations=8 (full 0):
 def new generation   total 4928K, used 4928K [0x03e00000, 0x04350000, 0x09350000)
  eden space 4416K, 100% used [0x03e00000, 0x04250000, 0x04250000)
  from space 512K, 100% used [0x04250000, 0x042d0000, 0x042d0000)
  to   space 512K,   0% used [0x042d0000, 0x042d0000, 0x04350000)
 tenured generation   total 10944K, used 9571K [0x09350000, 0x09e00000, 0x13e00000)
   the space 10944K,  87% used [0x09350000, 0x09ca8fb8, 0x09ca9000, 0x09e00000)
 Metaspace       used 3352K, capacity 3770K, committed 3776K, reserved 4480K
Event: 5.990 GC heap after
Heap after GC invocations=9 (full 0):
 def new generation   total 4928K, used 512K [0x03e00000, 0x04350000, 0x09350000)
  eden space 4416K,   0% used [0x03e00000, 0x03e00000, 0x04250000)
  from space 512K, 100% used [0x042d0000, 0x04350000, 0x04350000)
  to   space 512K,   0% used [0x04250000, 0x04250000, 0x042d0000)
 tenured generation   total 10944K, used 10370K [0x09350000, 0x09e00000, 0x13e00000)
   the space 10944K,  94% used [0x09350000, 0x09d70a10, 0x09d70c00, 0x09e00000)
 Metaspace       used 3352K, capacity 3770K, committed 3776K, reserved 4480K
}
Event: 33.060 GC heap before
{Heap before GC invocations=9 (full 0):
 def new generation   total 4928K, used 4928K [0x03e00000, 0x04350000, 0x09350000)
  eden space 4416K, 100% used [0x03e00000, 0x04250000, 0x04250000)
  from space 512K, 100% used [0x042d0000, 0x04350000, 0x04350000)
  to   space 512K,   0% used [0x04250000, 0x04250000, 0x042d0000)
 tenured generation   total 10944K, used 10370K [0x09350000, 0x09e00000, 0x13e00000)
   the space 10944K,  94% used [0x09350000, 0x09d70a10, 0x09d70c00, 0x09e00000)
 Metaspace       used 3978K, capacity 4216K, committed 4288K, reserved 4480K
Event: 33.068 GC heap after
Heap after GC invocations=10 (full 0):
 def new generation   total 4928K, used 512K [0x03e00000, 0x04350000, 0x09350000)
  eden space 4416K,   0% used [0x03e00000, 0x03e00000, 0x04250000)
  from space 512K, 100% used [0x04250000, 0x042d0000, 0x042d0000)
  to   space 512K,   0% used [0x042d0000, 0x042d0000, 0x04350000)
 tenured generation   total 10944K, used 10876K [0x09350000, 0x09e00000, 0x13e00000)
   the space 10944K,  99% used [0x09350000, 0x09def100, 0x09def200, 0x09e00000)
 Metaspace       used 3978K, capacity 4216K, committed 4288K, reserved 4480K
}
Event: 33.143 GC heap before
{Heap before GC invocations=10 (full 0):
 def new generation   total 4928K, used 4928K [0x03e00000, 0x04350000, 0x09350000)
  eden space 4416K, 100% used [0x03e00000, 0x04250000, 0x04250000)
  from space 512K, 100% used [0x04250000, 0x042d0000, 0x042d0000)
  to   space 512K,   0% used [0x042d0000, 0x042d0000, 0x04350000)
 tenured generation   total 10944K, used 10876K [0x09350000, 0x09e00000, 0x13e00000)
   the space 10944K,  99% used [0x09350000, 0x09def100, 0x09def200, 0x09e00000)
 Metaspace       used 3978K, capacity 4216K, committed 4288K, reserved 4480K
Event: 33.186 GC heap after
Heap after GC invocations=11 (full 1):
 def new generation   total 8320K, used 0K [0x03e00000, 0x04700000, 0x09350000)
  eden space 7424K,   0% used [0x03e00000, 0x03e00000, 0x04540000)
  from space 896K,   0% used [0x04540000, 0x04540000, 0x04620000)
  to   space 896K,   0% used [0x04620000, 0x04620000, 0x04700000)
 tenured generation   total 18320K, used 10989K [0x09350000, 0x0a534000, 0x13e00000)
   the space 18320K,  59% used [0x09350000, 0x09e0b710, 0x09e0b800, 0x0a534000)
 Metaspace       used 3953K, capacity 4176K, committed 4288K, reserved 4480K
}
Event: 39.031 GC heap before
{Heap before GC invocations=11 (full 1):
 def new generation   total 8320K, used 7359K [0x03e00000, 0x04700000, 0x09350000)
  eden space 7424K,  99% used [0x03e00000, 0x0452ffc0, 0x04540000)
  from space 896K,   0% used [0x04540000, 0x04540000, 0x04620000)
  to   space 896K,   0% used [0x04620000, 0x04620000, 0x04700000)
 tenured generation   total 18320K, used 10989K [0x09350000, 0x0a534000, 0x13e00000)
   the space 18320K,  59% used [0x09350000, 0x09e0b710, 0x09e0b800, 0x0a534000)
 Metaspace       used 3982K, capacity 4208K, committed 4288K, reserved 4480K
Event: 39.048 GC heap after
Heap after GC invocations=12 (full 1):
 def new generation   total 8320K, used 838K [0x03e00000, 0x04700000, 0x09350000)
  eden space 7424K,   0% used [0x03e00000, 0x03e00000, 0x04540000)
  from space 896K,  93% used [0x04620000, 0x046f1968, 0x04700000)
  to   space 896K,   0% used [0x04540000, 0x04540000, 0x04620000)
 tenured generation   total 18320K, used 10989K [0x09350000, 0x0a534000, 0x13e00000)
   the space 18320K,  59% used [0x09350000, 0x09e0b710, 0x09e0b800, 0x0a534000)
 Metaspace       used 3982K, capacity 4208K, committed 4288K, reserved 4480K
}

