# JRE version: Java(TM) SE Runtime Environment (8.0_181-b13) (build 1.8.0_181-b13)
# Java VM: Java HotSpot(TM) Client VM (25.181-b13 mixed mode, sharing windows-x86 )
Heap:
 def new generation   total 8512K, used 1342K [0x03e00000, 0x04730000, 0x09350000)
  eden space 7616K,  17% used [0x03e00000, 0x03f4f9a0, 0x04570000)
  from space 896K,   0% used [0x04570000, 0x04570000, 0x04650000)
  to   space 896K,   0% used [0x04650000, 0x04650000, 0x04730000)
 tenured generation   total 18728K, used 11235K [0x09350000, 0x0a59a000, 0x13e00000)
   the space 18728K,  59% used [0x09350000, 0x09e48fd8, 0x09e49000, 0x0a59a000)
 Metaspace       used 4016K, capacity 4270K, committed 4416K, reserved 4480K
GC Heap History (10 events):
Event: 8.936 GC heap before
{Heap before GC invocations=8 (full 0):
 def new generation   total 4928K, used 4928K [0x03e00000, 0x04350000, 0x09350000)
  eden space 4416K, 100% used [0x03e00000, 0x04250000, 0x04250000)
  from space 512K, 100% used [0x04250000, 0x042d0000, 0x042d0000)
  to   space 512K,   0% used [0x042d0000, 0x042d0000, 0x04350000)
 tenured generation   total 10944K, used 9344K [0x09350000, 0x09e00000, 0x13e00000)
   the space 10944K,  85% used [0x09350000, 0x09c70090, 0x09c70200, 0x09e00000)
 Metaspace       used 3333K, capacity 3795K, committed 3904K, reserved 4480K
Event: 8.942 GC heap after
Heap after GC invocations=9 (full 0):
 def new generation   total 4928K, used 512K [0x03e00000, 0x04350000, 0x09350000)
  eden space 4416K,   0% used [0x03e00000, 0x03e00000, 0x04250000)
  from space 512K, 100% used [0x042d0000, 0x04350000, 0x04350000)
  to   space 512K,   0% used [0x04250000, 0x04250000, 0x042d0000)
 tenured generation   total 10944K, used 10114K [0x09350000, 0x09e00000, 0x13e00000)
   the space 10944K,  92% used [0x09350000, 0x09d30b68, 0x09d30c00, 0x09e00000)
 Metaspace       used 3333K, capacity 3795K, committed 3904K, reserved 4480K
}
Event: 68.902 GC heap before
{Heap before GC invocations=9 (full 0):
 def new generation   total 4928K, used 4928K [0x03e00000, 0x04350000, 0x09350000)
  eden space 4416K, 100% used [0x03e00000, 0x04250000, 0x04250000)
  from space 512K, 100% used [0x042d0000, 0x04350000, 0x04350000)
  to   space 512K,   0% used [0x04250000, 0x04250000, 0x042d0000)
 tenured generation   total 10944K, used 10114K [0x09350000, 0x09e00000, 0x13e00000)
   the space 10944K,  92% used [0x09350000, 0x09d30b68, 0x09d30c00, 0x09e00000)
 Metaspace       used 3881K, capacity 4107K, committed 4160K, reserved 4480K
Event: 68.923 GC heap after
Heap after GC invocations=10 (full 0):
 def new generation   total 4928K, used 512K [0x03e00000, 0x04350000, 0x09350000)
  eden space 4416K,   0% used [0x03e00000, 0x03e00000, 0x04250000)
  from space 512K, 100% used [0x04250000, 0x042d0000, 0x042d0000)
  to   space 512K,   0% used [0x042d0000, 0x042d0000, 0x04350000)
 tenured generation   total 10944K, used 10329K [0x09350000, 0x09e00000, 0x13e00000)
   the space 10944K,  94% used [0x09350000, 0x09d66760, 0x09d66800, 0x09e00000)
 Metaspace       used 3881K, capacity 4107K, committed 4160K, reserved 4480K
}
Event: 70.107 GC heap before
{Heap before GC invocations=10 (full 0):
 def new generation   total 4928K, used 4928K [0x03e00000, 0x04350000, 0x09350000)
  eden space 4416K, 100% used [0x03e00000, 0x04250000, 0x04250000)
  from space 512K, 100% used [0x04250000, 0x042d0000, 0x042d0000)
  to   space 512K,   0% used [0x042d0000, 0x042d0000, 0x04350000)
 tenured generation   total 10944K, used 10329K [0x09350000, 0x09e00000, 0x13e00000)
   the space 10944K,  94% used [0x09350000, 0x09d66760, 0x09d66800, 0x09e00000)
 Metaspace       used 3986K, capacity 4239K, committed 4288K, reserved 4480K
Event: 70.113 GC heap after
Heap after GC invocations=11 (full 0):
 def new generation   total 4928K, used 199K [0x03e00000, 0x04350000, 0x09350000)
  eden space 4416K,   0% used [0x03e00000, 0x03e00000, 0x04250000)
  from space 512K,  38% used [0x042d0000, 0x04301c78, 0x04350000)
  to   space 512K,   0% used [0x04250000, 0x04250000, 0x042d0000)
 tenured generation   total 10944K, used 10536K [0x09350000, 0x09e00000, 0x13e00000)
   the space 10944K,  96% used [0x09350000, 0x09d9a398, 0x09d9a400, 0x09e00000)
 Metaspace       used 3986K, capacity 4239K, committed 4288K, reserved 4480K
}
Event: 70.163 GC heap before
{Heap before GC invocations=11 (full 0):
 def new generation   total 4928K, used 4615K [0x03e00000, 0x04350000, 0x09350000)
  eden space 4416K, 100% used [0x03e00000, 0x04250000, 0x04250000)
  from space 512K,  38% used [0x042d0000, 0x04301c78, 0x04350000)
  to   space 512K,   0% used [0x04250000, 0x04250000, 0x042d0000)
 tenured generation   total 10944K, used 10536K [0x09350000, 0x09e00000, 0x13e00000)
   the space 10944K,  96% used [0x09350000, 0x09d9a398, 0x09d9a400, 0x09e00000)
 Metaspace       used 3986K, capacity 4239K, committed 4288K, reserved 4480K
Event: 70.166 GC heap after
Heap after GC invocations=12 (full 0):
 def new generation   total 4928K, used 232K [0x03e00000, 0x04350000, 0x09350000)
  eden space 4416K,   0% used [0x03e00000, 0x03e00000, 0x04250000)
  from space 512K,  45% used [0x04250000, 0x0428a188, 0x042d0000)
  to   space 512K,   0% used [0x042d0000, 0x042d0000, 0x04350000)
 tenured generation   total 10944K, used 10536K [0x09350000, 0x09e00000, 0x13e00000)
   the space 10944K,  96% used [0x09350000, 0x09d9a398, 0x09d9a400, 0x09e00000)
 Metaspace       used 3986K, capacity 4239K, committed 4288K, reserved 4480K
}
Event: 76.225 GC heap before
{Heap before GC invocations=12 (full 0):
 def new generation   total 4928K, used 4628K [0x03e00000, 0x04350000, 0x09350000)
  eden space 4416K,  99% used [0x03e00000, 0x0424afd0, 0x04250000)
  from space 512K,  45% used [0x04250000, 0x0428a188, 0x042d0000)
  to   space 512K,   0% used [0x042d0000, 0x042d0000, 0x04350000)
 tenured generation   total 10944K, used 10536K [0x09350000, 0x09e00000, 0x13e00000)
   the space 10944K,  96% used [0x09350000, 0x09d9a398, 0x09d9a400, 0x09e00000)
 Metaspace       used 4018K, capacity 4271K, committed 4288K, reserved 4480K
Event: 76.320 GC heap after
Heap after GC invocations=13 (full 1):
 def new generation   total 8512K, used 41K [0x03e00000, 0x04730000, 0x09350000)
  eden space 7616K,   0% used [0x03e00000, 0x03e0a5e8, 0x04570000)
  from space 896K,   0% used [0x04570000, 0x04570000, 0x04650000)
  to   space 896K,   0% used [0x04650000, 0x04650000, 0x04730000)
 tenured generation   total 18728K, used 11235K [0x09350000, 0x0a59a000, 0x13e00000)
   the space 18728K,  59% used [0x09350000, 0x09e48fd8, 0x09e49000, 0x0a59a000)
 Metaspace       used 3997K, capacity 4238K, committed 4288K, reserved 4480K
}

