# JRE version: Java(TM) SE Runtime Environment (8.0_181-b13) (build 1.8.0_181-b13)
# Java VM: Java HotSpot(TM) Client VM (25.181-b13 mixed mode, sharing windows-x86 )
Heap:
 def new generation   total 7808K, used 2766K [0x03e00000, 0x04670000, 0x09350000)
  eden space 6976K,  35% used [0x03e00000, 0x0406fac8, 0x044d0000)
  from space 832K,  32% used [0x045a0000, 0x045e3e88, 0x04670000)
  to   space 832K,   0% used [0x044d0000, 0x044d0000, 0x045a0000)
 tenured generation   total 17220K, used 10330K [0x09350000, 0x0a421000, 0x13e00000)
   the space 17220K,  59% used [0x09350000, 0x09d668b8, 0x09d66a00, 0x0a421000)
 Metaspace       used 4002K, capacity 4233K, committed 4288K, reserved 4480K
GC Heap History (10 events):
Event: 5.255 GC heap before
{Heap before GC invocations=7 (full 0):
 def new generation   total 4928K, used 4928K [0x03e00000, 0x04350000, 0x09350000)
  eden space 4416K, 100% used [0x03e00000, 0x04250000, 0x04250000)
  from space 512K, 100% used [0x042d0000, 0x04350000, 0x04350000)
  to   space 512K,   0% used [0x04250000, 0x04250000, 0x042d0000)
 tenured generation   total 10944K, used 8220K [0x09350000, 0x09e00000, 0x13e00000)
   the space 10944K,  75% used [0x09350000, 0x09b57030, 0x09b57200, 0x09e00000)
 Metaspace       used 2693K, capacity 3339K, committed 3392K, reserved 4480K
Event: 5.264 GC heap after
Heap after GC invocations=8 (full 0):
 def new generation   total 4928K, used 512K [0x03e00000, 0x04350000, 0x09350000)
  eden space 4416K,   0% used [0x03e00000, 0x03e00000, 0x04250000)
  from space 512K, 100% used [0x04250000, 0x042d0000, 0x042d0000)
  to   space 512K,   0% used [0x042d0000, 0x042d0000, 0x04350000)
 tenured generation   total 10944K, used 9343K [0x09350000, 0x09e00000, 0x13e00000)
   the space 10944K,  85% used [0x09350000, 0x09c6fd40, 0x09c6fe00, 0x09e00000)
 Metaspace       used 2693K, capacity 3339K, committed 3392K, reserved 4480K
}
Event: 5.442 GC heap before
{Heap before GC invocations=8 (full 0):
 def new generation   total 4928K, used 4928K [0x03e00000, 0x04350000, 0x09350000)
  eden space 4416K, 100% used [0x03e00000, 0x04250000, 0x04250000)
  from space 512K, 100% used [0x04250000, 0x042d0000, 0x042d0000)
  to   space 512K,   0% used [0x042d0000, 0x042d0000, 0x04350000)
 tenured generation   total 10944K, used 9343K [0x09350000, 0x09e00000, 0x13e00000)
   the space 10944K,  85% used [0x09350000, 0x09c6fd40, 0x09c6fe00, 0x09e00000)
 Metaspace       used 3347K, capacity 3795K, committed 3904K, reserved 4480K
Event: 5.448 GC heap after
Heap after GC invocations=9 (full 0):
 def new generation   total 4928K, used 512K [0x03e00000, 0x04350000, 0x09350000)
  eden space 4416K,   0% used [0x03e00000, 0x03e00000, 0x04250000)
  from space 512K, 100% used [0x042d0000, 0x04350000, 0x04350000)
  to   space 512K,   0% used [0x04250000, 0x04250000, 0x042d0000)
 tenured generation   total 10944K, used 10149K [0x09350000, 0x09e00000, 0x13e00000)
   the space 10944K,  92% used [0x09350000, 0x09d39630, 0x09d39800, 0x09e00000)
 Metaspace       used 3347K, capacity 3795K, committed 3904K, reserved 4480K
}
Event: 39.262 GC heap before
{Heap before GC invocations=9 (full 0):
 def new generation   total 4928K, used 4928K [0x03e00000, 0x04350000, 0x09350000)
  eden space 4416K, 100% used [0x03e00000, 0x04250000, 0x04250000)
  from space 512K, 100% used [0x042d0000, 0x04350000, 0x04350000)
  to   space 512K,   0% used [0x04250000, 0x04250000, 0x042d0000)
 tenured generation   total 10944K, used 10149K [0x09350000, 0x09e00000, 0x13e00000)
   the space 10944K,  92% used [0x09350000, 0x09d39630, 0x09d39800, 0x09e00000)
 Metaspace       used 3975K, capacity 4207K, committed 4288K, reserved 4480K
Event: 39.270 GC heap after
Heap after GC invocations=10 (full 0):
 def new generation   total 4928K, used 512K [0x03e00000, 0x04350000, 0x09350000)
  eden space 4416K,   0% used [0x03e00000, 0x03e00000, 0x04250000)
  from space 512K, 100% used [0x04250000, 0x042d0000, 0x042d0000)
  to   space 512K,   0% used [0x042d0000, 0x042d0000, 0x04350000)
 tenured generation   total 10944K, used 10540K [0x09350000, 0x09e00000, 0x13e00000)
   the space 10944K,  96% used [0x09350000, 0x09d9b3e0, 0x09d9b400, 0x09e00000)
 Metaspace       used 3975K, capacity 4207K, committed 4288K, reserved 4480K
}
Event: 39.343 GC heap before
{Heap before GC invocations=10 (full 0):
 def new generation   total 4928K, used 4928K [0x03e00000, 0x04350000, 0x09350000)
  eden space 4416K, 100% used [0x03e00000, 0x04250000, 0x04250000)
  from space 512K, 100% used [0x04250000, 0x042d0000, 0x042d0000)
  to   space 512K,   0% used [0x042d0000, 0x042d0000, 0x04350000)
 tenured generation   total 10944K, used 10540K [0x09350000, 0x09e00000, 0x13e00000)
   the space 10944K,  96% used [0x09350000, 0x09d9b3e0, 0x09d9b400, 0x09e00000)
 Metaspace       used 3975K, capacity 4207K, committed 4288K, reserved 4480K
Event: 39.384 GC heap after
Heap after GC invocations=11 (full 1):
 def new generation   total 7808K, used 0K [0x03e00000, 0x04670000, 0x09350000)
  eden space 6976K,   0% used [0x03e00000, 0x03e00000, 0x044d0000)
  from space 832K,   0% used [0x044d0000, 0x044d0000, 0x045a0000)
  to   space 832K,   0% used [0x045a0000, 0x045a0000, 0x04670000)
 tenured generation   total 17220K, used 10330K [0x09350000, 0x0a421000, 0x13e00000)
   the space 17220K,  59% used [0x09350000, 0x09d668b8, 0x09d66a00, 0x0a421000)
 Metaspace       used 3951K, capacity 4169K, committed 4288K, reserved 4480K
}
Event: 43.148 GC heap before
{Heap before GC invocations=11 (full 1):
 def new generation   total 7808K, used 6757K [0x03e00000, 0x04670000, 0x09350000)
  eden space 6976K,  96% used [0x03e00000, 0x04499640, 0x044d0000)
  from space 832K,   0% used [0x044d0000, 0x044d0000, 0x045a0000)
  to   space 832K,   0% used [0x045a0000, 0x045a0000, 0x04670000)
 tenured generation   total 17220K, used 10330K [0x09350000, 0x0a421000, 0x13e00000)
   the space 17220K,  59% used [0x09350000, 0x09d668b8, 0x09d66a00, 0x0a421000)
 Metaspace       used 3971K, capacity 4201K, committed 4288K, reserved 4480K
Event: 43.163 GC heap after
Heap after GC invocations=12 (full 1):
 def new generation   total 7808K, used 271K [0x03e00000, 0x04670000, 0x09350000)
  eden space 6976K,   0% used [0x03e00000, 0x03e00000, 0x044d0000)
  from space 832K,  32% used [0x045a0000, 0x045e3e88, 0x04670000)
  to   space 832K,   0% used [0x044d0000, 0x044d0000, 0x045a0000)
 tenured generation   total 17220K, used 10330K [0x09350000, 0x0a421000, 0x13e00000)
   the space 17220K,  59% used [0x09350000, 0x09d668b8, 0x09d66a00, 0x0a421000)
 Metaspace       used 3971K, capacity 4201K, committed 4288K, reserved 4480K
}

