# JRE version: Java(TM) SE Runtime Environment (8.0_181-b13) (build 1.8.0_181-b13)
# Java VM: Java HotSpot(TM) Client VM (25.181-b13 mixed mode, sharing windows-x86 )
Heap:
 def new generation   total 8512K, used 2392K [0x03e00000, 0x04730000, 0x09350000)
  eden space 7616K,  31% used [0x03e00000, 0x04056090, 0x04570000)
  from space 896K,   0% used [0x04570000, 0x04570000, 0x04650000)
  to   space 896K,   0% used [0x04650000, 0x04650000, 0x04730000)
 tenured generation   total 18728K, used 11235K [0x09350000, 0x0a59a000, 0x13e00000)
   the space 18728K,  59% used [0x09350000, 0x09e48ff8, 0x09e49000, 0x0a59a000)
 Metaspace       used 4014K, capacity 4248K, committed 4288K, reserved 4480K
GC Heap History (10 events):
Event: 6.514 GC heap before
{Heap before GC invocations=8 (full 0):
 def new generation   total 4928K, used 4928K [0x03e00000, 0x04350000, 0x09350000)
  eden space 4416K, 100% used [0x03e00000, 0x04250000, 0x04250000)
  from space 512K, 100% used [0x04250000, 0x042d0000, 0x042d0000)
  to   space 512K,   0% used [0x042d0000, 0x042d0000, 0x04350000)
 tenured generation   total 10944K, used 9564K [0x09350000, 0x09e00000, 0x13e00000)
   the space 10944K,  87% used [0x09350000, 0x09ca7260, 0x09ca7400, 0x09e00000)
 Metaspace       used 3350K, capacity 3770K, committed 3776K, reserved 4480K
Event: 6.520 GC heap after
Heap after GC invocations=9 (full 0):
 def new generation   total 4928K, used 512K [0x03e00000, 0x04350000, 0x09350000)
  eden space 4416K,   0% used [0x03e00000, 0x03e00000, 0x04250000)
  from space 512K, 100% used [0x042d0000, 0x04350000, 0x04350000)
  to   space 512K,   0% used [0x04250000, 0x04250000, 0x042d0000)
 tenured generation   total 10944K, used 10369K [0x09350000, 0x09e00000, 0x13e00000)
   the space 10944K,  94% used [0x09350000, 0x09d70750, 0x09d70800, 0x09e00000)
 Metaspace       used 3350K, capacity 3770K, committed 3776K, reserved 4480K
}
Event: 202.753 GC heap before
{Heap before GC invocations=9 (full 0):
 def new generation   total 4928K, used 4928K [0x03e00000, 0x04350000, 0x09350000)
  eden space 4416K, 100% used [0x03e00000, 0x04250000, 0x04250000)
  from space 512K, 100% used [0x042d0000, 0x04350000, 0x04350000)
  to   space 512K,   0% used [0x04250000, 0x04250000, 0x042d0000)
 tenured generation   total 10944K, used 10369K [0x09350000, 0x09e00000, 0x13e00000)
   the space 10944K,  94% used [0x09350000, 0x09d70750, 0x09d70800, 0x09e00000)
 Metaspace       used 3879K, capacity 4117K, committed 4160K, reserved 4480K
Event: 202.758 GC heap after
Heap after GC invocations=10 (full 0):
 def new generation   total 4928K, used 512K [0x03e00000, 0x04350000, 0x09350000)
  eden space 4416K,   0% used [0x03e00000, 0x03e00000, 0x04250000)
  from space 512K, 100% used [0x04250000, 0x042d0000, 0x042d0000)
  to   space 512K,   0% used [0x042d0000, 0x042d0000, 0x04350000)
 tenured generation   total 10944K, used 10552K [0x09350000, 0x09e00000, 0x13e00000)
   the space 10944K,  96% used [0x09350000, 0x09d9e0e8, 0x09d9e200, 0x09e00000)
 Metaspace       used 3879K, capacity 4117K, committed 4160K, reserved 4480K
}
Event: 204.876 GC heap before
{Heap before GC invocations=10 (full 0):
 def new generation   total 4928K, used 4928K [0x03e00000, 0x04350000, 0x09350000)
  eden space 4416K, 100% used [0x03e00000, 0x04250000, 0x04250000)
  from space 512K, 100% used [0x04250000, 0x042d0000, 0x042d0000)
  to   space 512K,   0% used [0x042d0000, 0x042d0000, 0x04350000)
 tenured generation   total 10944K, used 10552K [0x09350000, 0x09e00000, 0x13e00000)
   the space 10944K,  96% used [0x09350000, 0x09d9e0e8, 0x09d9e200, 0x09e00000)
 Metaspace       used 3985K, capacity 4251K, committed 4288K, reserved 4480K
Event: 204.883 GC heap after
Heap after GC invocations=11 (full 0):
 def new generation   total 4928K, used 209K [0x03e00000, 0x04350000, 0x09350000)
  eden space 4416K,   0% used [0x03e00000, 0x03e00000, 0x04250000)
  from space 512K,  40% used [0x042d0000, 0x04304428, 0x04350000)
  to   space 512K,   0% used [0x04250000, 0x04250000, 0x042d0000)
 tenured generation   total 10944K, used 10736K [0x09350000, 0x09e00000, 0x13e00000)
   the space 10944K,  98% used [0x09350000, 0x09dcc320, 0x09dcc400, 0x09e00000)
 Metaspace       used 3985K, capacity 4251K, committed 4288K, reserved 4480K
}
Event: 204.934 GC heap before
{Heap before GC invocations=11 (full 0):
 def new generation   total 4928K, used 4625K [0x03e00000, 0x04350000, 0x09350000)
  eden space 4416K, 100% used [0x03e00000, 0x04250000, 0x04250000)
  from space 512K,  40% used [0x042d0000, 0x04304428, 0x04350000)
  to   space 512K,   0% used [0x04250000, 0x04250000, 0x042d0000)
 tenured generation   total 10944K, used 10736K [0x09350000, 0x09e00000, 0x13e00000)
   the space 10944K,  98% used [0x09350000, 0x09dcc320, 0x09dcc400, 0x09e00000)
 Metaspace       used 3985K, capacity 4251K, committed 4288K, reserved 4480K
Event: 204.936 GC heap after
Heap after GC invocations=12 (full 0):
 def new generation   total 4928K, used 201K [0x03e00000, 0x04350000, 0x09350000)
  eden space 4416K,   0% used [0x03e00000, 0x03e00000, 0x04250000)
  from space 512K,  39% used [0x04250000, 0x04282660, 0x042d0000)
  to   space 512K,   0% used [0x042d0000, 0x042d0000, 0x04350000)
 tenured generation   total 10944K, used 10736K [0x09350000, 0x09e00000, 0x13e00000)
   the space 10944K,  98% used [0x09350000, 0x09dcc320, 0x09dcc400, 0x09e00000)
 Metaspace       used 3985K, capacity 4251K, committed 4288K, reserved 4480K
}
Event: 217.218 GC heap before
{Heap before GC invocations=12 (full 0):
 def new generation   total 4928K, used 4494K [0x03e00000, 0x04350000, 0x09350000)
  eden space 4416K,  97% used [0x03e00000, 0x042314a8, 0x04250000)
  from space 512K,  39% used [0x04250000, 0x04282660, 0x042d0000)
  to   space 512K,   0% used [0x042d0000, 0x042d0000, 0x04350000)
 tenured generation   total 10944K, used 10736K [0x09350000, 0x09e00000, 0x13e00000)
   the space 10944K,  98% used [0x09350000, 0x09dcc320, 0x09dcc400, 0x09e00000)
 Metaspace       used 4017K, capacity 4251K, committed 4288K, reserved 4480K
Event: 217.337 GC heap after
Heap after GC invocations=13 (full 1):
 def new generation   total 8512K, used 76K [0x03e00000, 0x04730000, 0x09350000)
  eden space 7616K,   1% used [0x03e00000, 0x03e13378, 0x04570000)
  from space 896K,   0% used [0x04570000, 0x04570000, 0x04650000)
  to   space 896K,   0% used [0x04650000, 0x04650000, 0x04730000)
 tenured generation   total 18728K, used 11235K [0x09350000, 0x0a59a000, 0x13e00000)
   the space 18728K,  59% used [0x09350000, 0x09e48ff8, 0x09e49000, 0x0a59a000)
 Metaspace       used 3996K, capacity 4216K, committed 4288K, reserved 4480K
}

