# JRE version: Java(TM) SE Runtime Environment (8.0_181-b13) (build 1.8.0_181-b13)
# Java VM: Java HotSpot(TM) Client VM (25.181-b13 mixed mode, sharing windows-x86 )
Heap:
 def new generation   total 8384K, used 906K [0x03e00000, 0x04710000, 0x09350000)
  eden space 7488K,  12% used [0x03e00000, 0x03ee29a0, 0x04550000)
  from space 896K,   0% used [0x04550000, 0x04550000, 0x04630000)
  to   space 896K,   0% used [0x04630000, 0x04630000, 0x04710000)
 tenured generation   total 18440K, used 11063K [0x09350000, 0x0a552000, 0x13e00000)
   the space 18440K,  59% used [0x09350000, 0x09e1df18, 0x09e1e000, 0x0a552000)
 Metaspace       used 4007K, capacity 4238K, committed 4288K, reserved 4480K
GC Heap History (10 events):
Event: 11.810 GC heap before
{Heap before GC invocations=8 (full 0):
 def new generation   total 4928K, used 4928K [0x03e00000, 0x04350000, 0x09350000)
  eden space 4416K, 100% used [0x03e00000, 0x04250000, 0x04250000)
  from space 512K, 100% used [0x04250000, 0x042d0000, 0x042d0000)
  to   space 512K,   0% used [0x042d0000, 0x042d0000, 0x04350000)
 tenured generation   total 10944K, used 9343K [0x09350000, 0x09e00000, 0x13e00000)
   the space 10944K,  85% used [0x09350000, 0x09c6fe38, 0x09c70000, 0x09e00000)
 Metaspace       used 3355K, capacity 3795K, committed 3904K, reserved 4480K
Event: 11.816 GC heap after
Heap after GC invocations=9 (full 0):
 def new generation   total 4928K, used 512K [0x03e00000, 0x04350000, 0x09350000)
  eden space 4416K,   0% used [0x03e00000, 0x03e00000, 0x04250000)
  from space 512K, 100% used [0x042d0000, 0x04350000, 0x04350000)
  to   space 512K,   0% used [0x04250000, 0x04250000, 0x042d0000)
 tenured generation   total 10944K, used 10140K [0x09350000, 0x09e00000, 0x13e00000)
   the space 10944K,  92% used [0x09350000, 0x09d37110, 0x09d37200, 0x09e00000)
 Metaspace       used 3355K, capacity 3795K, committed 3904K, reserved 4480K
}
Event: 56.861 GC heap before
{Heap before GC invocations=9 (full 0):
 def new generation   total 4928K, used 4928K [0x03e00000, 0x04350000, 0x09350000)
  eden space 4416K, 100% used [0x03e00000, 0x04250000, 0x04250000)
  from space 512K, 100% used [0x042d0000, 0x04350000, 0x04350000)
  to   space 512K,   0% used [0x04250000, 0x04250000, 0x042d0000)
 tenured generation   total 10944K, used 10140K [0x09350000, 0x09e00000, 0x13e00000)
   the space 10944K,  92% used [0x09350000, 0x09d37110, 0x09d37200, 0x09e00000)
 Metaspace       used 3975K, capacity 4207K, committed 4288K, reserved 4480K
Event: 56.876 GC heap after
Heap after GC invocations=10 (full 0):
 def new generation   total 4928K, used 512K [0x03e00000, 0x04350000, 0x09350000)
  eden space 4416K,   0% used [0x03e00000, 0x03e00000, 0x04250000)
  from space 512K, 100% used [0x04250000, 0x042d0000, 0x042d0000)
  to   space 512K,   0% used [0x042d0000, 0x042d0000, 0x04350000)
 tenured generation   total 10944K, used 10431K [0x09350000, 0x09e00000, 0x13e00000)
   the space 10944K,  95% used [0x09350000, 0x09d7feb8, 0x09d80000, 0x09e00000)
 Metaspace       used 3975K, capacity 4207K, committed 4288K, reserved 4480K
}
Event: 56.964 GC heap before
{Heap before GC invocations=10 (full 0):
 def new generation   total 4928K, used 4928K [0x03e00000, 0x04350000, 0x09350000)
  eden space 4416K, 100% used [0x03e00000, 0x04250000, 0x04250000)
  from space 512K, 100% used [0x04250000, 0x042d0000, 0x042d0000)
  to   space 512K,   0% used [0x042d0000, 0x042d0000, 0x04350000)
 tenured generation   total 10944K, used 10431K [0x09350000, 0x09e00000, 0x13e00000)
   the space 10944K,  95% used [0x09350000, 0x09d7feb8, 0x09d80000, 0x09e00000)
 Metaspace       used 3975K, capacity 4207K, committed 4288K, reserved 4480K
Event: 56.968 GC heap after
Heap after GC invocations=11 (full 0):
 def new generation   total 4928K, used 129K [0x03e00000, 0x04350000, 0x09350000)
  eden space 4416K,   0% used [0x03e00000, 0x03e00000, 0x04250000)
  from space 512K,  25% used [0x042d0000, 0x042f0420, 0x04350000)
  to   space 512K,   0% used [0x04250000, 0x04250000, 0x042d0000)
 tenured generation   total 10944K, used 10701K [0x09350000, 0x09e00000, 0x13e00000)
   the space 10944K,  97% used [0x09350000, 0x09dc36a0, 0x09dc3800, 0x09e00000)
 Metaspace       used 3975K, capacity 4207K, committed 4288K, reserved 4480K
}
Event: 57.016 GC heap before
{Heap before GC invocations=11 (full 0):
 def new generation   total 4928K, used 4545K [0x03e00000, 0x04350000, 0x09350000)
  eden space 4416K, 100% used [0x03e00000, 0x04250000, 0x04250000)
  from space 512K,  25% used [0x042d0000, 0x042f0420, 0x04350000)
  to   space 512K,   0% used [0x04250000, 0x04250000, 0x042d0000)
 tenured generation   total 10944K, used 10701K [0x09350000, 0x09e00000, 0x13e00000)
   the space 10944K,  97% used [0x09350000, 0x09dc36a0, 0x09dc3800, 0x09e00000)
 Metaspace       used 3975K, capacity 4207K, committed 4288K, reserved 4480K
Event: 57.019 GC heap after
Heap after GC invocations=12 (full 0):
 def new generation   total 4928K, used 125K [0x03e00000, 0x04350000, 0x09350000)
  eden space 4416K,   0% used [0x03e00000, 0x03e00000, 0x04250000)
  from space 512K,  24% used [0x04250000, 0x0426f510, 0x042d0000)
  to   space 512K,   0% used [0x042d0000, 0x042d0000, 0x04350000)
 tenured generation   total 10944K, used 10701K [0x09350000, 0x09e00000, 0x13e00000)
   the space 10944K,  97% used [0x09350000, 0x09dc36a0, 0x09dc3800, 0x09e00000)
 Metaspace       used 3975K, capacity 4207K, committed 4288K, reserved 4480K
}
Event: 64.118 GC heap before
{Heap before GC invocations=12 (full 0):
 def new generation   total 4928K, used 4304K [0x03e00000, 0x04350000, 0x09350000)
  eden space 4416K,  94% used [0x03e00000, 0x04214e10, 0x04250000)
  from space 512K,  24% used [0x04250000, 0x0426f510, 0x042d0000)
  to   space 512K,   0% used [0x042d0000, 0x042d0000, 0x04350000)
 tenured generation   total 10944K, used 10701K [0x09350000, 0x09e00000, 0x13e00000)
   the space 10944K,  97% used [0x09350000, 0x09dc36a0, 0x09dc3800, 0x09e00000)
 Metaspace       used 4009K, capacity 4271K, committed 4288K, reserved 4480K
Event: 64.205 GC heap after
Heap after GC invocations=13 (full 1):
 def new generation   total 8384K, used 0K [0x03e00000, 0x04710000, 0x09350000)
  eden space 7488K,   0% used [0x03e00000, 0x03e00000, 0x04550000)
  from space 896K,   0% used [0x04550000, 0x04550000, 0x04630000)
  to   space 896K,   0% used [0x04630000, 0x04630000, 0x04710000)
 tenured generation   total 18440K, used 11063K [0x09350000, 0x0a552000, 0x13e00000)
   the space 18440K,  59% used [0x09350000, 0x09e1df18, 0x09e1e000, 0x0a552000)
 Metaspace       used 3988K, capacity 4238K, committed 4288K, reserved 4480K
}

