# JRE version: Java(TM) SE Runtime Environment (8.0_181-b13) (build 1.8.0_181-b13)
# Java VM: Java HotSpot(TM) Client VM (25.181-b13 mixed mode, sharing windows-x86 )
Heap:
 def new generation   total 8000K, used 4650K [0x03c00000, 0x044a0000, 0x09150000)
  eden space 7168K,  53% used [0x03c00000, 0x03fbaa70, 0x04300000)
  from space 832K, 100% used [0x043d0000, 0x044a0000, 0x044a0000)
  to   space 832K,   0% used [0x04300000, 0x04300000, 0x043d0000)
 tenured generation   total 17588K, used 10566K [0x09150000, 0x0a27d000, 0x13c00000)
   the space 17588K,  60% used [0x09150000, 0x09ba1a30, 0x09ba1c00, 0x0a27d000)
 Metaspace       used 4003K, capacity 4208K, committed 4288K, reserved 4480K
GC Heap History (10 events):
Event: 14.022 GC heap before
{Heap before GC invocations=7 (full 0):
 def new generation   total 4928K, used 4928K [0x03c00000, 0x04150000, 0x09150000)
  eden space 4416K, 100% used [0x03c00000, 0x04050000, 0x04050000)
  from space 512K, 100% used [0x040d0000, 0x04150000, 0x04150000)
  to   space 512K,   0% used [0x04050000, 0x04050000, 0x040d0000)
 tenured generation   total 10944K, used 8449K [0x09150000, 0x09c00000, 0x13c00000)
   the space 10944K,  77% used [0x09150000, 0x09990400, 0x09990400, 0x09c00000)
 Metaspace       used 2704K, capacity 3317K, committed 3392K, reserved 4480K
Event: 14.030 GC heap after
Heap after GC invocations=8 (full 0):
 def new generation   total 4928K, used 512K [0x03c00000, 0x04150000, 0x09150000)
  eden space 4416K,   0% used [0x03c00000, 0x03c00000, 0x04050000)
  from space 512K, 100% used [0x04050000, 0x040d0000, 0x040d0000)
  to   space 512K,   0% used [0x040d0000, 0x040d0000, 0x04150000)
 tenured generation   total 10944K, used 9564K [0x09150000, 0x09c00000, 0x13c00000)
   the space 10944K,  87% used [0x09150000, 0x09aa7080, 0x09aa7200, 0x09c00000)
 Metaspace       used 2704K, capacity 3317K, committed 3392K, reserved 4480K
}
Event: 14.199 GC heap before
{Heap before GC invocations=8 (full 0):
 def new generation   total 4928K, used 4928K [0x03c00000, 0x04150000, 0x09150000)
  eden space 4416K, 100% used [0x03c00000, 0x04050000, 0x04050000)
  from space 512K, 100% used [0x04050000, 0x040d0000, 0x040d0000)
  to   space 512K,   0% used [0x040d0000, 0x040d0000, 0x04150000)
 tenured generation   total 10944K, used 9564K [0x09150000, 0x09c00000, 0x13c00000)
   the space 10944K,  87% used [0x09150000, 0x09aa7080, 0x09aa7200, 0x09c00000)
 Metaspace       used 3355K, capacity 3802K, committed 3904K, reserved 4480K
Event: 14.205 GC heap after
Heap after GC invocations=9 (full 0):
 def new generation   total 4928K, used 512K [0x03c00000, 0x04150000, 0x09150000)
  eden space 4416K,   0% used [0x03c00000, 0x03c00000, 0x04050000)
  from space 512K, 100% used [0x040d0000, 0x04150000, 0x04150000)
  to   space 512K,   0% used [0x04050000, 0x04050000, 0x040d0000)
 tenured generation   total 10944K, used 10358K [0x09150000, 0x09c00000, 0x13c00000)
   the space 10944K,  94% used [0x09150000, 0x09b6d948, 0x09b6da00, 0x09c00000)
 Metaspace       used 3355K, capacity 3802K, committed 3904K, reserved 4480K
}
Event: 35.472 GC heap before
{Heap before GC invocations=9 (full 0):
 def new generation   total 4928K, used 4928K [0x03c00000, 0x04150000, 0x09150000)
  eden space 4416K, 100% used [0x03c00000, 0x04050000, 0x04050000)
  from space 512K, 100% used [0x040d0000, 0x04150000, 0x04150000)
  to   space 512K,   0% used [0x04050000, 0x04050000, 0x040d0000)
 tenured generation   total 10944K, used 10358K [0x09150000, 0x09c00000, 0x13c00000)
   the space 10944K,  94% used [0x09150000, 0x09b6d948, 0x09b6da00, 0x09c00000)
 Metaspace       used 3977K, capacity 4216K, committed 4288K, reserved 4480K
Event: 35.485 GC heap after
Heap after GC invocations=10 (full 0):
 def new generation   total 4928K, used 512K [0x03c00000, 0x04150000, 0x09150000)
  eden space 4416K,   0% used [0x03c00000, 0x03c00000, 0x04050000)
  from space 512K, 100% used [0x04050000, 0x040d0000, 0x040d0000)
  to   space 512K,   0% used [0x040d0000, 0x040d0000, 0x04150000)
 tenured generation   total 10944K, used 10697K [0x09150000, 0x09c00000, 0x13c00000)
   the space 10944K,  97% used [0x09150000, 0x09bc25c8, 0x09bc2600, 0x09c00000)
 Metaspace       used 3977K, capacity 4216K, committed 4288K, reserved 4480K
}
Event: 35.576 GC heap before
{Heap before GC invocations=10 (full 0):
 def new generation   total 4928K, used 4928K [0x03c00000, 0x04150000, 0x09150000)
  eden space 4416K, 100% used [0x03c00000, 0x04050000, 0x04050000)
  from space 512K, 100% used [0x04050000, 0x040d0000, 0x040d0000)
  to   space 512K,   0% used [0x040d0000, 0x040d0000, 0x04150000)
 tenured generation   total 10944K, used 10697K [0x09150000, 0x09c00000, 0x13c00000)
   the space 10944K,  97% used [0x09150000, 0x09bc25c8, 0x09bc2600, 0x09c00000)
 Metaspace       used 3977K, capacity 4216K, committed 4288K, reserved 4480K
Event: 35.617 GC heap after
Heap after GC invocations=11 (full 1):
 def new generation   total 8000K, used 0K [0x03c00000, 0x044a0000, 0x09150000)
  eden space 7168K,   0% used [0x03c00000, 0x03c00000, 0x04300000)
  from space 832K,   0% used [0x04300000, 0x04300000, 0x043d0000)
  to   space 832K,   0% used [0x043d0000, 0x043d0000, 0x044a0000)
 tenured generation   total 17588K, used 10552K [0x09150000, 0x0a27d000, 0x13c00000)
   the space 17588K,  59% used [0x09150000, 0x09b9e228, 0x09b9e400, 0x0a27d000)
 Metaspace       used 3952K, capacity 4176K, committed 4288K, reserved 4480K
}
Event: 40.719 GC heap before
{Heap before GC invocations=11 (full 1):
 def new generation   total 8000K, used 7032K [0x03c00000, 0x044a0000, 0x09150000)
  eden space 7168K,  98% used [0x03c00000, 0x042de3c0, 0x04300000)
  from space 832K,   0% used [0x04300000, 0x04300000, 0x043d0000)
  to   space 832K,   0% used [0x043d0000, 0x043d0000, 0x044a0000)
 tenured generation   total 17588K, used 10552K [0x09150000, 0x0a27d000, 0x13c00000)
   the space 17588K,  59% used [0x09150000, 0x09b9e228, 0x09b9e400, 0x0a27d000)
 Metaspace       used 3984K, capacity 4208K, committed 4288K, reserved 4480K
Event: 40.723 GC heap after
Heap after GC invocations=12 (full 1):
 def new generation   total 8000K, used 832K [0x03c00000, 0x044a0000, 0x09150000)
  eden space 7168K,   0% used [0x03c00000, 0x03c00000, 0x04300000)
  from space 832K, 100% used [0x043d0000, 0x044a0000, 0x044a0000)
  to   space 832K,   0% used [0x04300000, 0x04300000, 0x043d0000)
 tenured generation   total 17588K, used 10566K [0x09150000, 0x0a27d000, 0x13c00000)
   the space 17588K,  60% used [0x09150000, 0x09ba1a30, 0x09ba1c00, 0x0a27d000)
 Metaspace       used 3984K, capacity 4208K, committed 4288K, reserved 4480K
}

