# JRE version: Java(TM) SE Runtime Environment (8.0_181-b13) (build 1.8.0_181-b13)
# Java VM: Java HotSpot(TM) Client VM (25.181-b13 mixed mode, sharing windows-x86 )
Heap:
 def new generation   total 8384K, used 1260K [0x03c00000, 0x04510000, 0x09150000)
  eden space 7488K,  16% used [0x03c00000, 0x03d3b1b0, 0x04350000)
  from space 896K,   0% used [0x04350000, 0x04350000, 0x04430000)
  to   space 896K,   0% used [0x04430000, 0x04430000, 0x04510000)
 tenured generation   total 18420K, used 11050K [0x09150000, 0x0a34d000, 0x13c00000)
   the space 18420K,  59% used [0x09150000, 0x09c1a8e0, 0x09c1aa00, 0x0a34d000)
 Metaspace       used 3851K, capacity 4080K, committed 4160K, reserved 4480K
GC Heap History (10 events):
Event: 8.879 GC heap before
{Heap before GC invocations=5 (full 0):
 def new generation   total 4928K, used 4487K [0x03c00000, 0x04150000, 0x09150000)
  eden space 4416K, 100% used [0x03c00000, 0x04050000, 0x04050000)
  from space 512K,  13% used [0x040d0000, 0x040e1e50, 0x04150000)
  to   space 512K,   0% used [0x04050000, 0x04050000, 0x040d0000)
 tenured generation   total 10944K, used 7194K [0x09150000, 0x09c00000, 0x13c00000)
   the space 10944K,  65% used [0x09150000, 0x09856800, 0x09856800, 0x09c00000)
 Metaspace       used 2338K, capacity 3041K, committed 3136K, reserved 4480K
Event: 8.888 GC heap after
Heap after GC invocations=6 (full 0):
 def new generation   total 4928K, used 512K [0x03c00000, 0x04150000, 0x09150000)
  eden space 4416K,   0% used [0x03c00000, 0x03c00000, 0x04050000)
  from space 512K, 100% used [0x04050000, 0x040d0000, 0x040d0000)
  to   space 512K,   0% used [0x040d0000, 0x040d0000, 0x04150000)
 tenured generation   total 10944K, used 7829K [0x09150000, 0x09c00000, 0x13c00000)
   the space 10944K,  71% used [0x09150000, 0x098f5528, 0x098f5600, 0x09c00000)
 Metaspace       used 2338K, capacity 3041K, committed 3136K, reserved 4480K
}
Event: 8.979 GC heap before
{Heap before GC invocations=6 (full 0):
 def new generation   total 4928K, used 4928K [0x03c00000, 0x04150000, 0x09150000)
  eden space 4416K, 100% used [0x03c00000, 0x04050000, 0x04050000)
  from space 512K, 100% used [0x04050000, 0x040d0000, 0x040d0000)
  to   space 512K,   0% used [0x040d0000, 0x040d0000, 0x04150000)
 tenured generation   total 10944K, used 7829K [0x09150000, 0x09c00000, 0x13c00000)
   the space 10944K,  71% used [0x09150000, 0x098f5528, 0x098f5600, 0x09c00000)
 Metaspace       used 2406K, capacity 3090K, committed 3136K, reserved 4480K
Event: 8.985 GC heap after
Heap after GC invocations=7 (full 0):
 def new generation   total 4928K, used 511K [0x03c00000, 0x04150000, 0x09150000)
  eden space 4416K,   0% used [0x03c00000, 0x03c00000, 0x04050000)
  from space 512K,  99% used [0x040d0000, 0x0414fff8, 0x04150000)
  to   space 512K,   0% used [0x04050000, 0x04050000, 0x040d0000)
 tenured generation   total 10944K, used 8452K [0x09150000, 0x09c00000, 0x13c00000)
   the space 10944K,  77% used [0x09150000, 0x09991280, 0x09991400, 0x09c00000)
 Metaspace       used 2406K, capacity 3090K, committed 3136K, reserved 4480K
}
Event: 9.121 GC heap before
{Heap before GC invocations=7 (full 0):
 def new generation   total 4928K, used 4927K [0x03c00000, 0x04150000, 0x09150000)
  eden space 4416K, 100% used [0x03c00000, 0x04050000, 0x04050000)
  from space 512K,  99% used [0x040d0000, 0x0414fff8, 0x04150000)
  to   space 512K,   0% used [0x04050000, 0x04050000, 0x040d0000)
 tenured generation   total 10944K, used 8452K [0x09150000, 0x09c00000, 0x13c00000)
   the space 10944K,  77% used [0x09150000, 0x09991280, 0x09991400, 0x09c00000)
 Metaspace       used 2705K, capacity 3317K, committed 3392K, reserved 4480K
Event: 9.130 GC heap after
Heap after GC invocations=8 (full 0):
 def new generation   total 4928K, used 512K [0x03c00000, 0x04150000, 0x09150000)
  eden space 4416K,   0% used [0x03c00000, 0x03c00000, 0x04050000)
  from space 512K, 100% used [0x04050000, 0x040d0000, 0x040d0000)
  to   space 512K,   0% used [0x040d0000, 0x040d0000, 0x04150000)
 tenured generation   total 10944K, used 9584K [0x09150000, 0x09c00000, 0x13c00000)
   the space 10944K,  87% used [0x09150000, 0x09aac3e0, 0x09aac400, 0x09c00000)
 Metaspace       used 2705K, capacity 3317K, committed 3392K, reserved 4480K
}
Event: 9.306 GC heap before
{Heap before GC invocations=8 (full 0):
 def new generation   total 4928K, used 4928K [0x03c00000, 0x04150000, 0x09150000)
  eden space 4416K, 100% used [0x03c00000, 0x04050000, 0x04050000)
  from space 512K, 100% used [0x04050000, 0x040d0000, 0x040d0000)
  to   space 512K,   0% used [0x040d0000, 0x040d0000, 0x04150000)
 tenured generation   total 10944K, used 9584K [0x09150000, 0x09c00000, 0x13c00000)
   the space 10944K,  87% used [0x09150000, 0x09aac3e0, 0x09aac400, 0x09c00000)
 Metaspace       used 3360K, capacity 3802K, committed 3904K, reserved 4480K
Event: 9.312 GC heap after
Heap after GC invocations=9 (full 0):
 def new generation   total 4928K, used 512K [0x03c00000, 0x04150000, 0x09150000)
  eden space 4416K,   0% used [0x03c00000, 0x03c00000, 0x04050000)
  from space 512K, 100% used [0x040d0000, 0x04150000, 0x04150000)
  to   space 512K,   0% used [0x04050000, 0x04050000, 0x040d0000)
 tenured generation   total 10944K, used 10369K [0x09150000, 0x09c00000, 0x13c00000)
   the space 10944K,  94% used [0x09150000, 0x09b70750, 0x09b70800, 0x09c00000)
 Metaspace       used 3360K, capacity 3802K, committed 3904K, reserved 4480K
}
Event: 24.270 GC heap before
{Heap before GC invocations=9 (full 0):
 def new generation   total 4928K, used 4800K [0x03c00000, 0x04150000, 0x09150000)
  eden space 4416K,  97% used [0x03c00000, 0x04030098, 0x04050000)
  from space 512K, 100% used [0x040d0000, 0x04150000, 0x04150000)
  to   space 512K,   0% used [0x04050000, 0x04050000, 0x040d0000)
 tenured generation   total 10944K, used 10369K [0x09150000, 0x09c00000, 0x13c00000)
   the space 10944K,  94% used [0x09150000, 0x09b70750, 0x09b70800, 0x09c00000)
 Metaspace       used 3871K, capacity 4112K, committed 4160K, reserved 4480K
Event: 24.370 GC heap after
Heap after GC invocations=10 (full 1):
 def new generation   total 8384K, used 315K [0x03c00000, 0x04510000, 0x09150000)
  eden space 7488K,   4% used [0x03c00000, 0x03c4eef0, 0x04350000)
  from space 896K,   0% used [0x04350000, 0x04350000, 0x04430000)
  to   space 896K,   0% used [0x04430000, 0x04430000, 0x04510000)
 tenured generation   total 18420K, used 11050K [0x09150000, 0x0a34d000, 0x13c00000)
   the space 18420K,  59% used [0x09150000, 0x09c1a8e0, 0x09c1aa00, 0x0a34d000)
 Metaspace       used 3851K, capacity 4080K, committed 4160K, reserved 4480K
}

