# JRE version: Java(TM) SE Runtime Environment (8.0_181-b13) (build 1.8.0_181-b13)
# Java VM: Java HotSpot(TM) Client VM (25.181-b13 mixed mode windows-x86 )
Heap:
 def new generation   total 4928K, used 1421K [0x04000000, 0x04550000, 0x09550000)
  eden space 4416K,  20% used [0x04000000, 0x040e3720, 0x04450000)
  from space 512K, 100% used [0x044d0000, 0x04550000, 0x04550000)
  to   space 512K,   0% used [0x04450000, 0x04450000, 0x044d0000)
 tenured generation   total 10944K, used 10894K [0x09550000, 0x0a000000, 0x14000000)
   the space 10944K,  99% used [0x09550000, 0x09ff3820, 0x09ff3a00, 0x0a000000)
 Metaspace       used 11599K, capacity 11835K, committed 11904K, reserved 12672K
GC Heap History (10 events):
Event: 6.227 GC heap before
{Heap before GC invocations=8 (full 0):
 def new generation   total 4928K, used 4928K [0x04000000, 0x04550000, 0x09550000)
  eden space 4416K, 100% used [0x04000000, 0x04450000, 0x04450000)
  from space 512K, 100% used [0x04450000, 0x044d0000, 0x044d0000)
  to   space 512K,   0% used [0x044d0000, 0x044d0000, 0x04550000)
 tenured generation   total 10944K, used 9331K [0x09550000, 0x0a000000, 0x14000000)
   the space 10944K,  85% used [0x09550000, 0x09e6cc38, 0x09e6ce00, 0x0a000000)
 Metaspace       used 10771K, capacity 11010K, committed 11136K, reserved 11648K
Event: 6.233 GC heap after
Heap after GC invocations=9 (full 0):
 def new generation   total 4928K, used 512K [0x04000000, 0x04550000, 0x09550000)
  eden space 4416K,   0% used [0x04000000, 0x04000000, 0x04450000)
  from space 512K, 100% used [0x044d0000, 0x04550000, 0x04550000)
  to   space 512K,   0% used [0x04450000, 0x04450000, 0x044d0000)
 tenured generation   total 10944K, used 10116K [0x09550000, 0x0a000000, 0x14000000)
   the space 10944K,  92% used [0x09550000, 0x09f311b0, 0x09f31200, 0x0a000000)
 Metaspace       used 10771K, capacity 11010K, committed 11136K, reserved 11648K
}
Event: 45.310 GC heap before
{Heap before GC invocations=9 (full 0):
 def new generation   total 4928K, used 4928K [0x04000000, 0x04550000, 0x09550000)
  eden space 4416K, 100% used [0x04000000, 0x04450000, 0x04450000)
  from space 512K, 100% used [0x044d0000, 0x04550000, 0x04550000)
  to   space 512K,   0% used [0x04450000, 0x04450000, 0x044d0000)
 tenured generation   total 10944K, used 10116K [0x09550000, 0x0a000000, 0x14000000)
   the space 10944K,  92% used [0x09550000, 0x09f311b0, 0x09f31200, 0x0a000000)
 Metaspace       used 11435K, capacity 11675K, committed 11776K, reserved 12672K
Event: 45.325 GC heap after
Heap after GC invocations=10 (full 0):
 def new generation   total 4928K, used 512K [0x04000000, 0x04550000, 0x09550000)
  eden space 4416K,   0% used [0x04000000, 0x04000000, 0x04450000)
  from space 512K, 100% used [0x04450000, 0x044d0000, 0x044d0000)
  to   space 512K,   0% used [0x044d0000, 0x044d0000, 0x04550000)
 tenured generation   total 10944K, used 10328K [0x09550000, 0x0a000000, 0x14000000)
   the space 10944K,  94% used [0x09550000, 0x09f66188, 0x09f66200, 0x0a000000)
 Metaspace       used 11435K, capacity 11675K, committed 11776K, reserved 12672K
}
Event: 47.470 GC heap before
{Heap before GC invocations=10 (full 0):
 def new generation   total 4928K, used 4928K [0x04000000, 0x04550000, 0x09550000)
  eden space 4416K, 100% used [0x04000000, 0x04450000, 0x04450000)
  from space 512K, 100% used [0x04450000, 0x044d0000, 0x044d0000)
  to   space 512K,   0% used [0x044d0000, 0x044d0000, 0x04550000)
 tenured generation   total 10944K, used 10328K [0x09550000, 0x0a000000, 0x14000000)
   the space 10944K,  94% used [0x09550000, 0x09f66188, 0x09f66200, 0x0a000000)
 Metaspace       used 11546K, capacity 11803K, committed 11904K, reserved 12672K
Event: 47.476 GC heap after
Heap after GC invocations=11 (full 0):
 def new generation   total 4928K, used 179K [0x04000000, 0x04550000, 0x09550000)
  eden space 4416K,   0% used [0x04000000, 0x04000000, 0x04450000)
  from space 512K,  35% used [0x044d0000, 0x044fcd98, 0x04550000)
  to   space 512K,   0% used [0x04450000, 0x04450000, 0x044d0000)
 tenured generation   total 10944K, used 10546K [0x09550000, 0x0a000000, 0x14000000)
   the space 10944K,  96% used [0x09550000, 0x09f9ca28, 0x09f9cc00, 0x0a000000)
 Metaspace       used 11546K, capacity 11803K, committed 11904K, reserved 12672K
}
Event: 47.523 GC heap before
{Heap before GC invocations=11 (full 0):
 def new generation   total 4928K, used 4595K [0x04000000, 0x04550000, 0x09550000)
  eden space 4416K, 100% used [0x04000000, 0x04450000, 0x04450000)
  from space 512K,  35% used [0x044d0000, 0x044fcd98, 0x04550000)
  to   space 512K,   0% used [0x04450000, 0x04450000, 0x044d0000)
 tenured generation   total 10944K, used 10546K [0x09550000, 0x0a000000, 0x14000000)
   the space 10944K,  96% used [0x09550000, 0x09f9ca28, 0x09f9cc00, 0x0a000000)
 Metaspace       used 11546K, capacity 11803K, committed 11904K, reserved 12672K
Event: 47.526 GC heap after
Heap after GC invocations=12 (full 0):
 def new generation   total 4928K, used 212K [0x04000000, 0x04550000, 0x09550000)
  eden space 4416K,   0% used [0x04000000, 0x04000000, 0x04450000)
  from space 512K,  41% used [0x04450000, 0x044851b8, 0x044d0000)
  to   space 512K,   0% used [0x044d0000, 0x044d0000, 0x04550000)
 tenured generation   total 10944K, used 10546K [0x09550000, 0x0a000000, 0x14000000)
   the space 10944K,  96% used [0x09550000, 0x09f9ca28, 0x09f9cc00, 0x0a000000)
 Metaspace       used 11546K, capacity 11803K, committed 11904K, reserved 12672K
}
Event: 53.789 GC heap before
{Heap before GC invocations=12 (full 0):
 def new generation   total 4928K, used 4628K [0x04000000, 0x04550000, 0x09550000)
  eden space 4416K, 100% used [0x04000000, 0x04450000, 0x04450000)
  from space 512K,  41% used [0x04450000, 0x044851b8, 0x044d0000)
  to   space 512K,   0% used [0x044d0000, 0x044d0000, 0x04550000)
 tenured generation   total 10944K, used 10546K [0x09550000, 0x0a000000, 0x14000000)
   the space 10944K,  96% used [0x09550000, 0x09f9ca28, 0x09f9cc00, 0x0a000000)
 Metaspace       used 11580K, capacity 11835K, committed 11904K, reserved 12672K
Event: 53.805 GC heap after
Heap after GC invocations=13 (full 0):
 def new generation   total 4928K, used 512K [0x04000000, 0x04550000, 0x09550000)
  eden space 4416K,   0% used [0x04000000, 0x04000000, 0x04450000)
  from space 512K, 100% used [0x044d0000, 0x04550000, 0x04550000)
  to   space 512K,   0% used [0x04450000, 0x04450000, 0x044d0000)
 tenured generation   total 10944K, used 10894K [0x09550000, 0x0a000000, 0x14000000)
   the space 10944K,  99% used [0x09550000, 0x09ff3820, 0x09ff3a00, 0x0a000000)
 Metaspace       used 11580K, capacity 11835K, committed 11904K, reserved 12672K
}

