# JRE version: Java(TM) SE Runtime Environment (8.0_181-b13) (build 1.8.0_181-b13)
# Java VM: Java HotSpot(TM) Client VM (25.181-b13 mixed mode, sharing windows-x86 )
Heap:
 def new generation   total 8064K, used 3626K [0x03c00000, 0x044b0000, 0x09150000)
  eden space 7232K,  49% used [0x03c00000, 0x03f77bb8, 0x04310000)
  from space 832K,   9% used [0x043e0000, 0x043f2dd8, 0x044b0000)
  to   space 832K,   0% used [0x04310000, 0x04310000, 0x043e0000)
 tenured generation   total 17660K, used 10595K [0x09150000, 0x0a28f000, 0x13c00000)
   the space 17660K,  59% used [0x09150000, 0x09ba8d08, 0x09ba8e00, 0x0a28f000)
 Metaspace       used 4048K, capacity 4280K, committed 4416K, reserved 4480K
GC Heap History (10 events):
Event: 6.442 GC heap before
{Heap before GC invocations=7 (full 0):
 def new generation   total 4928K, used 4928K [0x03c00000, 0x04150000, 0x09150000)
  eden space 4416K, 100% used [0x03c00000, 0x04050000, 0x04050000)
  from space 512K, 100% used [0x040d0000, 0x04150000, 0x04150000)
  to   space 512K,   0% used [0x04050000, 0x04050000, 0x040d0000)
 tenured generation   total 10944K, used 8212K [0x09150000, 0x09c00000, 0x13c00000)
   the space 10944K,  75% used [0x09150000, 0x09955200, 0x09955200, 0x09c00000)
 Metaspace       used 2715K, capacity 3322K, committed 3392K, reserved 4480K
Event: 6.451 GC heap after
Heap after GC invocations=8 (full 0):
 def new generation   total 4928K, used 512K [0x03c00000, 0x04150000, 0x09150000)
  eden space 4416K,   0% used [0x03c00000, 0x03c00000, 0x04050000)
  from space 512K, 100% used [0x04050000, 0x040d0000, 0x040d0000)
  to   space 512K,   0% used [0x040d0000, 0x040d0000, 0x04150000)
 tenured generation   total 10944K, used 9338K [0x09150000, 0x09c00000, 0x13c00000)
   the space 10944K,  85% used [0x09150000, 0x09a6ea48, 0x09a6ec00, 0x09c00000)
 Metaspace       used 2715K, capacity 3322K, committed 3392K, reserved 4480K
}
Event: 6.622 GC heap before
{Heap before GC invocations=8 (full 0):
 def new generation   total 4928K, used 4928K [0x03c00000, 0x04150000, 0x09150000)
  eden space 4416K, 100% used [0x03c00000, 0x04050000, 0x04050000)
  from space 512K, 100% used [0x04050000, 0x040d0000, 0x040d0000)
  to   space 512K,   0% used [0x040d0000, 0x040d0000, 0x04150000)
 tenured generation   total 10944K, used 9338K [0x09150000, 0x09c00000, 0x13c00000)
   the space 10944K,  85% used [0x09150000, 0x09a6ea48, 0x09a6ec00, 0x09c00000)
 Metaspace       used 3366K, capacity 3777K, committed 3904K, reserved 4480K
Event: 6.628 GC heap after
Heap after GC invocations=9 (full 0):
 def new generation   total 4928K, used 512K [0x03c00000, 0x04150000, 0x09150000)
  eden space 4416K,   0% used [0x03c00000, 0x03c00000, 0x04050000)
  from space 512K, 100% used [0x040d0000, 0x04150000, 0x04150000)
  to   space 512K,   0% used [0x04050000, 0x04050000, 0x040d0000)
 tenured generation   total 10944K, used 10143K [0x09150000, 0x09c00000, 0x13c00000)
   the space 10944K,  92% used [0x09150000, 0x09b37ec8, 0x09b38000, 0x09c00000)
 Metaspace       used 3366K, capacity 3777K, committed 3904K, reserved 4480K
}
Event: 61.631 GC heap before
{Heap before GC invocations=9 (full 0):
 def new generation   total 4928K, used 4928K [0x03c00000, 0x04150000, 0x09150000)
  eden space 4416K, 100% used [0x03c00000, 0x04050000, 0x04050000)
  from space 512K, 100% used [0x040d0000, 0x04150000, 0x04150000)
  to   space 512K,   0% used [0x04050000, 0x04050000, 0x040d0000)
 tenured generation   total 10944K, used 10143K [0x09150000, 0x09c00000, 0x13c00000)
   the space 10944K,  92% used [0x09150000, 0x09b37ec8, 0x09b38000, 0x09c00000)
 Metaspace       used 3912K, capacity 4160K, committed 4160K, reserved 4480K
Event: 61.658 GC heap after
Heap after GC invocations=10 (full 0):
 def new generation   total 4928K, used 512K [0x03c00000, 0x04150000, 0x09150000)
  eden space 4416K,   0% used [0x03c00000, 0x03c00000, 0x04050000)
  from space 512K, 100% used [0x04050000, 0x040d0000, 0x040d0000)
  to   space 512K,   0% used [0x040d0000, 0x040d0000, 0x04150000)
 tenured generation   total 10944K, used 10589K [0x09150000, 0x09c00000, 0x13c00000)
   the space 10944K,  96% used [0x09150000, 0x09ba7740, 0x09ba7800, 0x09c00000)
 Metaspace       used 3912K, capacity 4160K, committed 4160K, reserved 4480K
}
Event: 80.449 GC heap before
{Heap before GC invocations=10 (full 0):
 def new generation   total 4928K, used 4928K [0x03c00000, 0x04150000, 0x09150000)
  eden space 4416K, 100% used [0x03c00000, 0x04050000, 0x04050000)
  from space 512K, 100% used [0x04050000, 0x040d0000, 0x040d0000)
  to   space 512K,   0% used [0x040d0000, 0x040d0000, 0x04150000)
 tenured generation   total 10944K, used 10589K [0x09150000, 0x09c00000, 0x13c00000)
   the space 10944K,  96% used [0x09150000, 0x09ba7740, 0x09ba7800, 0x09c00000)
 Metaspace       used 4021K, capacity 4288K, committed 4288K, reserved 4480K
Event: 80.494 GC heap after
Heap after GC invocations=11 (full 1):
 def new generation   total 8064K, used 0K [0x03c00000, 0x044b0000, 0x09150000)
  eden space 7232K,   0% used [0x03c00000, 0x03c00000, 0x04310000)
  from space 832K,   0% used [0x04310000, 0x04310000, 0x043e0000)
  to   space 832K,   0% used [0x043e0000, 0x043e0000, 0x044b0000)
 tenured generation   total 17660K, used 10595K [0x09150000, 0x0a28f000, 0x13c00000)
   the space 17660K,  59% used [0x09150000, 0x09ba8d08, 0x09ba8e00, 0x0a28f000)
 Metaspace       used 3996K, capacity 4248K, committed 4288K, reserved 4480K
}
Event: 80.592 GC heap before
{Heap before GC invocations=11 (full 1):
 def new generation   total 8064K, used 7232K [0x03c00000, 0x044b0000, 0x09150000)
  eden space 7232K, 100% used [0x03c00000, 0x04310000, 0x04310000)
  from space 832K,   0% used [0x04310000, 0x04310000, 0x043e0000)
  to   space 832K,   0% used [0x043e0000, 0x043e0000, 0x044b0000)
 tenured generation   total 17660K, used 10595K [0x09150000, 0x0a28f000, 0x13c00000)
   the space 17660K,  59% used [0x09150000, 0x09ba8d08, 0x09ba8e00, 0x0a28f000)
 Metaspace       used 3997K, capacity 4248K, committed 4288K, reserved 4480K
Event: 80.595 GC heap after
Heap after GC invocations=12 (full 1):
 def new generation   total 8064K, used 75K [0x03c00000, 0x044b0000, 0x09150000)
  eden space 7232K,   0% used [0x03c00000, 0x03c00000, 0x04310000)
  from space 832K,   9% used [0x043e0000, 0x043f2dd8, 0x044b0000)
  to   space 832K,   0% used [0x04310000, 0x04310000, 0x043e0000)
 tenured generation   total 17660K, used 10595K [0x09150000, 0x0a28f000, 0x13c00000)
   the space 17660K,  59% used [0x09150000, 0x09ba8d08, 0x09ba8e00, 0x0a28f000)
 Metaspace       used 3997K, capacity 4248K, committed 4288K, reserved 4480K
}

