# JRE version: Java(TM) SE Runtime Environment (8.0_181-b13) (build 1.8.0_181-b13)
# Java VM: Java HotSpot(TM) Client VM (25.181-b13 mixed mode windows-x86 )
Heap:
 def new generation   total 8640K, used 1941K [0x03c00000, 0x04560000, 0x09150000)
  eden space 7680K,  25% used [0x03c00000, 0x03de55c0, 0x04380000)
  from space 960K,   0% used [0x04380000, 0x04380000, 0x04470000)
  to   space 960K,   0% used [0x04470000, 0x04470000, 0x04560000)
 tenured generation   total 19096K, used 11455K [0x09150000, 0x0a3f6000, 0x13c00000)
   the space 19096K,  59% used [0x09150000, 0x09c7fd78, 0x09c7fe00, 0x0a3f6000)
 Metaspace       used 11851K, capacity 12080K, committed 12160K, reserved 12672K
GC Heap History (10 events):
Event: 17.816 GC heap before
{Heap before GC invocations=5 (full 0):
 def new generation   total 4928K, used 4486K [0x03c00000, 0x04150000, 0x09150000)
  eden space 4416K, 100% used [0x03c00000, 0x04050000, 0x04050000)
  from space 512K,  13% used [0x040d0000, 0x040e1870, 0x04150000)
  to   space 512K,   0% used [0x04050000, 0x04050000, 0x040d0000)
 tenured generation   total 10944K, used 7197K [0x09150000, 0x09c00000, 0x13c00000)
   the space 10944K,  65% used [0x09150000, 0x09857618, 0x09857800, 0x09c00000)
 Metaspace       used 10065K, capacity 10249K, committed 10368K, reserved 10624K
Event: 17.825 GC heap after
Heap after GC invocations=6 (full 0):
 def new generation   total 4928K, used 512K [0x03c00000, 0x04150000, 0x09150000)
  eden space 4416K,   0% used [0x03c00000, 0x03c00000, 0x04050000)
  from space 512K, 100% used [0x04050000, 0x040d0000, 0x040d0000)
  to   space 512K,   0% used [0x040d0000, 0x040d0000, 0x04150000)
 tenured generation   total 10944K, used 7832K [0x09150000, 0x09c00000, 0x13c00000)
   the space 10944K,  71% used [0x09150000, 0x098f61f8, 0x098f6200, 0x09c00000)
 Metaspace       used 10065K, capacity 10249K, committed 10368K, reserved 10624K
}
Event: 17.923 GC heap before
{Heap before GC invocations=6 (full 0):
 def new generation   total 4928K, used 4928K [0x03c00000, 0x04150000, 0x09150000)
  eden space 4416K, 100% used [0x03c00000, 0x04050000, 0x04050000)
  from space 512K, 100% used [0x04050000, 0x040d0000, 0x040d0000)
  to   space 512K,   0% used [0x040d0000, 0x040d0000, 0x04150000)
 tenured generation   total 10944K, used 7832K [0x09150000, 0x09c00000, 0x13c00000)
   the space 10944K,  71% used [0x09150000, 0x098f61f8, 0x098f6200, 0x09c00000)
 Metaspace       used 10134K, capacity 10362K, committed 10496K, reserved 10624K
Event: 17.930 GC heap after
Heap after GC invocations=7 (full 0):
 def new generation   total 4928K, used 512K [0x03c00000, 0x04150000, 0x09150000)
  eden space 4416K,   0% used [0x03c00000, 0x03c00000, 0x04050000)
  from space 512K, 100% used [0x040d0000, 0x04150000, 0x04150000)
  to   space 512K,   0% used [0x04050000, 0x04050000, 0x040d0000)
 tenured generation   total 10944K, used 8455K [0x09150000, 0x09c00000, 0x13c00000)
   the space 10944K,  77% used [0x09150000, 0x09991c40, 0x09991e00, 0x09c00000)
 Metaspace       used 10134K, capacity 10362K, committed 10496K, reserved 10624K
}
Event: 18.087 GC heap before
{Heap before GC invocations=7 (full 0):
 def new generation   total 4928K, used 4928K [0x03c00000, 0x04150000, 0x09150000)
  eden space 4416K, 100% used [0x03c00000, 0x04050000, 0x04050000)
  from space 512K, 100% used [0x040d0000, 0x04150000, 0x04150000)
  to   space 512K,   0% used [0x04050000, 0x04050000, 0x040d0000)
 tenured generation   total 10944K, used 8455K [0x09150000, 0x09c00000, 0x13c00000)
   the space 10944K,  77% used [0x09150000, 0x09991c40, 0x09991e00, 0x09c00000)
 Metaspace       used 10445K, capacity 10653K, committed 10752K, reserved 11648K
Event: 18.096 GC heap after
Heap after GC invocations=8 (full 0):
 def new generation   total 4928K, used 512K [0x03c00000, 0x04150000, 0x09150000)
  eden space 4416K,   0% used [0x03c00000, 0x03c00000, 0x04050000)
  from space 512K, 100% used [0x04050000, 0x040d0000, 0x040d0000)
  to   space 512K,   0% used [0x040d0000, 0x040d0000, 0x04150000)
 tenured generation   total 10944K, used 9580K [0x09150000, 0x09c00000, 0x13c00000)
   the space 10944K,  87% used [0x09150000, 0x09aab298, 0x09aab400, 0x09c00000)
 Metaspace       used 10445K, capacity 10653K, committed 10752K, reserved 11648K
}
Event: 18.334 GC heap before
{Heap before GC invocations=8 (full 0):
 def new generation   total 4928K, used 4928K [0x03c00000, 0x04150000, 0x09150000)
  eden space 4416K, 100% used [0x03c00000, 0x04050000, 0x04050000)
  from space 512K, 100% used [0x04050000, 0x040d0000, 0x040d0000)
  to   space 512K,   0% used [0x040d0000, 0x040d0000, 0x04150000)
 tenured generation   total 10944K, used 9580K [0x09150000, 0x09c00000, 0x13c00000)
   the space 10944K,  87% used [0x09150000, 0x09aab298, 0x09aab400, 0x09c00000)
 Metaspace       used 11196K, capacity 11426K, committed 11520K, reserved 11648K
Event: 18.340 GC heap after
Heap after GC invocations=9 (full 0):
 def new generation   total 4928K, used 512K [0x03c00000, 0x04150000, 0x09150000)
  eden space 4416K,   0% used [0x03c00000, 0x03c00000, 0x04050000)
  from space 512K, 100% used [0x040d0000, 0x04150000, 0x04150000)
  to   space 512K,   0% used [0x04050000, 0x04050000, 0x040d0000)
 tenured generation   total 10944K, used 10374K [0x09150000, 0x09c00000, 0x13c00000)
   the space 10944K,  94% used [0x09150000, 0x09b71918, 0x09b71a00, 0x09c00000)
 Metaspace       used 11196K, capacity 11426K, committed 11520K, reserved 11648K
}
Event: 62.681 GC heap before
{Heap before GC invocations=9 (full 0):
 def new generation   total 4928K, used 4668K [0x03c00000, 0x04150000, 0x09150000)
  eden space 4416K,  94% used [0x03c00000, 0x0400f328, 0x04050000)
  from space 512K, 100% used [0x040d0000, 0x04150000, 0x04150000)
  to   space 512K,   0% used [0x04050000, 0x04050000, 0x040d0000)
 tenured generation   total 10944K, used 10374K [0x09150000, 0x09c00000, 0x13c00000)
   the space 10944K,  94% used [0x09150000, 0x09b71918, 0x09b71a00, 0x09c00000)
 Metaspace       used 11855K, capacity 12088K, committed 12160K, reserved 12672K
Event: 62.787 GC heap after
Heap after GC invocations=10 (full 1):
 def new generation   total 8640K, used 163K [0x03c00000, 0x04560000, 0x09150000)
  eden space 7680K,   2% used [0x03c00000, 0x03c28c20, 0x04380000)
  from space 960K,   0% used [0x04380000, 0x04380000, 0x04470000)
  to   space 960K,   0% used [0x04470000, 0x04470000, 0x04560000)
 tenured generation   total 19096K, used 11455K [0x09150000, 0x0a3f6000, 0x13c00000)
   the space 19096K,  59% used [0x09150000, 0x09c7fd78, 0x09c7fe00, 0x0a3f6000)
 Metaspace       used 11831K, capacity 12048K, committed 12160K, reserved 12672K
}

