# JRE version: Java(TM) SE Runtime Environment (8.0_181-b13) (build 1.8.0_181-b13)
# Java VM: Java HotSpot(TM) Client VM (25.181-b13 mixed mode, sharing windows-x86 )
Heap:
 def new generation   total 4928K, used 4407K [0x03e00000, 0x04350000, 0x09350000)
  eden space 4416K,  99% used [0x03e00000, 0x04245e08, 0x04250000)
  from space 512K,   6% used [0x04250000, 0x04257e30, 0x042d0000)
  to   space 512K,   0% used [0x042d0000, 0x042d0000, 0x04350000)
 tenured generation   total 10944K, used 10913K [0x09350000, 0x09e00000, 0x13e00000)
   the space 10944K,  99% used [0x09350000, 0x09df8678, 0x09df8800, 0x09e00000)
 Metaspace       used 4025K, capacity 4271K, committed 4288K, reserved 4480K
GC Heap History (10 events):
Event: 23.061 GC heap before
{Heap before GC invocations=7 (full 0):
 def new generation   total 4928K, used 4928K [0x03e00000, 0x04350000, 0x09350000)
  eden space 4416K, 100% used [0x03e00000, 0x04250000, 0x04250000)
  from space 512K, 100% used [0x042d0000, 0x04350000, 0x04350000)
  to   space 512K,   0% used [0x04250000, 0x04250000, 0x042d0000)
 tenured generation   total 10944K, used 8230K [0x09350000, 0x09e00000, 0x13e00000)
   the space 10944K,  75% used [0x09350000, 0x09b59b58, 0x09b59c00, 0x09e00000)
 Metaspace       used 2685K, capacity 3307K, committed 3392K, reserved 4480K
Event: 23.070 GC heap after
Heap after GC invocations=8 (full 0):
 def new generation   total 4928K, used 512K [0x03e00000, 0x04350000, 0x09350000)
  eden space 4416K,   0% used [0x03e00000, 0x03e00000, 0x04250000)
  from space 512K, 100% used [0x04250000, 0x042d0000, 0x042d0000)
  to   space 512K,   0% used [0x042d0000, 0x042d0000, 0x04350000)
 tenured generation   total 10944K, used 9325K [0x09350000, 0x09e00000, 0x13e00000)
   the space 10944K,  85% used [0x09350000, 0x09c6b5c8, 0x09c6b600, 0x09e00000)
 Metaspace       used 2685K, capacity 3307K, committed 3392K, reserved 4480K
}
Event: 23.242 GC heap before
{Heap before GC invocations=8 (full 0):
 def new generation   total 4928K, used 4928K [0x03e00000, 0x04350000, 0x09350000)
  eden space 4416K, 100% used [0x03e00000, 0x04250000, 0x04250000)
  from space 512K, 100% used [0x04250000, 0x042d0000, 0x042d0000)
  to   space 512K,   0% used [0x042d0000, 0x042d0000, 0x04350000)
 tenured generation   total 10944K, used 9325K [0x09350000, 0x09e00000, 0x13e00000)
   the space 10944K,  85% used [0x09350000, 0x09c6b5c8, 0x09c6b600, 0x09e00000)
 Metaspace       used 3334K, capacity 3795K, committed 3904K, reserved 4480K
Event: 23.248 GC heap after
Heap after GC invocations=9 (full 0):
 def new generation   total 4928K, used 512K [0x03e00000, 0x04350000, 0x09350000)
  eden space 4416K,   0% used [0x03e00000, 0x03e00000, 0x04250000)
  from space 512K, 100% used [0x042d0000, 0x04350000, 0x04350000)
  to   space 512K,   0% used [0x04250000, 0x04250000, 0x042d0000)
 tenured generation   total 10944K, used 10116K [0x09350000, 0x09e00000, 0x13e00000)
   the space 10944K,  92% used [0x09350000, 0x09d31248, 0x09d31400, 0x09e00000)
 Metaspace       used 3334K, capacity 3795K, committed 3904K, reserved 4480K
}
Event: 45.701 GC heap before
{Heap before GC invocations=9 (full 0):
 def new generation   total 4928K, used 4928K [0x03e00000, 0x04350000, 0x09350000)
  eden space 4416K, 100% used [0x03e00000, 0x04250000, 0x04250000)
  from space 512K, 100% used [0x042d0000, 0x04350000, 0x04350000)
  to   space 512K,   0% used [0x04250000, 0x04250000, 0x042d0000)
 tenured generation   total 10944K, used 10116K [0x09350000, 0x09e00000, 0x13e00000)
   the space 10944K,  92% used [0x09350000, 0x09d31248, 0x09d31400, 0x09e00000)
 Metaspace       used 3977K, capacity 4207K, committed 4288K, reserved 4480K
Event: 45.709 GC heap after
Heap after GC invocations=10 (full 0):
 def new generation   total 4928K, used 512K [0x03e00000, 0x04350000, 0x09350000)
  eden space 4416K,   0% used [0x03e00000, 0x03e00000, 0x04250000)
  from space 512K, 100% used [0x04250000, 0x042d0000, 0x042d0000)
  to   space 512K,   0% used [0x042d0000, 0x042d0000, 0x04350000)
 tenured generation   total 10944K, used 10530K [0x09350000, 0x09e00000, 0x13e00000)
   the space 10944K,  96% used [0x09350000, 0x09d98bc0, 0x09d98c00, 0x09e00000)
 Metaspace       used 3977K, capacity 4207K, committed 4288K, reserved 4480K
}
Event: 45.784 GC heap before
{Heap before GC invocations=10 (full 0):
 def new generation   total 4928K, used 4928K [0x03e00000, 0x04350000, 0x09350000)
  eden space 4416K, 100% used [0x03e00000, 0x04250000, 0x04250000)
  from space 512K, 100% used [0x04250000, 0x042d0000, 0x042d0000)
  to   space 512K,   0% used [0x042d0000, 0x042d0000, 0x04350000)
 tenured generation   total 10944K, used 10530K [0x09350000, 0x09e00000, 0x13e00000)
   the space 10944K,  96% used [0x09350000, 0x09d98bc0, 0x09d98c00, 0x09e00000)
 Metaspace       used 3977K, capacity 4207K, committed 4288K, reserved 4480K
Event: 45.788 GC heap after
Heap after GC invocations=11 (full 0):
 def new generation   total 4928K, used 27K [0x03e00000, 0x04350000, 0x09350000)
  eden space 4416K,   0% used [0x03e00000, 0x03e00000, 0x04250000)
  from space 512K,   5% used [0x042d0000, 0x042d6d98, 0x04350000)
  to   space 512K,   0% used [0x04250000, 0x04250000, 0x042d0000)
 tenured generation   total 10944K, used 10913K [0x09350000, 0x09e00000, 0x13e00000)
   the space 10944K,  99% used [0x09350000, 0x09df8678, 0x09df8800, 0x09e00000)
 Metaspace       used 3977K, capacity 4207K, committed 4288K, reserved 4480K
}
Event: 45.838 GC heap before
{Heap before GC invocations=11 (full 0):
 def new generation   total 4928K, used 4443K [0x03e00000, 0x04350000, 0x09350000)
  eden space 4416K, 100% used [0x03e00000, 0x04250000, 0x04250000)
  from space 512K,   5% used [0x042d0000, 0x042d6d98, 0x04350000)
  to   space 512K,   0% used [0x04250000, 0x04250000, 0x042d0000)
 tenured generation   total 10944K, used 10913K [0x09350000, 0x09e00000, 0x13e00000)
   the space 10944K,  99% used [0x09350000, 0x09df8678, 0x09df8800, 0x09e00000)
 Metaspace       used 3977K, capacity 4207K, committed 4288K, reserved 4480K
Event: 45.840 GC heap after
Heap after GC invocations=12 (full 0):
 def new generation   total 4928K, used 31K [0x03e00000, 0x04350000, 0x09350000)
  eden space 4416K,   0% used [0x03e00000, 0x03e00000, 0x04250000)
  from space 512K,   6% used [0x04250000, 0x04257e30, 0x042d0000)
  to   space 512K,   0% used [0x042d0000, 0x042d0000, 0x04350000)
 tenured generation   total 10944K, used 10913K [0x09350000, 0x09e00000, 0x13e00000)
   the space 10944K,  99% used [0x09350000, 0x09df8678, 0x09df8800, 0x09e00000)
 Metaspace       used 3977K, capacity 4207K, committed 4288K, reserved 4480K
}

