# JRE version: Java(TM) SE Runtime Environment (8.0_181-b13) (build 1.8.0_181-b13)
# Java VM: Java HotSpot(TM) Client VM (25.181-b13 mixed mode, sharing windows-x86 )
Heap:
 def new generation   total 7872K, used 2748K [0x03e00000, 0x04680000, 0x09350000)
  eden space 7040K,  27% used [0x03e00000, 0x03fe1dc0, 0x044e0000)
  from space 832K,  98% used [0x045b0000, 0x0467d490, 0x04680000)
  to   space 832K,   0% used [0x044e0000, 0x044e0000, 0x045b0000)
 tenured generation   total 17276K, used 10363K [0x09350000, 0x0a42f000, 0x13e00000)
   the space 17276K,  59% used [0x09350000, 0x09d6efb8, 0x09d6f000, 0x0a42f000)
 Metaspace       used 4046K, capacity 4265K, committed 4416K, reserved 4480K
GC Heap History (10 events):
Event: 4.699 GC heap before
{Heap before GC invocations=7 (full 0):
 def new generation   total 4928K, used 4928K [0x03e00000, 0x04350000, 0x09350000)
  eden space 4416K, 100% used [0x03e00000, 0x04250000, 0x04250000)
  from space 512K, 100% used [0x042d0000, 0x04350000, 0x04350000)
  to   space 512K,   0% used [0x04250000, 0x04250000, 0x042d0000)
 tenured generation   total 10944K, used 8218K [0x09350000, 0x09e00000, 0x13e00000)
   the space 10944K,  75% used [0x09350000, 0x09b569f8, 0x09b56a00, 0x09e00000)
 Metaspace       used 2696K, capacity 3339K, committed 3392K, reserved 4480K
Event: 4.708 GC heap after
Heap after GC invocations=8 (full 0):
 def new generation   total 4928K, used 512K [0x03e00000, 0x04350000, 0x09350000)
  eden space 4416K,   0% used [0x03e00000, 0x03e00000, 0x04250000)
  from space 512K, 100% used [0x04250000, 0x042d0000, 0x042d0000)
  to   space 512K,   0% used [0x042d0000, 0x042d0000, 0x04350000)
 tenured generation   total 10944K, used 9343K [0x09350000, 0x09e00000, 0x13e00000)
   the space 10944K,  85% used [0x09350000, 0x09c6fff8, 0x09c70000, 0x09e00000)
 Metaspace       used 2696K, capacity 3339K, committed 3392K, reserved 4480K
}
Event: 4.878 GC heap before
{Heap before GC invocations=8 (full 0):
 def new generation   total 4928K, used 4928K [0x03e00000, 0x04350000, 0x09350000)
  eden space 4416K, 100% used [0x03e00000, 0x04250000, 0x04250000)
  from space 512K, 100% used [0x04250000, 0x042d0000, 0x042d0000)
  to   space 512K,   0% used [0x042d0000, 0x042d0000, 0x04350000)
 tenured generation   total 10944K, used 9343K [0x09350000, 0x09e00000, 0x13e00000)
   the space 10944K,  85% used [0x09350000, 0x09c6fff8, 0x09c70000, 0x09e00000)
 Metaspace       used 3347K, capacity 3795K, committed 3904K, reserved 4480K
Event: 4.884 GC heap after
Heap after GC invocations=9 (full 0):
 def new generation   total 4928K, used 512K [0x03e00000, 0x04350000, 0x09350000)
  eden space 4416K,   0% used [0x03e00000, 0x03e00000, 0x04250000)
  from space 512K, 100% used [0x042d0000, 0x04350000, 0x04350000)
  to   space 512K,   0% used [0x04250000, 0x04250000, 0x042d0000)
 tenured generation   total 10944K, used 10150K [0x09350000, 0x09e00000, 0x13e00000)
   the space 10944K,  92% used [0x09350000, 0x09d39830, 0x09d39a00, 0x09e00000)
 Metaspace       used 3347K, capacity 3795K, committed 3904K, reserved 4480K
}
Event: 22.071 GC heap before
{Heap before GC invocations=9 (full 0):
 def new generation   total 4928K, used 4928K [0x03e00000, 0x04350000, 0x09350000)
  eden space 4416K, 100% used [0x03e00000, 0x04250000, 0x04250000)
  from space 512K, 100% used [0x042d0000, 0x04350000, 0x04350000)
  to   space 512K,   0% used [0x04250000, 0x04250000, 0x042d0000)
 tenured generation   total 10944K, used 10150K [0x09350000, 0x09e00000, 0x13e00000)
   the space 10944K,  92% used [0x09350000, 0x09d39830, 0x09d39a00, 0x09e00000)
 Metaspace       used 3975K, capacity 4207K, committed 4288K, reserved 4480K
Event: 22.079 GC heap after
Heap after GC invocations=10 (full 0):
 def new generation   total 4928K, used 512K [0x03e00000, 0x04350000, 0x09350000)
  eden space 4416K,   0% used [0x03e00000, 0x03e00000, 0x04250000)
  from space 512K, 100% used [0x04250000, 0x042d0000, 0x042d0000)
  to   space 512K,   0% used [0x042d0000, 0x042d0000, 0x04350000)
 tenured generation   total 10944K, used 10552K [0x09350000, 0x09e00000, 0x13e00000)
   the space 10944K,  96% used [0x09350000, 0x09d9e280, 0x09d9e400, 0x09e00000)
 Metaspace       used 3975K, capacity 4207K, committed 4288K, reserved 4480K
}
Event: 22.148 GC heap before
{Heap before GC invocations=10 (full 0):
 def new generation   total 4928K, used 4928K [0x03e00000, 0x04350000, 0x09350000)
  eden space 4416K, 100% used [0x03e00000, 0x04250000, 0x04250000)
  from space 512K, 100% used [0x04250000, 0x042d0000, 0x042d0000)
  to   space 512K,   0% used [0x042d0000, 0x042d0000, 0x04350000)
 tenured generation   total 10944K, used 10552K [0x09350000, 0x09e00000, 0x13e00000)
   the space 10944K,  96% used [0x09350000, 0x09d9e280, 0x09d9e400, 0x09e00000)
 Metaspace       used 3975K, capacity 4207K, committed 4288K, reserved 4480K
Event: 22.189 GC heap after
Heap after GC invocations=11 (full 1):
 def new generation   total 7872K, used 0K [0x03e00000, 0x04680000, 0x09350000)
  eden space 7040K,   0% used [0x03e00000, 0x03e00000, 0x044e0000)
  from space 832K,   0% used [0x044e0000, 0x044e0000, 0x045b0000)
  to   space 832K,   0% used [0x045b0000, 0x045b0000, 0x04680000)
 tenured generation   total 17276K, used 10363K [0x09350000, 0x0a42f000, 0x13e00000)
   the space 17276K,  59% used [0x09350000, 0x09d6efb8, 0x09d6f000, 0x0a42f000)
 Metaspace       used 3951K, capacity 4169K, committed 4288K, reserved 4480K
}
Event: 27.408 GC heap before
{Heap before GC invocations=11 (full 1):
 def new generation   total 7872K, used 7022K [0x03e00000, 0x04680000, 0x09350000)
  eden space 7040K,  99% used [0x03e00000, 0x044db9a8, 0x044e0000)
  from space 832K,   0% used [0x044e0000, 0x044e0000, 0x045b0000)
  to   space 832K,   0% used [0x045b0000, 0x045b0000, 0x04680000)
 tenured generation   total 17276K, used 10363K [0x09350000, 0x0a42f000, 0x13e00000)
   the space 17276K,  59% used [0x09350000, 0x09d6efb8, 0x09d6f000, 0x0a42f000)
 Metaspace       used 3978K, capacity 4201K, committed 4288K, reserved 4480K
Event: 27.423 GC heap after
Heap after GC invocations=12 (full 1):
 def new generation   total 7872K, used 821K [0x03e00000, 0x04680000, 0x09350000)
  eden space 7040K,   0% used [0x03e00000, 0x03e00000, 0x044e0000)
  from space 832K,  98% used [0x045b0000, 0x0467d490, 0x04680000)
  to   space 832K,   0% used [0x044e0000, 0x044e0000, 0x045b0000)
 tenured generation   total 17276K, used 10363K [0x09350000, 0x0a42f000, 0x13e00000)
   the space 17276K,  59% used [0x09350000, 0x09d6efb8, 0x09d6f000, 0x0a42f000)
 Metaspace       used 3978K, capacity 4201K, committed 4288K, reserved 4480K
}

