# JRE version: Java(TM) SE Runtime Environment (8.0_181-b13) (build 1.8.0_181-b13)
# Java VM: Java HotSpot(TM) Client VM (25.181-b13 mixed mode windows-x86 )
Heap:
 def new generation   total 8384K, used 1260K [0x04000000, 0x04910000, 0x09550000)
  eden space 7488K,  16% used [0x04000000, 0x0413b380, 0x04750000)
  from space 896K,   0% used [0x04750000, 0x04750000, 0x04830000)
  to   space 896K,   0% used [0x04830000, 0x04830000, 0x04910000)
 tenured generation   total 18436K, used 11061K [0x09550000, 0x0a751000, 0x14000000)
   the space 18436K,  59% used [0x09550000, 0x0a01d528, 0x0a01d600, 0x0a751000)
 Metaspace       used 11656K, capacity 11884K, committed 12032K, reserved 12672K
GC Heap History (10 events):
Event: 21.222 GC heap before
{Heap before GC invocations=5 (full 0):
 def new generation   total 4928K, used 4485K [0x04000000, 0x04550000, 0x09550000)
  eden space 4416K, 100% used [0x04000000, 0x04450000, 0x04450000)
  from space 512K,  13% used [0x044d0000, 0x044e1798, 0x04550000)
  to   space 512K,   0% used [0x04450000, 0x04450000, 0x044d0000)
 tenured generation   total 10944K, used 7190K [0x09550000, 0x0a000000, 0x14000000)
   the space 10944K,  65% used [0x09550000, 0x09c55940, 0x09c55a00, 0x0a000000)
 Metaspace       used 9895K, capacity 10089K, committed 10240K, reserved 10624K
Event: 21.230 GC heap after
Heap after GC invocations=6 (full 0):
 def new generation   total 4928K, used 512K [0x04000000, 0x04550000, 0x09550000)
  eden space 4416K,   0% used [0x04000000, 0x04000000, 0x04450000)
  from space 512K, 100% used [0x04450000, 0x044d0000, 0x044d0000)
  to   space 512K,   0% used [0x044d0000, 0x044d0000, 0x04550000)
 tenured generation   total 10944K, used 7825K [0x09550000, 0x0a000000, 0x14000000)
   the space 10944K,  71% used [0x09550000, 0x09cf4720, 0x09cf4800, 0x0a000000)
 Metaspace       used 9895K, capacity 10089K, committed 10240K, reserved 10624K
}
Event: 21.365 GC heap before
{Heap before GC invocations=6 (full 0):
 def new generation   total 4928K, used 4928K [0x04000000, 0x04550000, 0x09550000)
  eden space 4416K, 100% used [0x04000000, 0x04450000, 0x04450000)
  from space 512K, 100% used [0x04450000, 0x044d0000, 0x044d0000)
  to   space 512K,   0% used [0x044d0000, 0x044d0000, 0x04550000)
 tenured generation   total 10944K, used 7825K [0x09550000, 0x0a000000, 0x14000000)
   the space 10944K,  71% used [0x09550000, 0x09cf4720, 0x09cf4800, 0x0a000000)
 Metaspace       used 9963K, capacity 10202K, committed 10240K, reserved 10624K
Event: 21.373 GC heap after
Heap after GC invocations=7 (full 0):
 def new generation   total 4928K, used 512K [0x04000000, 0x04550000, 0x09550000)
  eden space 4416K,   0% used [0x04000000, 0x04000000, 0x04450000)
  from space 512K, 100% used [0x044d0000, 0x04550000, 0x04550000)
  to   space 512K,   0% used [0x04450000, 0x04450000, 0x044d0000)
 tenured generation   total 10944K, used 8452K [0x09550000, 0x0a000000, 0x14000000)
   the space 10944K,  77% used [0x09550000, 0x09d91100, 0x09d91200, 0x0a000000)
 Metaspace       used 9963K, capacity 10202K, committed 10240K, reserved 10624K
}
Event: 21.533 GC heap before
{Heap before GC invocations=7 (full 0):
 def new generation   total 4928K, used 4928K [0x04000000, 0x04550000, 0x09550000)
  eden space 4416K, 100% used [0x04000000, 0x04450000, 0x04450000)
  from space 512K, 100% used [0x044d0000, 0x04550000, 0x04550000)
  to   space 512K,   0% used [0x04450000, 0x04450000, 0x044d0000)
 tenured generation   total 10944K, used 8452K [0x09550000, 0x0a000000, 0x14000000)
   the space 10944K,  77% used [0x09550000, 0x09d91100, 0x09d91200, 0x0a000000)
 Metaspace       used 10264K, capacity 10493K, committed 10624K, reserved 10624K
Event: 21.543 GC heap after
Heap after GC invocations=8 (full 0):
 def new generation   total 4928K, used 512K [0x04000000, 0x04550000, 0x09550000)
  eden space 4416K,   0% used [0x04000000, 0x04000000, 0x04450000)
  from space 512K, 100% used [0x04450000, 0x044d0000, 0x044d0000)
  to   space 512K,   0% used [0x044d0000, 0x044d0000, 0x04550000)
 tenured generation   total 10944K, used 9567K [0x09550000, 0x0a000000, 0x14000000)
   the space 10944K,  87% used [0x09550000, 0x09ea7da0, 0x09ea7e00, 0x0a000000)
 Metaspace       used 10264K, capacity 10493K, committed 10624K, reserved 10624K
}
Event: 21.819 GC heap before
{Heap before GC invocations=8 (full 0):
 def new generation   total 4928K, used 4928K [0x04000000, 0x04550000, 0x09550000)
  eden space 4416K, 100% used [0x04000000, 0x04450000, 0x04450000)
  from space 512K, 100% used [0x04450000, 0x044d0000, 0x044d0000)
  to   space 512K,   0% used [0x044d0000, 0x044d0000, 0x04550000)
 tenured generation   total 10944K, used 9567K [0x09550000, 0x0a000000, 0x14000000)
   the space 10944K,  87% used [0x09550000, 0x09ea7da0, 0x09ea7e00, 0x0a000000)
 Metaspace       used 11003K, capacity 11234K, committed 11264K, reserved 11648K
Event: 21.826 GC heap after
Heap after GC invocations=9 (full 0):
 def new generation   total 4928K, used 512K [0x04000000, 0x04550000, 0x09550000)
  eden space 4416K,   0% used [0x04000000, 0x04000000, 0x04450000)
  from space 512K, 100% used [0x044d0000, 0x04550000, 0x04550000)
  to   space 512K,   0% used [0x04450000, 0x04450000, 0x044d0000)
 tenured generation   total 10944K, used 10367K [0x09550000, 0x0a000000, 0x14000000)
   the space 10944K,  94% used [0x09550000, 0x09f6fe70, 0x09f70000, 0x0a000000)
 Metaspace       used 11003K, capacity 11234K, committed 11264K, reserved 11648K
}
Event: 36.172 GC heap before
{Heap before GC invocations=9 (full 0):
 def new generation   total 4928K, used 4835K [0x04000000, 0x04550000, 0x09550000)
  eden space 4416K,  97% used [0x04000000, 0x04438d90, 0x04450000)
  from space 512K, 100% used [0x044d0000, 0x04550000, 0x04550000)
  to   space 512K,   0% used [0x04450000, 0x04450000, 0x044d0000)
 tenured generation   total 10944K, used 10367K [0x09550000, 0x0a000000, 0x14000000)
   the space 10944K,  94% used [0x09550000, 0x09f6fe70, 0x09f70000, 0x0a000000)
 Metaspace       used 11661K, capacity 11896K, committed 12032K, reserved 12672K
Event: 36.222 GC heap after
Heap after GC invocations=10 (full 1):
 def new generation   total 8384K, used 315K [0x04000000, 0x04910000, 0x09550000)
  eden space 7488K,   4% used [0x04000000, 0x0404ecf8, 0x04750000)
  from space 896K,   0% used [0x04750000, 0x04750000, 0x04830000)
  to   space 896K,   0% used [0x04830000, 0x04830000, 0x04910000)
 tenured generation   total 18436K, used 11061K [0x09550000, 0x0a751000, 0x14000000)
   the space 18436K,  59% used [0x09550000, 0x0a01d528, 0x0a01d600, 0x0a751000)
 Metaspace       used 11656K, capacity 11884K, committed 12032K, reserved 12672K
}

