# JRE version: Java(TM) SE Runtime Environment (8.0_181-b13) (build 1.8.0_181-b13)
# Java VM: Java HotSpot(TM) Client VM (25.181-b13 mixed mode, sharing windows-x86 )
Heap:
 def new generation   total 8000K, used 5863K [0x03e00000, 0x046a0000, 0x09350000)
  eden space 7168K,  81% used [0x03e00000, 0x043b9d18, 0x04500000)
  from space 832K,   0% used [0x04500000, 0x04500000, 0x045d0000)
  to   space 832K,   0% used [0x045d0000, 0x045d0000, 0x046a0000)
 tenured generation   total 17616K, used 10569K [0x09350000, 0x0a484000, 0x13e00000)
   the space 17616K,  59% used [0x09350000, 0x09da2520, 0x09da2600, 0x0a484000)
 Metaspace       used 4016K, capacity 4243K, committed 4288K, reserved 4480K
GC Heap History (10 events):
Event: 13.711 GC heap before
{Heap before GC invocations=7 (full 0):
 def new generation   total 4928K, used 4928K [0x03e00000, 0x04350000, 0x09350000)
  eden space 4416K, 100% used [0x03e00000, 0x04250000, 0x04250000)
  from space 512K, 100% used [0x042d0000, 0x04350000, 0x04350000)
  to   space 512K,   0% used [0x04250000, 0x04250000, 0x042d0000)
 tenured generation   total 10944K, used 8558K [0x09350000, 0x09e00000, 0x13e00000)
   the space 10944K,  78% used [0x09350000, 0x09bab8e0, 0x09baba00, 0x09e00000)
 Metaspace       used 2759K, capacity 3305K, committed 3392K, reserved 4480K
Event: 13.720 GC heap after
Heap after GC invocations=8 (full 0):
 def new generation   total 4928K, used 512K [0x03e00000, 0x04350000, 0x09350000)
  eden space 4416K,   0% used [0x03e00000, 0x03e00000, 0x04250000)
  from space 512K, 100% used [0x04250000, 0x042d0000, 0x042d0000)
  to   space 512K,   0% used [0x042d0000, 0x042d0000, 0x04350000)
 tenured generation   total 10944K, used 9611K [0x09350000, 0x09e00000, 0x13e00000)
   the space 10944K,  87% used [0x09350000, 0x09cb2c60, 0x09cb2e00, 0x09e00000)
 Metaspace       used 2759K, capacity 3305K, committed 3392K, reserved 4480K
}
Event: 13.889 GC heap before
{Heap before GC invocations=8 (full 0):
 def new generation   total 4928K, used 4928K [0x03e00000, 0x04350000, 0x09350000)
  eden space 4416K, 100% used [0x03e00000, 0x04250000, 0x04250000)
  from space 512K, 100% used [0x04250000, 0x042d0000, 0x042d0000)
  to   space 512K,   0% used [0x042d0000, 0x042d0000, 0x04350000)
 tenured generation   total 10944K, used 9611K [0x09350000, 0x09e00000, 0x13e00000)
   the space 10944K,  87% used [0x09350000, 0x09cb2c60, 0x09cb2e00, 0x09e00000)
 Metaspace       used 3380K, capacity 3760K, committed 3776K, reserved 4480K
Event: 13.896 GC heap after
Heap after GC invocations=9 (full 0):
 def new generation   total 4928K, used 512K [0x03e00000, 0x04350000, 0x09350000)
  eden space 4416K,   0% used [0x03e00000, 0x03e00000, 0x04250000)
  from space 512K, 100% used [0x042d0000, 0x04350000, 0x04350000)
  to   space 512K,   0% used [0x04250000, 0x04250000, 0x042d0000)
 tenured generation   total 10944K, used 10405K [0x09350000, 0x09e00000, 0x13e00000)
   the space 10944K,  95% used [0x09350000, 0x09d795b8, 0x09d79600, 0x09e00000)
 Metaspace       used 3380K, capacity 3760K, committed 3776K, reserved 4480K
}
Event: 602.397 GC heap before
{Heap before GC invocations=9 (full 0):
 def new generation   total 4928K, used 4928K [0x03e00000, 0x04350000, 0x09350000)
  eden space 4416K, 100% used [0x03e00000, 0x04250000, 0x04250000)
  from space 512K, 100% used [0x042d0000, 0x04350000, 0x04350000)
  to   space 512K,   0% used [0x04250000, 0x04250000, 0x042d0000)
 tenured generation   total 10944K, used 10405K [0x09350000, 0x09e00000, 0x13e00000)
   the space 10944K,  95% used [0x09350000, 0x09d795b8, 0x09d79600, 0x09e00000)
 Metaspace       used 3885K, capacity 4152K, committed 4160K, reserved 4480K
Event: 602.406 GC heap after
Heap after GC invocations=10 (full 0):
 def new generation   total 4928K, used 512K [0x03e00000, 0x04350000, 0x09350000)
  eden space 4416K,   0% used [0x03e00000, 0x03e00000, 0x04250000)
  from space 512K, 100% used [0x04250000, 0x042d0000, 0x042d0000)
  to   space 512K,   0% used [0x042d0000, 0x042d0000, 0x04350000)
 tenured generation   total 10944K, used 10660K [0x09350000, 0x09e00000, 0x13e00000)
   the space 10944K,  97% used [0x09350000, 0x09db9310, 0x09db9400, 0x09e00000)
 Metaspace       used 3885K, capacity 4152K, committed 4160K, reserved 4480K
}
Event: 696.948 GC heap before
{Heap before GC invocations=10 (full 0):
 def new generation   total 4928K, used 4928K [0x03e00000, 0x04350000, 0x09350000)
  eden space 4416K, 100% used [0x03e00000, 0x04250000, 0x04250000)
  from space 512K, 100% used [0x04250000, 0x042d0000, 0x042d0000)
  to   space 512K,   0% used [0x042d0000, 0x042d0000, 0x04350000)
 tenured generation   total 10944K, used 10660K [0x09350000, 0x09e00000, 0x13e00000)
   the space 10944K,  97% used [0x09350000, 0x09db9310, 0x09db9400, 0x09e00000)
 Metaspace       used 3990K, capacity 4251K, committed 4288K, reserved 4480K
Event: 696.954 GC heap after
Heap after GC invocations=11 (full 0):
 def new generation   total 4928K, used 327K [0x03e00000, 0x04350000, 0x09350000)
  eden space 4416K,   0% used [0x03e00000, 0x03e00000, 0x04250000)
  from space 512K,  63% used [0x042d0000, 0x04321d50, 0x04350000)
  to   space 512K,   0% used [0x04250000, 0x04250000, 0x042d0000)
 tenured generation   total 10944K, used 10794K [0x09350000, 0x09e00000, 0x13e00000)
   the space 10944K,  98% used [0x09350000, 0x09ddaa90, 0x09ddac00, 0x09e00000)
 Metaspace       used 3990K, capacity 4251K, committed 4288K, reserved 4480K
}
Event: 697.002 GC heap before
{Heap before GC invocations=11 (full 0):
 def new generation   total 4928K, used 4743K [0x03e00000, 0x04350000, 0x09350000)
  eden space 4416K, 100% used [0x03e00000, 0x04250000, 0x04250000)
  from space 512K,  63% used [0x042d0000, 0x04321d50, 0x04350000)
  to   space 512K,   0% used [0x04250000, 0x04250000, 0x042d0000)
 tenured generation   total 10944K, used 10794K [0x09350000, 0x09e00000, 0x13e00000)
   the space 10944K,  98% used [0x09350000, 0x09ddaa90, 0x09ddac00, 0x09e00000)
 Metaspace       used 3990K, capacity 4251K, committed 4288K, reserved 4480K
Event: 697.045 GC heap after
Heap after GC invocations=12 (full 1):
 def new generation   total 8000K, used 0K [0x03e00000, 0x046a0000, 0x09350000)
  eden space 7168K,   0% used [0x03e00000, 0x03e00000, 0x04500000)
  from space 832K,   0% used [0x04500000, 0x04500000, 0x045d0000)
  to   space 832K,   0% used [0x045d0000, 0x045d0000, 0x046a0000)
 tenured generation   total 17616K, used 10569K [0x09350000, 0x0a484000, 0x13e00000)
   the space 17616K,  59% used [0x09350000, 0x09da2520, 0x09da2600, 0x0a484000)
 Metaspace       used 3966K, capacity 4211K, committed 4288K, reserved 4480K
}

