# JRE version: Java(TM) SE Runtime Environment (8.0_181-b13) (build 1.8.0_181-b13)
# Java VM: Java HotSpot(TM) Client VM (25.181-b13 mixed mode windows-x86 )
Heap:
 def new generation   total 8320K, used 2477K [0x04000000, 0x04900000, 0x09550000)
  eden space 7424K,  22% used [0x04000000, 0x041a8720, 0x04740000)
  from space 896K,  87% used [0x04820000, 0x048e2f30, 0x04900000)
  to   space 896K,   0% used [0x04740000, 0x04740000, 0x04820000)
 tenured generation   total 18304K, used 10980K [0x09550000, 0x0a730000, 0x14000000)
   the space 18304K,  59% used [0x09550000, 0x0a009020, 0x0a009200, 0x0a730000)
 Metaspace       used 11792K, capacity 12016K, committed 12160K, reserved 12672K
GC Heap History (10 events):
Event: 6.401 GC heap before
{Heap before GC invocations=7 (full 0):
 def new generation   total 4928K, used 4927K [0x04000000, 0x04550000, 0x09550000)
  eden space 4416K, 100% used [0x04000000, 0x04450000, 0x04450000)
  from space 512K,  99% used [0x044d0000, 0x0454fff8, 0x04550000)
  to   space 512K,   0% used [0x04450000, 0x04450000, 0x044d0000)
 tenured generation   total 10944K, used 8453K [0x09550000, 0x0a000000, 0x14000000)
   the space 10944K,  77% used [0x09550000, 0x09d91788, 0x09d91800, 0x0a000000)
 Metaspace       used 10260K, capacity 10493K, committed 10624K, reserved 10624K
Event: 6.410 GC heap after
Heap after GC invocations=8 (full 0):
 def new generation   total 4928K, used 512K [0x04000000, 0x04550000, 0x09550000)
  eden space 4416K,   0% used [0x04000000, 0x04000000, 0x04450000)
  from space 512K, 100% used [0x04450000, 0x044d0000, 0x044d0000)
  to   space 512K,   0% used [0x044d0000, 0x044d0000, 0x04550000)
 tenured generation   total 10944K, used 9570K [0x09550000, 0x0a000000, 0x14000000)
   the space 10944K,  87% used [0x09550000, 0x09ea89f0, 0x09ea8a00, 0x0a000000)
 Metaspace       used 10260K, capacity 10493K, committed 10624K, reserved 10624K
}
Event: 6.589 GC heap before
{Heap before GC invocations=8 (full 0):
 def new generation   total 4928K, used 4928K [0x04000000, 0x04550000, 0x09550000)
  eden space 4416K, 100% used [0x04000000, 0x04450000, 0x04450000)
  from space 512K, 100% used [0x04450000, 0x044d0000, 0x044d0000)
  to   space 512K,   0% used [0x044d0000, 0x044d0000, 0x04550000)
 tenured generation   total 10944K, used 9570K [0x09550000, 0x0a000000, 0x14000000)
   the space 10944K,  87% used [0x09550000, 0x09ea89f0, 0x09ea8a00, 0x0a000000)
 Metaspace       used 10998K, capacity 11234K, committed 11264K, reserved 11648K
Event: 6.596 GC heap after
Heap after GC invocations=9 (full 0):
 def new generation   total 4928K, used 512K [0x04000000, 0x04550000, 0x09550000)
  eden space 4416K,   0% used [0x04000000, 0x04000000, 0x04450000)
  from space 512K, 100% used [0x044d0000, 0x04550000, 0x04550000)
  to   space 512K,   0% used [0x04450000, 0x04450000, 0x044d0000)
 tenured generation   total 10944K, used 10364K [0x09550000, 0x0a000000, 0x14000000)
   the space 10944K,  94% used [0x09550000, 0x09f6f1e8, 0x09f6f200, 0x0a000000)
 Metaspace       used 10998K, capacity 11234K, committed 11264K, reserved 11648K
}
Event: 44.255 GC heap before
{Heap before GC invocations=9 (full 0):
 def new generation   total 4928K, used 4928K [0x04000000, 0x04550000, 0x09550000)
  eden space 4416K, 100% used [0x04000000, 0x04450000, 0x04450000)
  from space 512K, 100% used [0x044d0000, 0x04550000, 0x04550000)
  to   space 512K,   0% used [0x04450000, 0x04450000, 0x044d0000)
 tenured generation   total 10944K, used 10364K [0x09550000, 0x0a000000, 0x14000000)
   the space 10944K,  94% used [0x09550000, 0x09f6f1e8, 0x09f6f200, 0x0a000000)
 Metaspace       used 11771K, capacity 12024K, committed 12160K, reserved 12672K
Event: 44.270 GC heap after
Heap after GC invocations=10 (full 0):
 def new generation   total 4928K, used 512K [0x04000000, 0x04550000, 0x09550000)
  eden space 4416K,   0% used [0x04000000, 0x04000000, 0x04450000)
  from space 512K, 100% used [0x04450000, 0x044d0000, 0x044d0000)
  to   space 512K,   0% used [0x044d0000, 0x044d0000, 0x04550000)
 tenured generation   total 10944K, used 10831K [0x09550000, 0x0a000000, 0x14000000)
   the space 10944K,  98% used [0x09550000, 0x09fe3f38, 0x09fe4000, 0x0a000000)
 Metaspace       used 11771K, capacity 12024K, committed 12160K, reserved 12672K
}
Event: 44.354 GC heap before
{Heap before GC invocations=10 (full 0):
 def new generation   total 4928K, used 4928K [0x04000000, 0x04550000, 0x09550000)
  eden space 4416K, 100% used [0x04000000, 0x04450000, 0x04450000)
  from space 512K, 100% used [0x04450000, 0x044d0000, 0x044d0000)
  to   space 512K,   0% used [0x044d0000, 0x044d0000, 0x04550000)
 tenured generation   total 10944K, used 10831K [0x09550000, 0x0a000000, 0x14000000)
   the space 10944K,  98% used [0x09550000, 0x09fe3f38, 0x09fe4000, 0x0a000000)
 Metaspace       used 11771K, capacity 12024K, committed 12160K, reserved 12672K
Event: 44.407 GC heap after
Heap after GC invocations=11 (full 1):
 def new generation   total 8320K, used 0K [0x04000000, 0x04900000, 0x09550000)
  eden space 7424K,   0% used [0x04000000, 0x04000000, 0x04740000)
  from space 896K,   0% used [0x04740000, 0x04740000, 0x04820000)
  to   space 896K,   0% used [0x04820000, 0x04820000, 0x04900000)
 tenured generation   total 18304K, used 10980K [0x09550000, 0x0a730000, 0x14000000)
   the space 18304K,  59% used [0x09550000, 0x0a009020, 0x0a009200, 0x0a730000)
 Metaspace       used 11746K, capacity 11984K, committed 12160K, reserved 12672K
}
Event: 49.275 GC heap before
{Heap before GC invocations=11 (full 1):
 def new generation   total 8320K, used 7424K [0x04000000, 0x04900000, 0x09550000)
  eden space 7424K, 100% used [0x04000000, 0x04740000, 0x04740000)
  from space 896K,   0% used [0x04740000, 0x04740000, 0x04820000)
  to   space 896K,   0% used [0x04820000, 0x04820000, 0x04900000)
 tenured generation   total 18304K, used 10980K [0x09550000, 0x0a730000, 0x14000000)
   the space 18304K,  59% used [0x09550000, 0x0a009020, 0x0a009200, 0x0a730000)
 Metaspace       used 11767K, capacity 12016K, committed 12160K, reserved 12672K
Event: 49.286 GC heap after
Heap after GC invocations=12 (full 1):
 def new generation   total 8320K, used 779K [0x04000000, 0x04900000, 0x09550000)
  eden space 7424K,   0% used [0x04000000, 0x04000000, 0x04740000)
  from space 896K,  87% used [0x04820000, 0x048e2f30, 0x04900000)
  to   space 896K,   0% used [0x04740000, 0x04740000, 0x04820000)
 tenured generation   total 18304K, used 10980K [0x09550000, 0x0a730000, 0x14000000)
   the space 18304K,  59% used [0x09550000, 0x0a009020, 0x0a009200, 0x0a730000)
 Metaspace       used 11767K, capacity 12016K, committed 12160K, reserved 12672K
}

