# JRE version: Java(TM) SE Runtime Environment (8.0_181-b13) (build 1.8.0_181-b13)
# Java VM: Java HotSpot(TM) Client VM (25.181-b13 mixed mode, sharing windows-x86 )
Heap:
 def new generation   total 8320K, used 905K [0x03e00000, 0x04700000, 0x09350000)
  eden space 7424K,  12% used [0x03e00000, 0x03ee25f0, 0x04540000)
  from space 896K,   0% used [0x04540000, 0x04540000, 0x04620000)
  to   space 896K,   0% used [0x04620000, 0x04620000, 0x04700000)
 tenured generation   total 18348K, used 11006K [0x09350000, 0x0a53b000, 0x13e00000)
   the space 18348K,  59% used [0x09350000, 0x09e0f9e8, 0x09e0fa00, 0x0a53b000)
 Metaspace       used 4002K, capacity 4233K, committed 4288K, reserved 4480K
GC Heap History (10 events):
Event: 7.530 GC heap before
{Heap before GC invocations=8 (full 0):
 def new generation   total 4928K, used 4928K [0x03e00000, 0x04350000, 0x09350000)
  eden space 4416K, 100% used [0x03e00000, 0x04250000, 0x04250000)
  from space 512K, 100% used [0x04250000, 0x042d0000, 0x042d0000)
  to   space 512K,   0% used [0x042d0000, 0x042d0000, 0x04350000)
 tenured generation   total 10944K, used 9349K [0x09350000, 0x09e00000, 0x13e00000)
   the space 10944K,  85% used [0x09350000, 0x09c71570, 0x09c71600, 0x09e00000)
 Metaspace       used 3356K, capacity 3795K, committed 3904K, reserved 4480K
Event: 7.537 GC heap after
Heap after GC invocations=9 (full 0):
 def new generation   total 4928K, used 512K [0x03e00000, 0x04350000, 0x09350000)
  eden space 4416K,   0% used [0x03e00000, 0x03e00000, 0x04250000)
  from space 512K, 100% used [0x042d0000, 0x04350000, 0x04350000)
  to   space 512K,   0% used [0x04250000, 0x04250000, 0x042d0000)
 tenured generation   total 10944K, used 10146K [0x09350000, 0x09e00000, 0x13e00000)
   the space 10944K,  92% used [0x09350000, 0x09d38ac0, 0x09d38c00, 0x09e00000)
 Metaspace       used 3356K, capacity 3795K, committed 3904K, reserved 4480K
}
Event: 106.667 GC heap before
{Heap before GC invocations=9 (full 0):
 def new generation   total 4928K, used 4928K [0x03e00000, 0x04350000, 0x09350000)
  eden space 4416K, 100% used [0x03e00000, 0x04250000, 0x04250000)
  from space 512K, 100% used [0x042d0000, 0x04350000, 0x04350000)
  to   space 512K,   0% used [0x04250000, 0x04250000, 0x042d0000)
 tenured generation   total 10944K, used 10146K [0x09350000, 0x09e00000, 0x13e00000)
   the space 10944K,  92% used [0x09350000, 0x09d38ac0, 0x09d38c00, 0x09e00000)
 Metaspace       used 3977K, capacity 4207K, committed 4288K, reserved 4480K
Event: 106.685 GC heap after
Heap after GC invocations=10 (full 0):
 def new generation   total 4928K, used 512K [0x03e00000, 0x04350000, 0x09350000)
  eden space 4416K,   0% used [0x03e00000, 0x03e00000, 0x04250000)
  from space 512K, 100% used [0x04250000, 0x042d0000, 0x042d0000)
  to   space 512K,   0% used [0x042d0000, 0x042d0000, 0x04350000)
 tenured generation   total 10944K, used 10427K [0x09350000, 0x09e00000, 0x13e00000)
   the space 10944K,  95% used [0x09350000, 0x09d7ef30, 0x09d7f000, 0x09e00000)
 Metaspace       used 3977K, capacity 4207K, committed 4288K, reserved 4480K
}
Event: 106.777 GC heap before
{Heap before GC invocations=10 (full 0):
 def new generation   total 4928K, used 4928K [0x03e00000, 0x04350000, 0x09350000)
  eden space 4416K, 100% used [0x03e00000, 0x04250000, 0x04250000)
  from space 512K, 100% used [0x04250000, 0x042d0000, 0x042d0000)
  to   space 512K,   0% used [0x042d0000, 0x042d0000, 0x04350000)
 tenured generation   total 10944K, used 10427K [0x09350000, 0x09e00000, 0x13e00000)
   the space 10944K,  95% used [0x09350000, 0x09d7ef30, 0x09d7f000, 0x09e00000)
 Metaspace       used 3977K, capacity 4207K, committed 4288K, reserved 4480K
Event: 106.782 GC heap after
Heap after GC invocations=11 (full 0):
 def new generation   total 4928K, used 129K [0x03e00000, 0x04350000, 0x09350000)
  eden space 4416K,   0% used [0x03e00000, 0x03e00000, 0x04250000)
  from space 512K,  25% used [0x042d0000, 0x042f0638, 0x04350000)
  to   space 512K,   0% used [0x04250000, 0x04250000, 0x042d0000)
 tenured generation   total 10944K, used 10696K [0x09350000, 0x09e00000, 0x13e00000)
   the space 10944K,  97% used [0x09350000, 0x09dc2028, 0x09dc2200, 0x09e00000)
 Metaspace       used 3977K, capacity 4207K, committed 4288K, reserved 4480K
}
Event: 106.830 GC heap before
{Heap before GC invocations=11 (full 0):
 def new generation   total 4928K, used 4545K [0x03e00000, 0x04350000, 0x09350000)
  eden space 4416K, 100% used [0x03e00000, 0x04250000, 0x04250000)
  from space 512K,  25% used [0x042d0000, 0x042f0638, 0x04350000)
  to   space 512K,   0% used [0x04250000, 0x04250000, 0x042d0000)
 tenured generation   total 10944K, used 10696K [0x09350000, 0x09e00000, 0x13e00000)
   the space 10944K,  97% used [0x09350000, 0x09dc2028, 0x09dc2200, 0x09e00000)
 Metaspace       used 3977K, capacity 4207K, committed 4288K, reserved 4480K
Event: 106.832 GC heap after
Heap after GC invocations=12 (full 0):
 def new generation   total 4928K, used 125K [0x03e00000, 0x04350000, 0x09350000)
  eden space 4416K,   0% used [0x03e00000, 0x03e00000, 0x04250000)
  from space 512K,  24% used [0x04250000, 0x0426f768, 0x042d0000)
  to   space 512K,   0% used [0x042d0000, 0x042d0000, 0x04350000)
 tenured generation   total 10944K, used 10696K [0x09350000, 0x09e00000, 0x13e00000)
   the space 10944K,  97% used [0x09350000, 0x09dc2028, 0x09dc2200, 0x09e00000)
 Metaspace       used 3977K, capacity 4207K, committed 4288K, reserved 4480K
}
Event: 121.934 GC heap before
{Heap before GC invocations=12 (full 0):
 def new generation   total 4928K, used 4409K [0x03e00000, 0x04350000, 0x09350000)
  eden space 4416K,  97% used [0x03e00000, 0x0422ef28, 0x04250000)
  from space 512K,  24% used [0x04250000, 0x0426f768, 0x042d0000)
  to   space 512K,   0% used [0x042d0000, 0x042d0000, 0x04350000)
 tenured generation   total 10944K, used 10696K [0x09350000, 0x09e00000, 0x13e00000)
   the space 10944K,  97% used [0x09350000, 0x09dc2028, 0x09dc2200, 0x09e00000)
 Metaspace       used 4007K, capacity 4271K, committed 4288K, reserved 4480K
Event: 122.036 GC heap after
Heap after GC invocations=13 (full 1):
 def new generation   total 8320K, used 0K [0x03e00000, 0x04700000, 0x09350000)
  eden space 7424K,   0% used [0x03e00000, 0x03e00000, 0x04540000)
  from space 896K,   0% used [0x04540000, 0x04540000, 0x04620000)
  to   space 896K,   0% used [0x04620000, 0x04620000, 0x04700000)
 tenured generation   total 18348K, used 11006K [0x09350000, 0x0a53b000, 0x13e00000)
   the space 18348K,  59% used [0x09350000, 0x09e0f9e8, 0x09e0fa00, 0x0a53b000)
 Metaspace       used 3983K, capacity 4233K, committed 4288K, reserved 4480K
}

