# JRE version: Java(TM) SE Runtime Environment (8.0_181-b13) (build 1.8.0_181-b13)
# Java VM: Java HotSpot(TM) Client VM (25.181-b13 mixed mode, sharing windows-x86 )
Heap:
 def new generation   total 8384K, used 1262K [0x03e00000, 0x04710000, 0x09350000)
  eden space 7488K,  16% used [0x03e00000, 0x03f3b9a0, 0x04550000)
  from space 896K,   0% used [0x04550000, 0x04550000, 0x04630000)
  to   space 896K,   0% used [0x04630000, 0x04630000, 0x04710000)
 tenured generation   total 18420K, used 11049K [0x09350000, 0x0a54d000, 0x13e00000)
   the space 18420K,  59% used [0x09350000, 0x09e1a6c8, 0x09e1a800, 0x0a54d000)
 Metaspace       used 3865K, capacity 4100K, committed 4160K, reserved 4480K
GC Heap History (10 events):
Event: 10.323 GC heap before
{Heap before GC invocations=5 (full 0):
 def new generation   total 4928K, used 4486K [0x03e00000, 0x04350000, 0x09350000)
  eden space 4416K, 100% used [0x03e00000, 0x04250000, 0x04250000)
  from space 512K,  13% used [0x042d0000, 0x042e1890, 0x04350000)
  to   space 512K,   0% used [0x04250000, 0x04250000, 0x042d0000)
 tenured generation   total 10944K, used 7193K [0x09350000, 0x09e00000, 0x13e00000)
   the space 10944K,  65% used [0x09350000, 0x09a56740, 0x09a56800, 0x09e00000)
 Metaspace       used 2338K, capacity 3041K, committed 3136K, reserved 4480K
Event: 10.332 GC heap after
Heap after GC invocations=6 (full 0):
 def new generation   total 4928K, used 512K [0x03e00000, 0x04350000, 0x09350000)
  eden space 4416K,   0% used [0x03e00000, 0x03e00000, 0x04250000)
  from space 512K, 100% used [0x04250000, 0x042d0000, 0x042d0000)
  to   space 512K,   0% used [0x042d0000, 0x042d0000, 0x04350000)
 tenured generation   total 10944K, used 7832K [0x09350000, 0x09e00000, 0x13e00000)
   the space 10944K,  71% used [0x09350000, 0x09af61e0, 0x09af6200, 0x09e00000)
 Metaspace       used 2338K, capacity 3041K, committed 3136K, reserved 4480K
}
Event: 10.421 GC heap before
{Heap before GC invocations=6 (full 0):
 def new generation   total 4928K, used 4928K [0x03e00000, 0x04350000, 0x09350000)
  eden space 4416K, 100% used [0x03e00000, 0x04250000, 0x04250000)
  from space 512K, 100% used [0x04250000, 0x042d0000, 0x042d0000)
  to   space 512K,   0% used [0x042d0000, 0x042d0000, 0x04350000)
 tenured generation   total 10944K, used 7832K [0x09350000, 0x09e00000, 0x13e00000)
   the space 10944K,  71% used [0x09350000, 0x09af61e0, 0x09af6200, 0x09e00000)
 Metaspace       used 2406K, capacity 3090K, committed 3136K, reserved 4480K
Event: 10.427 GC heap after
Heap after GC invocations=7 (full 0):
 def new generation   total 4928K, used 512K [0x03e00000, 0x04350000, 0x09350000)
  eden space 4416K,   0% used [0x03e00000, 0x03e00000, 0x04250000)
  from space 512K, 100% used [0x042d0000, 0x04350000, 0x04350000)
  to   space 512K,   0% used [0x04250000, 0x04250000, 0x042d0000)
 tenured generation   total 10944K, used 8453K [0x09350000, 0x09e00000, 0x13e00000)
   the space 10944K,  77% used [0x09350000, 0x09b91698, 0x09b91800, 0x09e00000)
 Metaspace       used 2406K, capacity 3090K, committed 3136K, reserved 4480K
}
Event: 10.564 GC heap before
{Heap before GC invocations=7 (full 0):
 def new generation   total 4928K, used 4928K [0x03e00000, 0x04350000, 0x09350000)
  eden space 4416K, 100% used [0x03e00000, 0x04250000, 0x04250000)
  from space 512K, 100% used [0x042d0000, 0x04350000, 0x04350000)
  to   space 512K,   0% used [0x04250000, 0x04250000, 0x042d0000)
 tenured generation   total 10944K, used 8453K [0x09350000, 0x09e00000, 0x13e00000)
   the space 10944K,  77% used [0x09350000, 0x09b91698, 0x09b91800, 0x09e00000)
 Metaspace       used 2705K, capacity 3317K, committed 3392K, reserved 4480K
Event: 10.574 GC heap after
Heap after GC invocations=8 (full 0):
 def new generation   total 4928K, used 512K [0x03e00000, 0x04350000, 0x09350000)
  eden space 4416K,   0% used [0x03e00000, 0x03e00000, 0x04250000)
  from space 512K, 100% used [0x04250000, 0x042d0000, 0x042d0000)
  to   space 512K,   0% used [0x042d0000, 0x042d0000, 0x04350000)
 tenured generation   total 10944K, used 9583K [0x09350000, 0x09e00000, 0x13e00000)
   the space 10944K,  87% used [0x09350000, 0x09cabf98, 0x09cac000, 0x09e00000)
 Metaspace       used 2705K, capacity 3317K, committed 3392K, reserved 4480K
}
Event: 10.751 GC heap before
{Heap before GC invocations=8 (full 0):
 def new generation   total 4928K, used 4928K [0x03e00000, 0x04350000, 0x09350000)
  eden space 4416K, 100% used [0x03e00000, 0x04250000, 0x04250000)
  from space 512K, 100% used [0x04250000, 0x042d0000, 0x042d0000)
  to   space 512K,   0% used [0x042d0000, 0x042d0000, 0x04350000)
 tenured generation   total 10944K, used 9583K [0x09350000, 0x09e00000, 0x13e00000)
   the space 10944K,  87% used [0x09350000, 0x09cabf98, 0x09cac000, 0x09e00000)
 Metaspace       used 3360K, capacity 3802K, committed 3904K, reserved 4480K
Event: 10.757 GC heap after
Heap after GC invocations=9 (full 0):
 def new generation   total 4928K, used 512K [0x03e00000, 0x04350000, 0x09350000)
  eden space 4416K,   0% used [0x03e00000, 0x03e00000, 0x04250000)
  from space 512K, 100% used [0x042d0000, 0x04350000, 0x04350000)
  to   space 512K,   0% used [0x04250000, 0x04250000, 0x042d0000)
 tenured generation   total 10944K, used 10371K [0x09350000, 0x09e00000, 0x13e00000)
   the space 10944K,  94% used [0x09350000, 0x09d70cf8, 0x09d70e00, 0x09e00000)
 Metaspace       used 3360K, capacity 3802K, committed 3904K, reserved 4480K
}
Event: 24.811 GC heap before
{Heap before GC invocations=9 (full 0):
 def new generation   total 4928K, used 4824K [0x03e00000, 0x04350000, 0x09350000)
  eden space 4416K,  97% used [0x03e00000, 0x04236370, 0x04250000)
  from space 512K, 100% used [0x042d0000, 0x04350000, 0x04350000)
  to   space 512K,   0% used [0x04250000, 0x04250000, 0x042d0000)
 tenured generation   total 10944K, used 10371K [0x09350000, 0x09e00000, 0x13e00000)
   the space 10944K,  94% used [0x09350000, 0x09d70cf8, 0x09d70e00, 0x09e00000)
 Metaspace       used 3869K, capacity 4112K, committed 4160K, reserved 4480K
Event: 24.904 GC heap after
Heap after GC invocations=10 (full 1):
 def new generation   total 8384K, used 317K [0x03e00000, 0x04710000, 0x09350000)
  eden space 7488K,   4% used [0x03e00000, 0x03e4f6f0, 0x04550000)
  from space 896K,   0% used [0x04550000, 0x04550000, 0x04630000)
  to   space 896K,   0% used [0x04630000, 0x04630000, 0x04710000)
 tenured generation   total 18420K, used 11049K [0x09350000, 0x0a54d000, 0x13e00000)
   the space 18420K,  59% used [0x09350000, 0x09e1a6c8, 0x09e1a800, 0x0a54d000)
 Metaspace       used 3865K, capacity 4100K, committed 4160K, reserved 4480K
}

