# JRE version: Java(TM) SE Runtime Environment (8.0_181-b13) (build 1.8.0_181-b13)
# Java VM: Java HotSpot(TM) Client VM (25.181-b13 mixed mode, sharing windows-x86 )
Heap:
 def new generation   total 8000K, used 3646K [0x03e00000, 0x046a0000, 0x09350000)
  eden space 7168K,  47% used [0x03e00000, 0x04154c08, 0x04500000)
  from space 832K,  28% used [0x045d0000, 0x0460ad98, 0x046a0000)
  to   space 832K,   0% used [0x04500000, 0x04500000, 0x045d0000)
 tenured generation   total 17616K, used 10568K [0x09350000, 0x0a484000, 0x13e00000)
   the space 17616K,  59% used [0x09350000, 0x09da2028, 0x09da2200, 0x0a484000)
 Metaspace       used 4004K, capacity 4211K, committed 4288K, reserved 4480K
GC Heap History (10 events):
Event: 16.406 GC heap before
{Heap before GC invocations=7 (full 0):
 def new generation   total 4928K, used 4927K [0x03e00000, 0x04350000, 0x09350000)
  eden space 4416K, 100% used [0x03e00000, 0x04250000, 0x04250000)
  from space 512K,  99% used [0x042d0000, 0x0434fff8, 0x04350000)
  to   space 512K,   0% used [0x04250000, 0x04250000, 0x042d0000)
 tenured generation   total 10944K, used 8447K [0x09350000, 0x09e00000, 0x13e00000)
   the space 10944K,  77% used [0x09350000, 0x09b8fe70, 0x09b90000, 0x09e00000)
 Metaspace       used 2702K, capacity 3314K, committed 3392K, reserved 4480K
Event: 16.415 GC heap after
Heap after GC invocations=8 (full 0):
 def new generation   total 4928K, used 512K [0x03e00000, 0x04350000, 0x09350000)
  eden space 4416K,   0% used [0x03e00000, 0x03e00000, 0x04250000)
  from space 512K, 100% used [0x04250000, 0x042d0000, 0x042d0000)
  to   space 512K,   0% used [0x042d0000, 0x042d0000, 0x04350000)
 tenured generation   total 10944K, used 9564K [0x09350000, 0x09e00000, 0x13e00000)
   the space 10944K,  87% used [0x09350000, 0x09ca7208, 0x09ca7400, 0x09e00000)
 Metaspace       used 2702K, capacity 3314K, committed 3392K, reserved 4480K
}
Event: 16.616 GC heap before
{Heap before GC invocations=8 (full 0):
 def new generation   total 4928K, used 4928K [0x03e00000, 0x04350000, 0x09350000)
  eden space 4416K, 100% used [0x03e00000, 0x04250000, 0x04250000)
  from space 512K, 100% used [0x04250000, 0x042d0000, 0x042d0000)
  to   space 512K,   0% used [0x042d0000, 0x042d0000, 0x04350000)
 tenured generation   total 10944K, used 9564K [0x09350000, 0x09e00000, 0x13e00000)
   the space 10944K,  87% used [0x09350000, 0x09ca7208, 0x09ca7400, 0x09e00000)
 Metaspace       used 3354K, capacity 3802K, committed 3904K, reserved 4480K
Event: 16.622 GC heap after
Heap after GC invocations=9 (full 0):
 def new generation   total 4928K, used 512K [0x03e00000, 0x04350000, 0x09350000)
  eden space 4416K,   0% used [0x03e00000, 0x03e00000, 0x04250000)
  from space 512K, 100% used [0x042d0000, 0x04350000, 0x04350000)
  to   space 512K,   0% used [0x04250000, 0x04250000, 0x042d0000)
 tenured generation   total 10944K, used 10366K [0x09350000, 0x09e00000, 0x13e00000)
   the space 10944K,  94% used [0x09350000, 0x09d6fa80, 0x09d6fc00, 0x09e00000)
 Metaspace       used 3354K, capacity 3802K, committed 3904K, reserved 4480K
}
Event: 51.060 GC heap before
{Heap before GC invocations=9 (full 0):
 def new generation   total 4928K, used 4928K [0x03e00000, 0x04350000, 0x09350000)
  eden space 4416K, 100% used [0x03e00000, 0x04250000, 0x04250000)
  from space 512K, 100% used [0x042d0000, 0x04350000, 0x04350000)
  to   space 512K,   0% used [0x04250000, 0x04250000, 0x042d0000)
 tenured generation   total 10944K, used 10366K [0x09350000, 0x09e00000, 0x13e00000)
   the space 10944K,  94% used [0x09350000, 0x09d6fa80, 0x09d6fc00, 0x09e00000)
 Metaspace       used 3978K, capacity 4219K, committed 4288K, reserved 4480K
Event: 51.068 GC heap after
Heap after GC invocations=10 (full 0):
 def new generation   total 4928K, used 512K [0x03e00000, 0x04350000, 0x09350000)
  eden space 4416K,   0% used [0x03e00000, 0x03e00000, 0x04250000)
  from space 512K, 100% used [0x04250000, 0x042d0000, 0x042d0000)
  to   space 512K,   0% used [0x042d0000, 0x042d0000, 0x04350000)
 tenured generation   total 10944K, used 10730K [0x09350000, 0x09e00000, 0x13e00000)
   the space 10944K,  98% used [0x09350000, 0x09dca930, 0x09dcaa00, 0x09e00000)
 Metaspace       used 3978K, capacity 4219K, committed 4288K, reserved 4480K
}
Event: 51.146 GC heap before
{Heap before GC invocations=10 (full 0):
 def new generation   total 4928K, used 4928K [0x03e00000, 0x04350000, 0x09350000)
  eden space 4416K, 100% used [0x03e00000, 0x04250000, 0x04250000)
  from space 512K, 100% used [0x04250000, 0x042d0000, 0x042d0000)
  to   space 512K,   0% used [0x042d0000, 0x042d0000, 0x04350000)
 tenured generation   total 10944K, used 10730K [0x09350000, 0x09e00000, 0x13e00000)
   the space 10944K,  98% used [0x09350000, 0x09dca930, 0x09dcaa00, 0x09e00000)
 Metaspace       used 3978K, capacity 4219K, committed 4288K, reserved 4480K
Event: 51.190 GC heap after
Heap after GC invocations=11 (full 1):
 def new generation   total 8000K, used 0K [0x03e00000, 0x046a0000, 0x09350000)
  eden space 7168K,   0% used [0x03e00000, 0x03e00000, 0x04500000)
  from space 832K,   0% used [0x04500000, 0x04500000, 0x045d0000)
  to   space 832K,   0% used [0x045d0000, 0x045d0000, 0x046a0000)
 tenured generation   total 17616K, used 10568K [0x09350000, 0x0a484000, 0x13e00000)
   the space 17616K,  59% used [0x09350000, 0x09da2028, 0x09da2200, 0x0a484000)
 Metaspace       used 3953K, capacity 4179K, committed 4288K, reserved 4480K
}
Event: 54.270 GC heap before
{Heap before GC invocations=11 (full 1):
 def new generation   total 8000K, used 6905K [0x03e00000, 0x046a0000, 0x09350000)
  eden space 7168K,  96% used [0x03e00000, 0x044be5d8, 0x04500000)
  from space 832K,   0% used [0x04500000, 0x04500000, 0x045d0000)
  to   space 832K,   0% used [0x045d0000, 0x045d0000, 0x046a0000)
 tenured generation   total 17616K, used 10568K [0x09350000, 0x0a484000, 0x13e00000)
   the space 17616K,  59% used [0x09350000, 0x09da2028, 0x09da2200, 0x0a484000)
 Metaspace       used 3971K, capacity 4211K, committed 4288K, reserved 4480K
Event: 54.278 GC heap after
Heap after GC invocations=12 (full 1):
 def new generation   total 8000K, used 235K [0x03e00000, 0x046a0000, 0x09350000)
  eden space 7168K,   0% used [0x03e00000, 0x03e00000, 0x04500000)
  from space 832K,  28% used [0x045d0000, 0x0460ad98, 0x046a0000)
  to   space 832K,   0% used [0x04500000, 0x04500000, 0x045d0000)
 tenured generation   total 17616K, used 10568K [0x09350000, 0x0a484000, 0x13e00000)
   the space 17616K,  59% used [0x09350000, 0x09da2028, 0x09da2200, 0x0a484000)
 Metaspace       used 3971K, capacity 4211K, committed 4288K, reserved 4480K
}

