# JRE version: Java(TM) SE Runtime Environment (8.0_181-b13) (build 1.8.0_181-b13)
# Java VM: Java HotSpot(TM) Client VM (25.181-b13 mixed mode windows-x86 )
Heap:
 def new generation   total 8320K, used 2256K [0x03e00000, 0x04700000, 0x09350000)
  eden space 7424K,  20% used [0x03e00000, 0x03f7cfc0, 0x04540000)
  from space 896K,  81% used [0x04620000, 0x046d7198, 0x04700000)
  to   space 896K,   0% used [0x04540000, 0x04540000, 0x04620000)
 tenured generation   total 18380K, used 11026K [0x09350000, 0x0a543000, 0x13e00000)
   the space 18380K,  59% used [0x09350000, 0x09e14a58, 0x09e14c00, 0x0a543000)
 Metaspace       used 11971K, capacity 12176K, committed 12288K, reserved 12672K
GC Heap History (10 events):
Event: 21.075 GC heap before
{Heap before GC invocations=7 (full 0):
 def new generation   total 4928K, used 4927K [0x03e00000, 0x04350000, 0x09350000)
  eden space 4416K, 100% used [0x03e00000, 0x04250000, 0x04250000)
  from space 512K,  99% used [0x042d0000, 0x0434fff8, 0x04350000)
  to   space 512K,   0% used [0x04250000, 0x04250000, 0x042d0000)
 tenured generation   total 10944K, used 8457K [0x09350000, 0x09e00000, 0x13e00000)
   the space 10944K,  77% used [0x09350000, 0x09b92418, 0x09b92600, 0x09e00000)
 Metaspace       used 10436K, capacity 10650K, committed 10752K, reserved 11648K
Event: 21.085 GC heap after
Heap after GC invocations=8 (full 0):
 def new generation   total 4928K, used 512K [0x03e00000, 0x04350000, 0x09350000)
  eden space 4416K,   0% used [0x03e00000, 0x03e00000, 0x04250000)
  from space 512K, 100% used [0x04250000, 0x042d0000, 0x042d0000)
  to   space 512K,   0% used [0x042d0000, 0x042d0000, 0x04350000)
 tenured generation   total 10944K, used 9571K [0x09350000, 0x09e00000, 0x13e00000)
   the space 10944K,  87% used [0x09350000, 0x09ca8db0, 0x09ca8e00, 0x09e00000)
 Metaspace       used 10436K, capacity 10650K, committed 10752K, reserved 11648K
}
Event: 21.304 GC heap before
{Heap before GC invocations=8 (full 0):
 def new generation   total 4928K, used 4928K [0x03e00000, 0x04350000, 0x09350000)
  eden space 4416K, 100% used [0x03e00000, 0x04250000, 0x04250000)
  from space 512K, 100% used [0x04250000, 0x042d0000, 0x042d0000)
  to   space 512K,   0% used [0x042d0000, 0x042d0000, 0x04350000)
 tenured generation   total 10944K, used 9571K [0x09350000, 0x09e00000, 0x13e00000)
   the space 10944K,  87% used [0x09350000, 0x09ca8db0, 0x09ca8e00, 0x09e00000)
 Metaspace       used 11186K, capacity 11426K, committed 11520K, reserved 11648K
Event: 21.311 GC heap after
Heap after GC invocations=9 (full 0):
 def new generation   total 4928K, used 512K [0x03e00000, 0x04350000, 0x09350000)
  eden space 4416K,   0% used [0x03e00000, 0x03e00000, 0x04250000)
  from space 512K, 100% used [0x042d0000, 0x04350000, 0x04350000)
  to   space 512K,   0% used [0x04250000, 0x04250000, 0x042d0000)
 tenured generation   total 10944K, used 10371K [0x09350000, 0x09e00000, 0x13e00000)
   the space 10944K,  94% used [0x09350000, 0x09d70d50, 0x09d70e00, 0x09e00000)
 Metaspace       used 11186K, capacity 11426K, committed 11520K, reserved 11648K
}
Event: 68.548 GC heap before
{Heap before GC invocations=9 (full 0):
 def new generation   total 4928K, used 4928K [0x03e00000, 0x04350000, 0x09350000)
  eden space 4416K, 100% used [0x03e00000, 0x04250000, 0x04250000)
  from space 512K, 100% used [0x042d0000, 0x04350000, 0x04350000)
  to   space 512K,   0% used [0x04250000, 0x04250000, 0x042d0000)
 tenured generation   total 10944K, used 10371K [0x09350000, 0x09e00000, 0x13e00000)
   the space 10944K,  94% used [0x09350000, 0x09d70d50, 0x09d70e00, 0x09e00000)
 Metaspace       used 11975K, capacity 12216K, committed 12288K, reserved 12672K
Event: 68.564 GC heap after
Heap after GC invocations=10 (full 0):
 def new generation   total 4928K, used 512K [0x03e00000, 0x04350000, 0x09350000)
  eden space 4416K,   0% used [0x03e00000, 0x03e00000, 0x04250000)
  from space 512K, 100% used [0x04250000, 0x042d0000, 0x042d0000)
  to   space 512K,   0% used [0x042d0000, 0x042d0000, 0x04350000)
 tenured generation   total 10944K, used 10874K [0x09350000, 0x09e00000, 0x13e00000)
   the space 10944K,  99% used [0x09350000, 0x09dee940, 0x09deea00, 0x09e00000)
 Metaspace       used 11975K, capacity 12216K, committed 12288K, reserved 12672K
}
Event: 68.650 GC heap before
{Heap before GC invocations=10 (full 0):
 def new generation   total 4928K, used 4928K [0x03e00000, 0x04350000, 0x09350000)
  eden space 4416K, 100% used [0x03e00000, 0x04250000, 0x04250000)
  from space 512K, 100% used [0x04250000, 0x042d0000, 0x042d0000)
  to   space 512K,   0% used [0x042d0000, 0x042d0000, 0x04350000)
 tenured generation   total 10944K, used 10874K [0x09350000, 0x09e00000, 0x13e00000)
   the space 10944K,  99% used [0x09350000, 0x09dee940, 0x09deea00, 0x09e00000)
 Metaspace       used 11975K, capacity 12216K, committed 12288K, reserved 12672K
Event: 68.701 GC heap after
Heap after GC invocations=11 (full 1):
 def new generation   total 8320K, used 0K [0x03e00000, 0x04700000, 0x09350000)
  eden space 7424K,   0% used [0x03e00000, 0x03e00000, 0x04540000)
  from space 896K,   0% used [0x04540000, 0x04540000, 0x04620000)
  to   space 896K,   0% used [0x04620000, 0x04620000, 0x04700000)
 tenured generation   total 18380K, used 11026K [0x09350000, 0x0a543000, 0x13e00000)
   the space 18380K,  59% used [0x09350000, 0x09e14a58, 0x09e14c00, 0x0a543000)
 Metaspace       used 11951K, capacity 12176K, committed 12288K, reserved 12672K
}
Event: 76.148 GC heap before
{Heap before GC invocations=11 (full 1):
 def new generation   total 8320K, used 7424K [0x03e00000, 0x04700000, 0x09350000)
  eden space 7424K, 100% used [0x03e00000, 0x04540000, 0x04540000)
  from space 896K,   0% used [0x04540000, 0x04540000, 0x04620000)
  to   space 896K,   0% used [0x04620000, 0x04620000, 0x04700000)
 tenured generation   total 18380K, used 11026K [0x09350000, 0x0a543000, 0x13e00000)
   the space 18380K,  59% used [0x09350000, 0x09e14a58, 0x09e14c00, 0x0a543000)
 Metaspace       used 11971K, capacity 12176K, committed 12288K, reserved 12672K
Event: 76.155 GC heap after
Heap after GC invocations=12 (full 1):
 def new generation   total 8320K, used 732K [0x03e00000, 0x04700000, 0x09350000)
  eden space 7424K,   0% used [0x03e00000, 0x03e00000, 0x04540000)
  from space 896K,  81% used [0x04620000, 0x046d7198, 0x04700000)
  to   space 896K,   0% used [0x04540000, 0x04540000, 0x04620000)
 tenured generation   total 18380K, used 11026K [0x09350000, 0x0a543000, 0x13e00000)
   the space 18380K,  59% used [0x09350000, 0x09e14a58, 0x09e14c00, 0x0a543000)
 Metaspace       used 11971K, capacity 12176K, committed 12288K, reserved 12672K
}

