# JRE version: Java(TM) SE Runtime Environment (8.0_181-b13) (build 1.8.0_181-b13)
# Java VM: Java HotSpot(TM) Client VM (25.181-b13 mixed mode, sharing windows-x86 )
Heap:
 def new generation   total 8448K, used 1017K [0x03e00000, 0x04720000, 0x09350000)
  eden space 7552K,  13% used [0x03e00000, 0x03efe7f8, 0x04560000)
  from space 896K,   0% used [0x04560000, 0x04560000, 0x04640000)
  to   space 896K,   0% used [0x04640000, 0x04640000, 0x04720000)
 tenured generation   total 18652K, used 11190K [0x09350000, 0x0a587000, 0x13e00000)
   the space 18652K,  59% used [0x09350000, 0x09e3db18, 0x09e3dc00, 0x0a587000)
 Metaspace       used 4023K, capacity 4248K, committed 4288K, reserved 4480K
GC Heap History (10 events):
Event: 9.501 GC heap before
{Heap before GC invocations=8 (full 0):
 def new generation   total 4928K, used 4928K [0x03e00000, 0x04350000, 0x09350000)
  eden space 4416K, 100% used [0x03e00000, 0x04250000, 0x04250000)
  from space 512K, 100% used [0x04250000, 0x042d0000, 0x042d0000)
  to   space 512K,   0% used [0x042d0000, 0x042d0000, 0x04350000)
 tenured generation   total 10944K, used 9534K [0x09350000, 0x09e00000, 0x13e00000)
   the space 10944K,  87% used [0x09350000, 0x09c9fae0, 0x09c9fc00, 0x09e00000)
 Metaspace       used 3349K, capacity 3770K, committed 3776K, reserved 4480K
Event: 9.508 GC heap after
Heap after GC invocations=9 (full 0):
 def new generation   total 4928K, used 512K [0x03e00000, 0x04350000, 0x09350000)
  eden space 4416K,   0% used [0x03e00000, 0x03e00000, 0x04250000)
  from space 512K, 100% used [0x042d0000, 0x04350000, 0x04350000)
  to   space 512K,   0% used [0x04250000, 0x04250000, 0x042d0000)
 tenured generation   total 10944K, used 10325K [0x09350000, 0x09e00000, 0x13e00000)
   the space 10944K,  94% used [0x09350000, 0x09d65400, 0x09d65400, 0x09e00000)
 Metaspace       used 3349K, capacity 3770K, committed 3776K, reserved 4480K
}
Event: 59.237 GC heap before
{Heap before GC invocations=9 (full 0):
 def new generation   total 4928K, used 4928K [0x03e00000, 0x04350000, 0x09350000)
  eden space 4416K, 100% used [0x03e00000, 0x04250000, 0x04250000)
  from space 512K, 100% used [0x042d0000, 0x04350000, 0x04350000)
  to   space 512K,   0% used [0x04250000, 0x04250000, 0x042d0000)
 tenured generation   total 10944K, used 10325K [0x09350000, 0x09e00000, 0x13e00000)
   the space 10944K,  94% used [0x09350000, 0x09d65400, 0x09d65400, 0x09e00000)
 Metaspace       used 3891K, capacity 4155K, committed 4160K, reserved 4480K
Event: 59.253 GC heap after
Heap after GC invocations=10 (full 0):
 def new generation   total 4928K, used 512K [0x03e00000, 0x04350000, 0x09350000)
  eden space 4416K,   0% used [0x03e00000, 0x03e00000, 0x04250000)
  from space 512K, 100% used [0x04250000, 0x042d0000, 0x042d0000)
  to   space 512K,   0% used [0x042d0000, 0x042d0000, 0x04350000)
 tenured generation   total 10944K, used 10544K [0x09350000, 0x09e00000, 0x13e00000)
   the space 10944K,  96% used [0x09350000, 0x09d9c080, 0x09d9c200, 0x09e00000)
 Metaspace       used 3891K, capacity 4155K, committed 4160K, reserved 4480K
}
Event: 60.680 GC heap before
{Heap before GC invocations=10 (full 0):
 def new generation   total 4928K, used 4928K [0x03e00000, 0x04350000, 0x09350000)
  eden space 4416K, 100% used [0x03e00000, 0x04250000, 0x04250000)
  from space 512K, 100% used [0x04250000, 0x042d0000, 0x042d0000)
  to   space 512K,   0% used [0x042d0000, 0x042d0000, 0x04350000)
 tenured generation   total 10944K, used 10544K [0x09350000, 0x09e00000, 0x13e00000)
   the space 10944K,  96% used [0x09350000, 0x09d9c080, 0x09d9c200, 0x09e00000)
 Metaspace       used 3995K, capacity 4251K, committed 4288K, reserved 4480K
Event: 60.686 GC heap after
Heap after GC invocations=11 (full 0):
 def new generation   total 4928K, used 228K [0x03e00000, 0x04350000, 0x09350000)
  eden space 4416K,   0% used [0x03e00000, 0x03e00000, 0x04250000)
  from space 512K,  44% used [0x042d0000, 0x043090e8, 0x04350000)
  to   space 512K,   0% used [0x04250000, 0x04250000, 0x042d0000)
 tenured generation   total 10944K, used 10738K [0x09350000, 0x09e00000, 0x13e00000)
   the space 10944K,  98% used [0x09350000, 0x09dcc9a0, 0x09dcca00, 0x09e00000)
 Metaspace       used 3995K, capacity 4251K, committed 4288K, reserved 4480K
}
Event: 60.733 GC heap before
{Heap before GC invocations=11 (full 0):
 def new generation   total 4928K, used 4644K [0x03e00000, 0x04350000, 0x09350000)
  eden space 4416K, 100% used [0x03e00000, 0x04250000, 0x04250000)
  from space 512K,  44% used [0x042d0000, 0x043090e8, 0x04350000)
  to   space 512K,   0% used [0x04250000, 0x04250000, 0x042d0000)
 tenured generation   total 10944K, used 10738K [0x09350000, 0x09e00000, 0x13e00000)
   the space 10944K,  98% used [0x09350000, 0x09dcc9a0, 0x09dcca00, 0x09e00000)
 Metaspace       used 3995K, capacity 4251K, committed 4288K, reserved 4480K
Event: 60.736 GC heap after
Heap after GC invocations=12 (full 0):
 def new generation   total 4928K, used 221K [0x03e00000, 0x04350000, 0x09350000)
  eden space 4416K,   0% used [0x03e00000, 0x03e00000, 0x04250000)
  from space 512K,  43% used [0x04250000, 0x042875f0, 0x042d0000)
  to   space 512K,   0% used [0x042d0000, 0x042d0000, 0x04350000)
 tenured generation   total 10944K, used 10738K [0x09350000, 0x09e00000, 0x13e00000)
   the space 10944K,  98% used [0x09350000, 0x09dcc9a0, 0x09dcca00, 0x09e00000)
 Metaspace       used 3995K, capacity 4251K, committed 4288K, reserved 4480K
}
Event: 67.392 GC heap before
{Heap before GC invocations=12 (full 0):
 def new generation   total 4928K, used 4637K [0x03e00000, 0x04350000, 0x09350000)
  eden space 4416K, 100% used [0x03e00000, 0x04250000, 0x04250000)
  from space 512K,  43% used [0x04250000, 0x042875f0, 0x042d0000)
  to   space 512K,   0% used [0x042d0000, 0x042d0000, 0x04350000)
 tenured generation   total 10944K, used 10738K [0x09350000, 0x09e00000, 0x13e00000)
   the space 10944K,  98% used [0x09350000, 0x09dcc9a0, 0x09dcca00, 0x09e00000)
 Metaspace       used 4019K, capacity 4283K, committed 4288K, reserved 4480K
Event: 67.495 GC heap after
Heap after GC invocations=13 (full 1):
 def new generation   total 8448K, used 0K [0x03e00000, 0x04720000, 0x09350000)
  eden space 7552K,   0% used [0x03e00000, 0x03e00000, 0x04560000)
  from space 896K,   0% used [0x04560000, 0x04560000, 0x04640000)
  to   space 896K,   0% used [0x04640000, 0x04640000, 0x04720000)
 tenured generation   total 18652K, used 11190K [0x09350000, 0x0a587000, 0x13e00000)
   the space 18652K,  59% used [0x09350000, 0x09e3db18, 0x09e3dc00, 0x0a587000)
 Metaspace       used 3998K, capacity 4248K, committed 4288K, reserved 4480K
}

