# JRE version: Java(TM) SE Runtime Environment (8.0_181-b13) (build 1.8.0_181-b13)
# Java VM: Java HotSpot(TM) Client VM (25.181-b13 mixed mode, sharing windows-x86 )
Heap:
 def new generation   total 4928K, used 4301K [0x03e00000, 0x04350000, 0x09350000)
  eden space 4416K,  85% used [0x03e00000, 0x041b34b0, 0x04250000)
  from space 512K, 100% used [0x042d0000, 0x04350000, 0x04350000)
  to   space 512K,   0% used [0x04250000, 0x04250000, 0x042d0000)
 tenured generation   total 10944K, used 10376K [0x09350000, 0x09e00000, 0x13e00000)
   the space 10944K,  94% used [0x09350000, 0x09d72048, 0x09d72200, 0x09e00000)
 Metaspace       used 3885K, capacity 4112K, committed 4160K, reserved 4480K
GC Heap History (10 events):
Event: 20.482 GC heap before
{Heap before GC invocations=4 (full 0):
 def new generation   total 4928K, used 4674K [0x03e00000, 0x04350000, 0x09350000)
  eden space 4416K, 100% used [0x03e00000, 0x04250000, 0x04250000)
  from space 512K,  50% used [0x04250000, 0x042909b8, 0x042d0000)
  to   space 512K,   0% used [0x042d0000, 0x042d0000, 0x04350000)
 tenured generation   total 10944K, used 3030K [0x09350000, 0x09e00000, 0x13e00000)
   the space 10944K,  27% used [0x09350000, 0x096459f8, 0x09645a00, 0x09e00000)
 Metaspace       used 1310K, capacity 2804K, committed 2880K, reserved 4480K
Event: 20.504 GC heap after
Heap after GC invocations=5 (full 0):
 def new generation   total 4928K, used 72K [0x03e00000, 0x04350000, 0x09350000)
  eden space 4416K,   0% used [0x03e00000, 0x03e00000, 0x04250000)
  from space 512K,  14% used [0x042d0000, 0x042e22e8, 0x04350000)
  to   space 512K,   0% used [0x04250000, 0x04250000, 0x042d0000)
 tenured generation   total 10944K, used 7194K [0x09350000, 0x09e00000, 0x13e00000)
   the space 10944K,  65% used [0x09350000, 0x09a568b0, 0x09a56a00, 0x09e00000)
 Metaspace       used 1310K, capacity 2804K, committed 2880K, reserved 4480K
}
Event: 22.678 GC heap before
{Heap before GC invocations=5 (full 0):
 def new generation   total 4928K, used 4488K [0x03e00000, 0x04350000, 0x09350000)
  eden space 4416K, 100% used [0x03e00000, 0x04250000, 0x04250000)
  from space 512K,  14% used [0x042d0000, 0x042e22e8, 0x04350000)
  to   space 512K,   0% used [0x04250000, 0x04250000, 0x042d0000)
 tenured generation   total 10944K, used 7194K [0x09350000, 0x09e00000, 0x13e00000)
   the space 10944K,  65% used [0x09350000, 0x09a568b0, 0x09a56a00, 0x09e00000)
 Metaspace       used 2339K, capacity 3041K, committed 3136K, reserved 4480K
Event: 22.687 GC heap after
Heap after GC invocations=6 (full 0):
 def new generation   total 4928K, used 512K [0x03e00000, 0x04350000, 0x09350000)
  eden space 4416K,   0% used [0x03e00000, 0x03e00000, 0x04250000)
  from space 512K, 100% used [0x04250000, 0x042d0000, 0x042d0000)
  to   space 512K,   0% used [0x042d0000, 0x042d0000, 0x04350000)
 tenured generation   total 10944K, used 7829K [0x09350000, 0x09e00000, 0x13e00000)
   the space 10944K,  71% used [0x09350000, 0x09af54a8, 0x09af5600, 0x09e00000)
 Metaspace       used 2339K, capacity 3041K, committed 3136K, reserved 4480K
}
Event: 22.783 GC heap before
{Heap before GC invocations=6 (full 0):
 def new generation   total 4928K, used 4928K [0x03e00000, 0x04350000, 0x09350000)
  eden space 4416K, 100% used [0x03e00000, 0x04250000, 0x04250000)
  from space 512K, 100% used [0x04250000, 0x042d0000, 0x042d0000)
  to   space 512K,   0% used [0x042d0000, 0x042d0000, 0x04350000)
 tenured generation   total 10944K, used 7829K [0x09350000, 0x09e00000, 0x13e00000)
   the space 10944K,  71% used [0x09350000, 0x09af54a8, 0x09af5600, 0x09e00000)
 Metaspace       used 2407K, capacity 3090K, committed 3136K, reserved 4480K
Event: 22.790 GC heap after
Heap after GC invocations=7 (full 0):
 def new generation   total 4928K, used 512K [0x03e00000, 0x04350000, 0x09350000)
  eden space 4416K,   0% used [0x03e00000, 0x03e00000, 0x04250000)
  from space 512K, 100% used [0x042d0000, 0x04350000, 0x04350000)
  to   space 512K,   0% used [0x04250000, 0x04250000, 0x042d0000)
 tenured generation   total 10944K, used 8458K [0x09350000, 0x09e00000, 0x13e00000)
   the space 10944K,  77% used [0x09350000, 0x09b92ba0, 0x09b92c00, 0x09e00000)
 Metaspace       used 2407K, capacity 3090K, committed 3136K, reserved 4480K
}
Event: 23.160 GC heap before
{Heap before GC invocations=7 (full 0):
 def new generation   total 4928K, used 4928K [0x03e00000, 0x04350000, 0x09350000)
  eden space 4416K, 100% used [0x03e00000, 0x04250000, 0x04250000)
  from space 512K, 100% used [0x042d0000, 0x04350000, 0x04350000)
  to   space 512K,   0% used [0x04250000, 0x04250000, 0x042d0000)
 tenured generation   total 10944K, used 8458K [0x09350000, 0x09e00000, 0x13e00000)
   the space 10944K,  77% used [0x09350000, 0x09b92ba0, 0x09b92c00, 0x09e00000)
 Metaspace       used 2705K, capacity 3317K, committed 3392K, reserved 4480K
Event: 23.170 GC heap after
Heap after GC invocations=8 (full 0):
 def new generation   total 4928K, used 512K [0x03e00000, 0x04350000, 0x09350000)
  eden space 4416K,   0% used [0x03e00000, 0x03e00000, 0x04250000)
  from space 512K, 100% used [0x04250000, 0x042d0000, 0x042d0000)
  to   space 512K,   0% used [0x042d0000, 0x042d0000, 0x04350000)
 tenured generation   total 10944K, used 9576K [0x09350000, 0x09e00000, 0x13e00000)
   the space 10944K,  87% used [0x09350000, 0x09caa298, 0x09caa400, 0x09e00000)
 Metaspace       used 2705K, capacity 3317K, committed 3392K, reserved 4480K
}
Event: 23.884 GC heap before
{Heap before GC invocations=8 (full 0):
 def new generation   total 4928K, used 4928K [0x03e00000, 0x04350000, 0x09350000)
  eden space 4416K, 100% used [0x03e00000, 0x04250000, 0x04250000)
  from space 512K, 100% used [0x04250000, 0x042d0000, 0x042d0000)
  to   space 512K,   0% used [0x042d0000, 0x042d0000, 0x04350000)
 tenured generation   total 10944K, used 9576K [0x09350000, 0x09e00000, 0x13e00000)
   the space 10944K,  87% used [0x09350000, 0x09caa298, 0x09caa400, 0x09e00000)
 Metaspace       used 3356K, capacity 3802K, committed 3904K, reserved 4480K
Event: 23.890 GC heap after
Heap after GC invocations=9 (full 0):
 def new generation   total 4928K, used 512K [0x03e00000, 0x04350000, 0x09350000)
  eden space 4416K,   0% used [0x03e00000, 0x03e00000, 0x04250000)
  from space 512K, 100% used [0x042d0000, 0x04350000, 0x04350000)
  to   space 512K,   0% used [0x04250000, 0x04250000, 0x042d0000)
 tenured generation   total 10944K, used 10376K [0x09350000, 0x09e00000, 0x13e00000)
   the space 10944K,  94% used [0x09350000, 0x09d72048, 0x09d72200, 0x09e00000)
 Metaspace       used 3356K, capacity 3802K, committed 3904K, reserved 4480K
}

