# JRE version: Java(TM) SE Runtime Environment (8.0_181-b13) (build 1.8.0_181-b13)
# Java VM: Java HotSpot(TM) Client VM (25.181-b13 mixed mode, sharing windows-x86 )
Heap:
 def new generation   total 8256K, used 2730K [0x03e00000, 0x046f0000, 0x09350000)
  eden space 7360K,  24% used [0x03e00000, 0x03fcabc8, 0x04530000)
  from space 896K, 100% used [0x04610000, 0x046f0000, 0x046f0000)
  to   space 896K,   0% used [0x04530000, 0x04530000, 0x04610000)
 tenured generation   total 18204K, used 11824K [0x09350000, 0x0a517000, 0x13e00000)
   the space 18204K,  64% used [0x09350000, 0x09edc070, 0x09edc200, 0x0a517000)
 Metaspace       used 3923K, capacity 4163K, committed 4288K, reserved 4480K
GC Heap History (10 events):
Event: 6.384 GC heap before
{Heap before GC invocations=6 (full 0):
 def new generation   total 4928K, used 4928K [0x03e00000, 0x04350000, 0x09350000)
  eden space 4416K, 100% used [0x03e00000, 0x04250000, 0x04250000)
  from space 512K, 100% used [0x04250000, 0x042d0000, 0x042d0000)
  to   space 512K,   0% used [0x042d0000, 0x042d0000, 0x04350000)
 tenured generation   total 10944K, used 7601K [0x09350000, 0x09e00000, 0x13e00000)
   the space 10944K,  69% used [0x09350000, 0x09abc750, 0x09abc800, 0x09e00000)
 Metaspace       used 2350K, capacity 3115K, committed 3136K, reserved 4480K
Event: 6.391 GC heap after
Heap after GC invocations=7 (full 0):
 def new generation   total 4928K, used 512K [0x03e00000, 0x04350000, 0x09350000)
  eden space 4416K,   0% used [0x03e00000, 0x03e00000, 0x04250000)
  from space 512K, 100% used [0x042d0000, 0x04350000, 0x04350000)
  to   space 512K,   0% used [0x04250000, 0x04250000, 0x042d0000)
 tenured generation   total 10944K, used 8223K [0x09350000, 0x09e00000, 0x13e00000)
   the space 10944K,  75% used [0x09350000, 0x09b57db8, 0x09b57e00, 0x09e00000)
 Metaspace       used 2350K, capacity 3115K, committed 3136K, reserved 4480K
}
Event: 6.534 GC heap before
{Heap before GC invocations=7 (full 0):
 def new generation   total 4928K, used 4928K [0x03e00000, 0x04350000, 0x09350000)
  eden space 4416K, 100% used [0x03e00000, 0x04250000, 0x04250000)
  from space 512K, 100% used [0x042d0000, 0x04350000, 0x04350000)
  to   space 512K,   0% used [0x04250000, 0x04250000, 0x042d0000)
 tenured generation   total 10944K, used 8223K [0x09350000, 0x09e00000, 0x13e00000)
   the space 10944K,  75% used [0x09350000, 0x09b57db8, 0x09b57e00, 0x09e00000)
 Metaspace       used 2698K, capacity 3342K, committed 3392K, reserved 4480K
Event: 6.544 GC heap after
Heap after GC invocations=8 (full 0):
 def new generation   total 4928K, used 512K [0x03e00000, 0x04350000, 0x09350000)
  eden space 4416K,   0% used [0x03e00000, 0x03e00000, 0x04250000)
  from space 512K, 100% used [0x04250000, 0x042d0000, 0x042d0000)
  to   space 512K,   0% used [0x042d0000, 0x042d0000, 0x04350000)
 tenured generation   total 10944K, used 9359K [0x09350000, 0x09e00000, 0x13e00000)
   the space 10944K,  85% used [0x09350000, 0x09c73d20, 0x09c73e00, 0x09e00000)
 Metaspace       used 2698K, capacity 3342K, committed 3392K, reserved 4480K
}
Event: 6.722 GC heap before
{Heap before GC invocations=8 (full 0):
 def new generation   total 4928K, used 4928K [0x03e00000, 0x04350000, 0x09350000)
  eden space 4416K, 100% used [0x03e00000, 0x04250000, 0x04250000)
  from space 512K, 100% used [0x04250000, 0x042d0000, 0x042d0000)
  to   space 512K,   0% used [0x042d0000, 0x042d0000, 0x04350000)
 tenured generation   total 10944K, used 9359K [0x09350000, 0x09e00000, 0x13e00000)
   the space 10944K,  85% used [0x09350000, 0x09c73d20, 0x09c73e00, 0x09e00000)
 Metaspace       used 3356K, capacity 3795K, committed 3904K, reserved 4480K
Event: 6.728 GC heap after
Heap after GC invocations=9 (full 0):
 def new generation   total 4928K, used 512K [0x03e00000, 0x04350000, 0x09350000)
  eden space 4416K,   0% used [0x03e00000, 0x03e00000, 0x04250000)
  from space 512K, 100% used [0x042d0000, 0x04350000, 0x04350000)
  to   space 512K,   0% used [0x04250000, 0x04250000, 0x042d0000)
 tenured generation   total 10944K, used 10150K [0x09350000, 0x09e00000, 0x13e00000)
   the space 10944K,  92% used [0x09350000, 0x09d39b98, 0x09d39c00, 0x09e00000)
 Metaspace       used 3356K, capacity 3795K, committed 3904K, reserved 4480K
}
Event: 23.370 GC heap before
{Heap before GC invocations=9 (full 0):
 def new generation   total 4928K, used 4813K [0x03e00000, 0x04350000, 0x09350000)
  eden space 4416K,  97% used [0x03e00000, 0x042336e8, 0x04250000)
  from space 512K, 100% used [0x042d0000, 0x04350000, 0x04350000)
  to   space 512K,   0% used [0x04250000, 0x04250000, 0x042d0000)
 tenured generation   total 10944K, used 10150K [0x09350000, 0x09e00000, 0x13e00000)
   the space 10944K,  92% used [0x09350000, 0x09d39b98, 0x09d39c00, 0x09e00000)
 Metaspace       used 3878K, capacity 4103K, committed 4160K, reserved 4480K
Event: 23.436 GC heap after
Heap after GC invocations=10 (full 1):
 def new generation   total 8256K, used 439K [0x03e00000, 0x046f0000, 0x09350000)
  eden space 7360K,   5% used [0x03e00000, 0x03e6dd60, 0x04530000)
  from space 896K,   0% used [0x04530000, 0x04530000, 0x04610000)
  to   space 896K,   0% used [0x04610000, 0x04610000, 0x046f0000)
 tenured generation   total 18204K, used 10920K [0x09350000, 0x0a517000, 0x13e00000)
   the space 18204K,  59% used [0x09350000, 0x09dfa3b0, 0x09dfa400, 0x0a517000)
 Metaspace       used 3855K, capacity 4065K, committed 4160K, reserved 4480K
}
Event: 167.776 GC heap before
{Heap before GC invocations=10 (full 1):
 def new generation   total 8256K, used 7285K [0x03e00000, 0x046f0000, 0x09350000)
  eden space 7360K,  98% used [0x03e00000, 0x0451d750, 0x04530000)
  from space 896K,   0% used [0x04530000, 0x04530000, 0x04610000)
  to   space 896K,   0% used [0x04610000, 0x04610000, 0x046f0000)
 tenured generation   total 18204K, used 10920K [0x09350000, 0x0a517000, 0x13e00000)
   the space 18204K,  59% used [0x09350000, 0x09dfa3b0, 0x09dfa400, 0x0a517000)
 Metaspace       used 3923K, capacity 4163K, committed 4288K, reserved 4480K
Event: 167.811 GC heap after
Heap after GC invocations=11 (full 1):
 def new generation   total 8256K, used 896K [0x03e00000, 0x046f0000, 0x09350000)
  eden space 7360K,   0% used [0x03e00000, 0x03e00000, 0x04530000)
  from space 896K, 100% used [0x04610000, 0x046f0000, 0x046f0000)
  to   space 896K,   0% used [0x04530000, 0x04530000, 0x04610000)
 tenured generation   total 18204K, used 11824K [0x09350000, 0x0a517000, 0x13e00000)
   the space 18204K,  64% used [0x09350000, 0x09edc070, 0x09edc200, 0x0a517000)
 Metaspace       used 3923K, capacity 4163K, committed 4288K, reserved 4480K
}

