# JRE version: Java(TM) SE Runtime Environment (8.0_181-b13) (build 1.8.0_181-b13)
# Java VM: Java HotSpot(TM) Client VM (25.181-b13 mixed mode, sharing windows-x86 )
Heap:
 def new generation   total 8256K, used 2700K [0x03e00000, 0x046f0000, 0x09350000)
  eden space 7360K,  36% used [0x03e00000, 0x040a30d0, 0x04530000)
  from space 896K,   0% used [0x04530000, 0x04530000, 0x04610000)
  to   space 896K,   0% used [0x04610000, 0x04610000, 0x046f0000)
 tenured generation   total 18216K, used 10927K [0x09350000, 0x0a51a000, 0x13e00000)
   the space 18216K,  59% used [0x09350000, 0x09dfbfb0, 0x09dfc000, 0x0a51a000)
 Metaspace       used 3923K, capacity 4163K, committed 4288K, reserved 4480K
GC Heap History (10 events):
Event: 5.279 GC heap before
{Heap before GC invocations=5 (full 0):
 def new generation   total 4928K, used 4585K [0x03e00000, 0x04350000, 0x09350000)
  eden space 4416K, 100% used [0x03e00000, 0x04250000, 0x04250000)
  from space 512K,  33% used [0x042d0000, 0x042fa760, 0x04350000)
  to   space 512K,   0% used [0x04250000, 0x04250000, 0x042d0000)
 tenured generation   total 10944K, used 6869K [0x09350000, 0x09e00000, 0x13e00000)
   the space 10944K,  62% used [0x09350000, 0x09a054e0, 0x09a05600, 0x09e00000)
 Metaspace       used 2281K, capacity 3066K, committed 3136K, reserved 4480K
Event: 5.288 GC heap after
Heap after GC invocations=6 (full 0):
 def new generation   total 4928K, used 512K [0x03e00000, 0x04350000, 0x09350000)
  eden space 4416K,   0% used [0x03e00000, 0x03e00000, 0x04250000)
  from space 512K, 100% used [0x04250000, 0x042d0000, 0x042d0000)
  to   space 512K,   0% used [0x042d0000, 0x042d0000, 0x04350000)
 tenured generation   total 10944K, used 7599K [0x09350000, 0x09e00000, 0x13e00000)
   the space 10944K,  69% used [0x09350000, 0x09abbd80, 0x09abbe00, 0x09e00000)
 Metaspace       used 2281K, capacity 3066K, committed 3136K, reserved 4480K
}
Event: 5.377 GC heap before
{Heap before GC invocations=6 (full 0):
 def new generation   total 4928K, used 4928K [0x03e00000, 0x04350000, 0x09350000)
  eden space 4416K, 100% used [0x03e00000, 0x04250000, 0x04250000)
  from space 512K, 100% used [0x04250000, 0x042d0000, 0x042d0000)
  to   space 512K,   0% used [0x042d0000, 0x042d0000, 0x04350000)
 tenured generation   total 10944K, used 7599K [0x09350000, 0x09e00000, 0x13e00000)
   the space 10944K,  69% used [0x09350000, 0x09abbd80, 0x09abbe00, 0x09e00000)
 Metaspace       used 2350K, capacity 3115K, committed 3136K, reserved 4480K
Event: 5.384 GC heap after
Heap after GC invocations=7 (full 0):
 def new generation   total 4928K, used 512K [0x03e00000, 0x04350000, 0x09350000)
  eden space 4416K,   0% used [0x03e00000, 0x03e00000, 0x04250000)
  from space 512K, 100% used [0x042d0000, 0x04350000, 0x04350000)
  to   space 512K,   0% used [0x04250000, 0x04250000, 0x042d0000)
 tenured generation   total 10944K, used 8224K [0x09350000, 0x09e00000, 0x13e00000)
   the space 10944K,  75% used [0x09350000, 0x09b58288, 0x09b58400, 0x09e00000)
 Metaspace       used 2350K, capacity 3115K, committed 3136K, reserved 4480K
}
Event: 5.523 GC heap before
{Heap before GC invocations=7 (full 0):
 def new generation   total 4928K, used 4928K [0x03e00000, 0x04350000, 0x09350000)
  eden space 4416K, 100% used [0x03e00000, 0x04250000, 0x04250000)
  from space 512K, 100% used [0x042d0000, 0x04350000, 0x04350000)
  to   space 512K,   0% used [0x04250000, 0x04250000, 0x042d0000)
 tenured generation   total 10944K, used 8224K [0x09350000, 0x09e00000, 0x13e00000)
   the space 10944K,  75% used [0x09350000, 0x09b58288, 0x09b58400, 0x09e00000)
 Metaspace       used 2698K, capacity 3342K, committed 3392K, reserved 4480K
Event: 5.532 GC heap after
Heap after GC invocations=8 (full 0):
 def new generation   total 4928K, used 512K [0x03e00000, 0x04350000, 0x09350000)
  eden space 4416K,   0% used [0x03e00000, 0x03e00000, 0x04250000)
  from space 512K, 100% used [0x04250000, 0x042d0000, 0x042d0000)
  to   space 512K,   0% used [0x042d0000, 0x042d0000, 0x04350000)
 tenured generation   total 10944K, used 9352K [0x09350000, 0x09e00000, 0x13e00000)
   the space 10944K,  85% used [0x09350000, 0x09c722c0, 0x09c72400, 0x09e00000)
 Metaspace       used 2698K, capacity 3342K, committed 3392K, reserved 4480K
}
Event: 5.712 GC heap before
{Heap before GC invocations=8 (full 0):
 def new generation   total 4928K, used 4928K [0x03e00000, 0x04350000, 0x09350000)
  eden space 4416K, 100% used [0x03e00000, 0x04250000, 0x04250000)
  from space 512K, 100% used [0x04250000, 0x042d0000, 0x042d0000)
  to   space 512K,   0% used [0x042d0000, 0x042d0000, 0x04350000)
 tenured generation   total 10944K, used 9352K [0x09350000, 0x09e00000, 0x13e00000)
   the space 10944K,  85% used [0x09350000, 0x09c722c0, 0x09c72400, 0x09e00000)
 Metaspace       used 3356K, capacity 3795K, committed 3904K, reserved 4480K
Event: 5.718 GC heap after
Heap after GC invocations=9 (full 0):
 def new generation   total 4928K, used 512K [0x03e00000, 0x04350000, 0x09350000)
  eden space 4416K,   0% used [0x03e00000, 0x03e00000, 0x04250000)
  from space 512K, 100% used [0x042d0000, 0x04350000, 0x04350000)
  to   space 512K,   0% used [0x04250000, 0x04250000, 0x042d0000)
 tenured generation   total 10944K, used 10148K [0x09350000, 0x09e00000, 0x13e00000)
   the space 10944K,  92% used [0x09350000, 0x09d393b0, 0x09d39400, 0x09e00000)
 Metaspace       used 3356K, capacity 3795K, committed 3904K, reserved 4480K
}
Event: 22.950 GC heap before
{Heap before GC invocations=9 (full 0):
 def new generation   total 4928K, used 4812K [0x03e00000, 0x04350000, 0x09350000)
  eden space 4416K,  97% used [0x03e00000, 0x04233278, 0x04250000)
  from space 512K, 100% used [0x042d0000, 0x04350000, 0x04350000)
  to   space 512K,   0% used [0x04250000, 0x04250000, 0x042d0000)
 tenured generation   total 10944K, used 10148K [0x09350000, 0x09e00000, 0x13e00000)
   the space 10944K,  92% used [0x09350000, 0x09d393b0, 0x09d39400, 0x09e00000)
 Metaspace       used 3885K, capacity 4135K, committed 4160K, reserved 4480K
Event: 23.005 GC heap after
Heap after GC invocations=10 (full 1):
 def new generation   total 8256K, used 438K [0x03e00000, 0x046f0000, 0x09350000)
  eden space 7360K,   5% used [0x03e00000, 0x03e6db08, 0x04530000)
  from space 896K,   0% used [0x04530000, 0x04530000, 0x04610000)
  to   space 896K,   0% used [0x04610000, 0x04610000, 0x046f0000)
 tenured generation   total 18216K, used 10927K [0x09350000, 0x0a51a000, 0x13e00000)
   the space 18216K,  59% used [0x09350000, 0x09dfbfb0, 0x09dfc000, 0x0a51a000)
 Metaspace       used 3862K, capacity 4097K, committed 4160K, reserved 4480K
}

